2020-05-27 21:02:53,102 Processing Image: 00006
2020-05-27 21:03:04,159 Passenger1
2020-05-27 21:03:04,160 
[[2.3220900e+02 2.6801825e+02 8.9887309e-01]
 [2.0204037e+02 3.1134644e+02 8.8202268e-01]
 [1.8700995e+02 3.1884845e+02 8.4410387e-01]
 [2.2097548e+02 3.8668802e+02 9.4528800e-01]
 [2.8126846e+02 3.9230899e+02 8.9224756e-01]
 [2.1899077e+02 3.0575995e+02 8.6297935e-01]
 [2.5111203e+02 3.5093405e+02 8.1849533e-01]
 [2.8691379e+02 3.7354907e+02 7.3621798e-01]
 [2.4163344e+02 3.9992474e+02 7.3927188e-01]
 [2.2844919e+02 4.0936911e+02 7.0079315e-01]
 [3.2268594e+02 4.2247064e+02 7.3111761e-01]
 [3.6408679e+02 5.2802197e+02 7.9609531e-01]
 [2.5483176e+02 3.9050183e+02 7.0958900e-01]
 [3.7917133e+02 4.6961078e+02 5.1378560e-01]
 [3.1509598e+02 4.6964932e+02 3.3827722e-01]
 [2.2470969e+02 2.6229108e+02 9.0961879e-01]
 [0.0000000e+00 0.0000000e+00 0.0000000e+00]
 [1.9643761e+02 2.6429037e+02 9.2471921e-01]
 [0.0000000e+00 0.0000000e+00 0.0000000e+00]
 [3.2829041e+02 4.8847336e+02 1.6123441e-01]
 [3.2641809e+02 4.8471988e+02 1.8954627e-01]
 [3.0945880e+02 4.7522986e+02 2.9069984e-01]
 [4.1493054e+02 5.2994214e+02 7.6580942e-01]
 [4.0554117e+02 5.3738983e+02 7.4442017e-01]
 [3.5661575e+02 5.3937933e+02 7.3468608e-01]]
2020-05-27 21:03:04,189 {<Pose.UNKNOWN: 0>: 1.0067608258168548e-07, <Pose.SITTING: 1>: 0.9999972581863403, <Pose.STANDING: 2>: 2.6389011509309057e-06}
2020-05-27 21:03:04,189 Passenger 1: SITTING

2020-05-27 21:03:04,189 Passenger2
2020-05-27 21:03:04,189 
[[369.77765    188.88634      0.9377985 ]
 [371.65228    207.69359      0.8586379 ]
 [360.3313     207.76242      0.8048217 ]
 [  0.           0.           0.        ]
 [  0.           0.           0.        ]
 [390.4821     205.90804      0.9349556 ]
 [394.24518    232.2345       0.82927233]
 [381.06058    217.09512      0.6616115 ]
 [377.33334    252.96468      0.8512517 ]
 [369.77515    254.78389      0.8568493 ]
 [371.64856    296.31235      0.85040253]
 [377.31137    335.88995      0.7197091 ]
 [384.88702    252.95361      0.85927796]
 [386.6747     296.23367      0.87208766]
 [386.76013    335.8495       0.840535  ]
 [367.87384    186.93652      0.94609535]
 [373.52832    185.1818       0.92909354]
 [364.00964    188.83575      0.6668778 ]
 [381.0366     187.03696      0.519007  ]
 [396.12222    347.13837      0.5994882 ]
 [396.13965    341.57303      0.6019147 ]
 [386.76868    339.61115      0.5453557 ]
 [384.78345    347.1716       0.5145265 ]
 [381.02423    349.0139       0.48528856]
 [379.14966    339.64185      0.5665987 ]]
2020-05-27 21:03:04,220 {<Pose.UNKNOWN: 0>: 7.138066138168142e-09, <Pose.SITTING: 1>: 4.774874184931832e-08, <Pose.STANDING: 2>: 1.0}
2020-05-27 21:03:04,220 Passenger 2: STANDING

2020-05-27 21:03:04,220 Passenger3
2020-05-27 21:03:04,221 
[[4.3004074e+02 1.8894395e+02 8.2956994e-01]
 [4.1319223e+02 2.0776550e+02 8.4866226e-01]
 [4.1874060e+02 2.0773773e+02 8.9396977e-01]
 [4.2629230e+02 2.4351587e+02 9.4191897e-01]
 [4.4511856e+02 2.6431177e+02 9.6271890e-01]
 [0.0000000e+00 0.0000000e+00 0.0000000e+00]
 [0.0000000e+00 0.0000000e+00 0.0000000e+00]
 [0.0000000e+00 0.0000000e+00 0.0000000e+00]
 [4.1877567e+02 2.6618582e+02 8.0607283e-01]
 [4.2815976e+02 2.6618039e+02 8.6199909e-01]
 [4.3574179e+02 3.2079102e+02 9.2445338e-01]
 [4.3011133e+02 3.6969809e+02 9.2705452e-01]
 [4.1115588e+02 2.6617911e+02 7.5508022e-01]
 [4.1681186e+02 3.2264062e+02 9.1266221e-01]
 [4.1693051e+02 3.6786185e+02 9.3363714e-01]
 [4.2816388e+02 1.8699178e+02 8.3803236e-01]
 [4.3193378e+02 1.8700163e+02 1.5892413e-01]
 [4.1871756e+02 1.8699252e+02 8.9409119e-01]
 [0.0000000e+00 0.0000000e+00 0.0000000e+00]
 [0.0000000e+00 0.0000000e+00 0.0000000e+00]
 [0.0000000e+00 0.0000000e+00 0.0000000e+00]
 [4.1491730e+02 3.7161292e+02 7.4459267e-01]
 [4.4136633e+02 3.7916455e+02 4.9773514e-01]
 [4.4132294e+02 3.7920596e+02 5.4722583e-01]
 [4.2813959e+02 3.7354437e+02 8.2616055e-01]]
2020-05-27 21:03:04,249 {<Pose.UNKNOWN: 0>: 5.340080377891354e-09, <Pose.SITTING: 1>: 2.4703398437964097e-08, <Pose.STANDING: 2>: 1.0}
2020-05-27 21:03:04,249 Passenger 3: STANDING

2020-05-27 21:03:04,249 Passenger4
2020-05-27 21:03:04,250 
[[6.1847296e+02 1.7387677e+02 9.4314790e-01]
 [6.2401337e+02 2.0016864e+02 9.4276828e-01]
 [6.0709802e+02 2.0017564e+02 9.2966682e-01]
 [5.9386804e+02 2.2467010e+02 9.2831850e-01]
 [6.1843805e+02 2.2472852e+02 8.3694959e-01]
 [6.4482452e+02 2.0398398e+02 8.7712830e-01]
 [6.3160382e+02 2.2466397e+02 8.3715379e-01]
 [6.4674377e+02 1.9831139e+02 8.6741734e-01]
 [6.1465308e+02 2.5294997e+02 8.6652470e-01]
 [6.0521497e+02 2.5111940e+02 8.6545652e-01]
 [5.9961487e+02 2.9433508e+02 6.1229408e-01]
 [5.9576276e+02 3.6794504e+02 5.1664233e-01]
 [6.2591211e+02 2.5482106e+02 8.4913778e-01]
 [6.1847339e+02 2.9628387e+02 6.6064525e-01]
 [6.1656439e+02 4.1686102e+02 5.1446933e-01]
 [6.1463031e+02 1.7192305e+02 9.3205637e-01]
 [6.2405414e+02 1.7011203e+02 9.5692754e-01]
 [6.1089368e+02 1.7568874e+02 3.8824406e-01]
 [6.3160608e+02 1.7378009e+02 8.3225101e-01]
 [5.9777985e+02 4.3379880e+02 6.3432246e-01]
 [6.0716693e+02 4.3940314e+02 6.4734721e-01]
 [6.3732129e+02 4.3383575e+02 5.0764465e-01]
 [5.7131244e+02 3.6594186e+02 4.8725894e-01]
 [5.7322858e+02 3.6408942e+02 4.6658438e-01]
 [5.9585211e+02 3.6978915e+02 3.7651721e-01]]
2020-05-27 21:03:04,277 {<Pose.UNKNOWN: 0>: 2.1656435933437024e-07, <Pose.SITTING: 1>: 0.9999855756759644, <Pose.STANDING: 2>: 1.4219348486221861e-05}
2020-05-27 21:03:04,277 Passenger 4: SITTING

2020-05-27 21:03:04,277 Passenger5
2020-05-27 21:03:04,278 
[[0.0000000e+00 0.0000000e+00 0.0000000e+00]
 [6.7870093e+02 2.1523753e+02 8.7713993e-01]
 [6.9761316e+02 2.1343192e+02 7.6995766e-01]
 [0.0000000e+00 0.0000000e+00 0.0000000e+00]
 [0.0000000e+00 0.0000000e+00 0.0000000e+00]
 [0.0000000e+00 0.0000000e+00 0.0000000e+00]
 [0.0000000e+00 0.0000000e+00 0.0000000e+00]
 [0.0000000e+00 0.0000000e+00 0.0000000e+00]
 [6.7867554e+02 2.7557483e+02 6.1618364e-01]
 [6.8812909e+02 2.7555667e+02 6.4345539e-01]
 [0.0000000e+00 0.0000000e+00 0.0000000e+00]
 [0.0000000e+00 0.0000000e+00 0.0000000e+00]
 [6.6555298e+02 2.7739374e+02 5.1938444e-01]
 [5.6948749e+02 2.8496994e+02 1.1713471e-01]
 [0.0000000e+00 0.0000000e+00 0.0000000e+00]
 [0.0000000e+00 0.0000000e+00 0.0000000e+00]
 [0.0000000e+00 0.0000000e+00 0.0000000e+00]
 [6.9195679e+02 1.8883867e+02 3.7236920e-01]
 [0.0000000e+00 0.0000000e+00 0.0000000e+00]
 [0.0000000e+00 0.0000000e+00 0.0000000e+00]
 [0.0000000e+00 0.0000000e+00 0.0000000e+00]
 [0.0000000e+00 0.0000000e+00 0.0000000e+00]
 [0.0000000e+00 0.0000000e+00 0.0000000e+00]
 [0.0000000e+00 0.0000000e+00 0.0000000e+00]
 [0.0000000e+00 0.0000000e+00 0.0000000e+00]]
2020-05-27 21:03:04,305 {<Pose.UNKNOWN: 0>: 1.0, <Pose.SITTING: 1>: 2.488197539662838e-18, <Pose.STANDING: 2>: 1.961051950032577e-15}
2020-05-27 21:03:04,305 Passenger 5: UNKNOWN

2020-05-27 21:03:04,305 Passenger6
2020-05-27 21:03:04,308 
[[6.3539929e+02 2.8127100e+02 9.3218392e-01]
 [6.7124274e+02 2.8687402e+02 9.0639669e-01]
 [6.6180634e+02 2.8500858e+02 7.9947835e-01]
 [6.4294568e+02 3.2455389e+02 8.0454481e-01]
 [6.3729889e+02 3.0190079e+02 8.4001648e-01]
 [6.8434296e+02 2.8870673e+02 9.4939154e-01]
 [6.7498444e+02 3.4156082e+02 7.1680182e-01]
 [6.2786847e+02 3.3774557e+02 8.1970453e-01]
 [6.9758386e+02 3.5091281e+02 6.6922021e-01]
 [6.8626782e+02 3.4343011e+02 6.8370074e-01]
 [6.4861414e+02 3.6598581e+02 5.3280318e-01]
 [0.0000000e+00 0.0000000e+00 0.0000000e+00]
 [7.1073828e+02 3.5657034e+02 6.7190677e-01]
 [6.4668378e+02 3.6405270e+02 6.2466729e-01]
 [5.9589233e+02 3.6782907e+02 2.0944759e-01]
 [6.3163135e+02 2.7552307e+02 1.1392258e-01]
 [6.3921838e+02 2.7740887e+02 1.0113245e+00]
 [0.0000000e+00 0.0000000e+00 0.0000000e+00]
 [6.5614734e+02 2.7179568e+02 9.4992524e-01]
 [5.7138434e+02 3.6593057e+02 2.6734626e-01]
 [5.7887311e+02 3.6789389e+02 2.4282287e-01]
 [5.9403088e+02 3.6975378e+02 2.2052127e-01]
 [0.0000000e+00 0.0000000e+00 0.0000000e+00]
 [0.0000000e+00 0.0000000e+00 0.0000000e+00]
 [0.0000000e+00 0.0000000e+00 0.0000000e+00]]
2020-05-27 21:03:04,334 {<Pose.UNKNOWN: 0>: 1.4356033722906503e-12, <Pose.SITTING: 1>: 1.0, <Pose.STANDING: 2>: 1.3324926717572794e-09}
2020-05-27 21:03:04,334 Passenger 6: SITTING

2020-05-27 21:03:04,334 Passenger7
2020-05-27 21:03:04,335 
[[7.4459607e+02 2.7744537e+02 6.6834068e-01]
 [7.7856555e+02 3.1134494e+02 8.8338906e-01]
 [7.5973138e+02 3.0380124e+02 8.8021290e-01]
 [7.2774542e+02 3.5653494e+02 8.4491622e-01]
 [6.9941730e+02 4.0743124e+02 8.9270693e-01]
 [7.9558197e+02 3.2072922e+02 8.4447873e-01]
 [7.6357202e+02 3.9618436e+02 8.8527131e-01]
 [6.9950775e+02 3.9618295e+02 8.3187383e-01]
 [7.4465747e+02 4.2623663e+02 6.3553506e-01]
 [7.3147711e+02 4.1312885e+02 5.9800261e-01]
 [6.6368750e+02 4.3754941e+02 8.1690907e-01]
 [6.9193799e+02 5.2988971e+02 6.2529612e-01]
 [7.5412250e+02 4.3571738e+02 6.4573878e-01]
 [6.7312390e+02 4.9789014e+02 7.2644144e-01]
 [5.9770709e+02 5.6002740e+02 7.9620147e-01]
 [0.0000000e+00 0.0000000e+00 0.0000000e+00]
 [7.4473969e+02 2.6995001e+02 7.6196110e-01]
 [0.0000000e+00 0.0000000e+00 0.0000000e+00]
 [7.6536078e+02 2.6804800e+02 8.9689183e-01]
 [5.4311304e+02 5.6195105e+02 8.0104369e-01]
 [5.5443750e+02 5.6944128e+02 7.8333175e-01]
 [5.9965527e+02 5.7138617e+02 6.0662544e-01]
 [6.6929083e+02 5.4496753e+02 4.9736336e-01]
 [6.7121771e+02 5.4117609e+02 4.2444980e-01]
 [7.0514764e+02 5.3368640e+02 5.8254582e-01]]
2020-05-27 21:03:04,361 {<Pose.UNKNOWN: 0>: 1.0475662293174537e-07, <Pose.SITTING: 1>: 0.9999967813491821, <Pose.STANDING: 2>: 3.1481642963626655e-06}
2020-05-27 21:03:04,361 Passenger 7: SITTING

2020-05-27 21:03:04,361 Passenger8
2020-05-27 21:03:04,362 
[[2.7749588e+02 2.7753223e+02 8.8693714e-01]
 [2.4540189e+02 2.9629391e+02 8.9527345e-01]
 [2.3416992e+02 3.0192828e+02 8.6059058e-01]
 [2.5290244e+02 3.4904984e+02 3.6163884e-01]
 [0.0000000e+00 0.0000000e+00 0.0000000e+00]
 [2.5854117e+02 2.9060831e+02 8.4417093e-01]
 [0.0000000e+00 0.0000000e+00 0.0000000e+00]
 [0.0000000e+00 0.0000000e+00 0.0000000e+00]
 [2.8123734e+02 3.6406210e+02 7.5157523e-01]
 [2.7744022e+02 3.6977637e+02 7.0889252e-01]
 [3.4151935e+02 3.7166772e+02 5.2400780e-01]
 [3.0570932e+02 4.7341769e+02 2.5692767e-01]
 [2.8498950e+02 3.5659454e+02 7.1315074e-01]
 [3.6221753e+02 3.6600458e+02 7.4621707e-01]
 [4.0739462e+02 4.2626526e+02 7.5479382e-01]
 [2.7371109e+02 2.7558969e+02 8.7961400e-01]
 [0.0000000e+00 0.0000000e+00 0.0000000e+00]
 [2.5488174e+02 2.7546017e+02 8.1365746e-01]
 [0.0000000e+00 0.0000000e+00 0.0000000e+00]
 [4.4135690e+02 4.1311319e+02 7.2261941e-01]
 [4.3573749e+02 4.1119586e+02 6.5192997e-01]
 [4.0553152e+02 4.3944736e+02 6.1372912e-01]
 [3.1513266e+02 4.8469495e+02 1.4515507e-01]
 [3.1510852e+02 4.8838550e+02 1.5088055e-01]
 [3.0383740e+02 4.7713513e+02 2.4010921e-01]]
2020-05-27 21:03:04,390 {<Pose.UNKNOWN: 0>: 2.5696891725601745e-08, <Pose.SITTING: 1>: 0.9999966621398926, <Pose.STANDING: 2>: 3.286538458269206e-06}
2020-05-27 21:03:04,390 Passenger 8: SITTING

2020-05-27 21:03:04,390 Passenger9
2020-05-27 21:03:04,391 
[[1.3424701e+02 3.0571960e+02 7.8391075e-01]
 [7.9622330e+01 3.6031219e+02 6.9060826e-01]
 [6.6393639e+01 3.7159906e+02 7.5584555e-01]
 [1.7191982e+02 4.3196082e+02 8.3812147e-01]
 [1.7388020e+02 4.0748508e+02 6.6397917e-01]
 [9.8453522e+01 3.4902328e+02 4.8647678e-01]
 [1.8695695e+02 3.9806396e+02 7.2717965e-01]
 [1.6060626e+02 3.3394913e+02 8.1690764e-01]
 [1.4747263e+02 4.8653061e+02 5.6267297e-01]
 [1.3234756e+02 5.0168018e+02 5.0819391e-01]
 [2.5479358e+02 5.3183374e+02 8.5760176e-01]
 [3.1515842e+02 6.3730670e+02 7.0165783e-01]
 [1.6625331e+02 4.6772437e+02 5.2894300e-01]
 [2.7930704e+02 4.9407913e+02 7.7448034e-01]
 [3.4149625e+02 6.1279041e+02 7.6714492e-01]
 [1.2289805e+02 2.9822626e+02 8.1206787e-01]
 [1.3607619e+02 2.9444342e+02 1.2781855e-01]
 [8.1575447e+01 3.0944965e+02 9.1415137e-01]
 [0.0000000e+00 0.0000000e+00 0.0000000e+00]
 [3.9428302e+02 6.1654156e+02 6.1073267e-01]
 [3.9235260e+02 6.1094452e+02 6.5226990e-01]
 [3.3962823e+02 6.2791290e+02 6.5904963e-01]
 [3.4344141e+02 6.4299292e+02 4.2848957e-01]
 [3.3212463e+02 6.5230151e+02 3.8562316e-01]
 [3.1885947e+02 6.4668054e+02 5.3848851e-01]]
2020-05-27 21:03:04,422 {<Pose.UNKNOWN: 0>: 3.21758818699891e-07, <Pose.SITTING: 1>: 0.999990701675415, <Pose.STANDING: 2>: 8.957118552643806e-06}
2020-05-27 21:03:04,422 Passenger 9: SITTING

2020-05-27 21:03:04,422 Passenger10
2020-05-27 21:03:04,423 
[[9.1046686e+02 3.1892731e+02 9.4568914e-01]
 [9.4435608e+02 3.5467154e+02 7.5599122e-01]
 [9.1237958e+02 3.3768643e+02 5.7815367e-01]
 [8.8222607e+02 3.9804694e+02 3.0846870e-01]
 [8.6142993e+02 3.6780682e+02 7.1244490e-01]
 [9.7266064e+02 3.6980191e+02 7.6317191e-01]
 [8.9912231e+02 4.4516898e+02 8.4327227e-01]
 [8.3321063e+02 3.7917361e+02 8.8430691e-01]
 [8.5206476e+02 4.7337775e+02 5.1579845e-01]
 [8.3319055e+02 4.5641107e+02 5.1251644e-01]
 [7.1834875e+02 4.9980182e+02 8.0606920e-01]
 [7.7292139e+02 5.8833527e+02 6.8209255e-01]
 [8.7274640e+02 4.8847421e+02 5.1419371e-01]
 [7.6919910e+02 5.5057532e+02 7.9310834e-01]
 [7.5407306e+02 6.0524493e+02 6.7789662e-01]
 [9.0673828e+02 3.0574905e+02 9.3326563e-01]
 [9.2361383e+02 3.0951526e+02 9.1074991e-01]
 [0.0000000e+00 0.0000000e+00 0.0000000e+00]
 [9.5569336e+02 3.0953317e+02 8.6884707e-01]
 [7.1268262e+02 5.9583435e+02 6.9668180e-01]
 [7.1831433e+02 6.0523492e+02 6.3123035e-01]
 [7.6542065e+02 6.1286053e+02 3.9739504e-01]
 [7.3147937e+02 5.8452441e+02 2.8647912e-01]
 [7.3341931e+02 5.8264124e+02 2.6701126e-01]
 [7.9181470e+02 5.9397864e+02 4.7826013e-01]]
2020-05-27 21:03:04,451 {<Pose.UNKNOWN: 0>: 5.011517867359316e-10, <Pose.SITTING: 1>: 1.0, <Pose.STANDING: 2>: 2.8427526999053043e-08}
2020-05-27 21:03:04,451 Passenger 10: SITTING

2020-05-27 21:03:04,451 Passenger11
2020-05-27 21:03:04,452 
[[3.3968347e+02 1.8324681e+02 7.3450488e-01]
 [3.1324164e+02 2.1148705e+02 7.9003161e-01]
 [3.2443668e+02 2.1151355e+02 8.6142766e-01]
 [3.4713013e+02 2.4356360e+02 8.0692977e-01]
 [3.5658154e+02 2.1529584e+02 6.6951513e-01]
 [3.0574005e+02 2.0958902e+02 7.1501243e-01]
 [0.0000000e+00 0.0000000e+00 0.0000000e+00]
 [0.0000000e+00 0.0000000e+00 0.0000000e+00]
 [3.1888306e+02 2.7747946e+02 4.1149765e-01]
 [3.2645190e+02 2.8121417e+02 6.3851494e-01]
 [3.6411639e+02 3.5848499e+02 5.2765286e-01]
 [3.7159708e+02 3.8091669e+02 6.9775142e-02]
 [3.0948679e+02 2.7558350e+02 2.5445133e-01]
 [0.0000000e+00 0.0000000e+00 0.0000000e+00]
 [0.0000000e+00 0.0000000e+00 0.0000000e+00]
 [3.3963718e+02 1.7763168e+02 8.0020845e-01]
 [0.0000000e+00 0.0000000e+00 0.0000000e+00]
 [3.2646793e+02 1.8137723e+02 7.8477687e-01]
 [0.0000000e+00 0.0000000e+00 0.0000000e+00]
 [0.0000000e+00 0.0000000e+00 0.0000000e+00]
 [0.0000000e+00 0.0000000e+00 0.0000000e+00]
 [0.0000000e+00 0.0000000e+00 0.0000000e+00]
 [0.0000000e+00 0.0000000e+00 0.0000000e+00]
 [0.0000000e+00 0.0000000e+00 0.0000000e+00]
 [0.0000000e+00 0.0000000e+00 0.0000000e+00]]
2020-05-27 21:03:04,480 {<Pose.UNKNOWN: 0>: 1.0, <Pose.SITTING: 1>: 5.301181585717907e-13, <Pose.STANDING: 2>: 2.8925659090184297e-10}
2020-05-27 21:03:04,480 Passenger 11: UNKNOWN

2020-05-27 21:03:04,481 Passenger12
2020-05-27 21:03:04,481 
[[0.00000000e+00 0.00000000e+00 0.00000000e+00]
 [5.22321472e+02 2.24661942e+02 2.02200502e-01]
 [5.29891541e+02 2.24668564e+02 1.53093189e-01]
 [0.00000000e+00 0.00000000e+00 0.00000000e+00]
 [0.00000000e+00 0.00000000e+00 0.00000000e+00]
 [5.20498779e+02 2.22826782e+02 2.10758626e-01]
 [5.09182281e+02 2.37860886e+02 1.17998004e-01]
 [5.01567383e+02 2.30356033e+02 5.04422039e-02]
 [5.20424927e+02 2.73721863e+02 2.20049024e-01]
 [5.22379272e+02 2.75565216e+02 2.00970560e-01]
 [5.20466614e+02 3.22637146e+02 2.36889303e-01]
 [5.18690613e+02 3.67835358e+02 2.24652231e-01]
 [5.18577881e+02 2.75560577e+02 2.69620538e-01]
 [5.20430664e+02 3.22651093e+02 2.87327290e-01]
 [5.18655151e+02 3.67825043e+02 2.71382391e-01]
 [0.00000000e+00 0.00000000e+00 0.00000000e+00]
 [0.00000000e+00 0.00000000e+00 0.00000000e+00]
 [0.00000000e+00 0.00000000e+00 0.00000000e+00]
 [0.00000000e+00 0.00000000e+00 0.00000000e+00]
 [0.00000000e+00 0.00000000e+00 0.00000000e+00]
 [0.00000000e+00 0.00000000e+00 0.00000000e+00]
 [5.20454529e+02 3.71633392e+02 2.14926034e-01]
 [5.20484863e+02 3.75366913e+02 6.57830089e-02]
 [5.20486572e+02 3.71685486e+02 7.01605454e-02]
 [5.20451965e+02 3.69768005e+02 1.79447576e-01]]
2020-05-27 21:03:04,507 {<Pose.UNKNOWN: 0>: 1.0, <Pose.SITTING: 1>: 6.576850609257834e-12, <Pose.STANDING: 2>: 1.8619585873125288e-09}
2020-05-27 21:03:04,507 Passenger 12: UNKNOWN

2020-05-27 21:03:04,508 Passenger13
2020-05-27 21:03:04,508 
[[1.28564194e+02 1.26719147e+02 8.91387314e-02]
 [1.07875671e+02 1.41863739e+02 1.60742596e-01]
 [1.02229294e+02 1.43659866e+02 3.33736509e-01]
 [1.00348450e+02 1.73784927e+02 5.34257531e-01]
 [1.28579681e+02 1.68211212e+02 4.58928406e-01]
 [1.09806732e+02 1.41773438e+02 1.07749872e-01]
 [0.00000000e+00 0.00000000e+00 0.00000000e+00]
 [0.00000000e+00 0.00000000e+00 0.00000000e+00]
 [1.00369789e+02 2.05871536e+02 8.39576349e-02]
 [1.00354561e+02 2.05846542e+02 1.20945789e-01]
 [0.00000000e+00 0.00000000e+00 0.00000000e+00]
 [0.00000000e+00 0.00000000e+00 0.00000000e+00]
 [1.02235382e+02 2.03933441e+02 5.25587611e-02]
 [0.00000000e+00 0.00000000e+00 0.00000000e+00]
 [0.00000000e+00 0.00000000e+00 0.00000000e+00]
 [1.26682236e+02 1.22997688e+02 1.04667969e-01]
 [0.00000000e+00 0.00000000e+00 0.00000000e+00]
 [1.17349625e+02 1.22916649e+02 2.32503533e-01]
 [0.00000000e+00 0.00000000e+00 0.00000000e+00]
 [0.00000000e+00 0.00000000e+00 0.00000000e+00]
 [0.00000000e+00 0.00000000e+00 0.00000000e+00]
 [0.00000000e+00 0.00000000e+00 0.00000000e+00]
 [0.00000000e+00 0.00000000e+00 0.00000000e+00]
 [0.00000000e+00 0.00000000e+00 0.00000000e+00]
 [0.00000000e+00 0.00000000e+00 0.00000000e+00]]
2020-05-27 21:03:04,537 {<Pose.UNKNOWN: 0>: 1.0, <Pose.SITTING: 1>: 3.0358607951395497e-18, <Pose.STANDING: 2>: 2.084512931325522e-15}
2020-05-27 21:03:04,537 Passenger 13: UNKNOWN

2020-05-27 21:03:04,537 Passenger14
2020-05-27 21:03:04,538 
[[7.1448468e+02 2.7743954e+02 8.1518716e-01]
 [7.4086090e+02 2.9069308e+02 6.4530933e-01]
 [7.3144226e+02 2.9060199e+02 7.1954143e-01]
 [0.0000000e+00 0.0000000e+00 0.0000000e+00]
 [0.0000000e+00 0.0000000e+00 0.0000000e+00]
 [7.4849945e+02 2.9445688e+02 6.7955047e-01]
 [7.4281482e+02 3.4154251e+02 5.4263711e-01]
 [7.1070239e+02 3.2457678e+02 6.7453468e-01]
 [0.0000000e+00 0.0000000e+00 0.0000000e+00]
 [0.0000000e+00 0.0000000e+00 0.0000000e+00]
 [0.0000000e+00 0.0000000e+00 0.0000000e+00]
 [0.0000000e+00 0.0000000e+00 0.0000000e+00]
 [0.0000000e+00 0.0000000e+00 0.0000000e+00]
 [0.0000000e+00 0.0000000e+00 0.0000000e+00]
 [0.0000000e+00 0.0000000e+00 0.0000000e+00]
 [0.0000000e+00 0.0000000e+00 0.0000000e+00]
 [7.1632111e+02 2.7364499e+02 8.6023402e-01]
 [0.0000000e+00 0.0000000e+00 0.0000000e+00]
 [7.6536078e+02 2.6804800e+02 8.9689183e-01]
 [0.0000000e+00 0.0000000e+00 0.0000000e+00]
 [0.0000000e+00 0.0000000e+00 0.0000000e+00]
 [0.0000000e+00 0.0000000e+00 0.0000000e+00]
 [0.0000000e+00 0.0000000e+00 0.0000000e+00]
 [0.0000000e+00 0.0000000e+00 0.0000000e+00]
 [0.0000000e+00 0.0000000e+00 0.0000000e+00]]
2020-05-27 21:03:04,563 {<Pose.UNKNOWN: 0>: 1.0, <Pose.SITTING: 1>: 2.4082801051664865e-17, <Pose.STANDING: 2>: 9.829583571792713e-15}
2020-05-27 21:03:04,563 Passenger 14: UNKNOWN

2020-05-27 21:03:04,564 Passenger15
2020-05-27 21:03:04,564 
[[296.29208    241.63379      0.8940331 ]
 [275.51624    268.06406      0.58212966]
 [288.79593    269.85474      0.8281458 ]
 [315.1798     294.40903      0.84381145]
 [305.71237    267.99252      0.59420574]
 [  0.           0.           0.        ]
 [  0.           0.           0.        ]
 [  0.           0.           0.        ]
 [  0.           0.           0.        ]
 [  0.           0.           0.        ]
 [  0.           0.           0.        ]
 [  0.           0.           0.        ]
 [  0.           0.           0.        ]
 [  0.           0.           0.        ]
 [  0.           0.           0.        ]
 [288.80164    234.17458      0.96357644]
 [298.12363    234.1264       0.5078709 ]
 [269.88193    237.86734      0.74400777]
 [  0.           0.           0.        ]
 [  0.           0.           0.        ]
 [  0.           0.           0.        ]
 [  0.           0.           0.        ]
 [  0.           0.           0.        ]
 [  0.           0.           0.        ]
 [  0.           0.           0.        ]]
2020-05-27 21:03:04,594 {<Pose.UNKNOWN: 0>: 1.0, <Pose.SITTING: 1>: 7.609361840689635e-18, <Pose.STANDING: 2>: 3.757584267203478e-15}
2020-05-27 21:03:04,595 Passenger 15: UNKNOWN

2020-05-27 21:03:04,595 Passenger16
2020-05-27 21:03:04,596 
[[6.8821899e+02 2.3973341e+02 7.1821290e-01]
 [0.0000000e+00 0.0000000e+00 0.0000000e+00]
 [0.0000000e+00 0.0000000e+00 0.0000000e+00]
 [0.0000000e+00 0.0000000e+00 0.0000000e+00]
 [0.0000000e+00 0.0000000e+00 0.0000000e+00]
 [0.0000000e+00 0.0000000e+00 0.0000000e+00]
 [0.0000000e+00 0.0000000e+00 0.0000000e+00]
 [0.0000000e+00 0.0000000e+00 0.0000000e+00]
 [0.0000000e+00 0.0000000e+00 0.0000000e+00]
 [0.0000000e+00 0.0000000e+00 0.0000000e+00]
 [0.0000000e+00 0.0000000e+00 0.0000000e+00]
 [0.0000000e+00 0.0000000e+00 0.0000000e+00]
 [0.0000000e+00 0.0000000e+00 0.0000000e+00]
 [0.0000000e+00 0.0000000e+00 0.0000000e+00]
 [0.0000000e+00 0.0000000e+00 0.0000000e+00]
 [6.9191675e+02 2.3413205e+02 1.0693983e-01]
 [6.9379260e+02 2.3408852e+02 8.6600351e-01]
 [0.0000000e+00 0.0000000e+00 0.0000000e+00]
 [7.0701288e+02 2.3418129e+02 7.0264643e-01]
 [0.0000000e+00 0.0000000e+00 0.0000000e+00]
 [0.0000000e+00 0.0000000e+00 0.0000000e+00]
 [0.0000000e+00 0.0000000e+00 0.0000000e+00]
 [0.0000000e+00 0.0000000e+00 0.0000000e+00]
 [0.0000000e+00 0.0000000e+00 0.0000000e+00]
 [0.0000000e+00 0.0000000e+00 0.0000000e+00]]
2020-05-27 21:03:04,625 {<Pose.UNKNOWN: 0>: 1.0, <Pose.SITTING: 1>: 2.6143814605659645e-18, <Pose.STANDING: 2>: 1.6954017713455391e-15}
2020-05-27 21:03:04,625 Passenger 16: UNKNOWN

2020-05-27 21:03:04,641 C:\Users\User\OneDrive - Nanyang Technological University\Data Analytics\Human Activity Recognition\images\Subway\processed\20200527-210253-00006.jpg
2020-05-27 21:03:04,641 Successfully saved

