2020-05-18 20:23:44,922 Processing Image: 00004
2020-05-18 20:24:07,107 Passenger1
2020-05-18 20:24:07,108 
[[3.5931927e+02 1.4331590e+02 9.3555152e-01]
 [3.4645602e+02 1.9086266e+02 8.8812375e-01]
 [3.0438428e+02 1.9637469e+02 8.3112895e-01]
 [2.9885867e+02 2.5673978e+02 4.3229330e-01]
 [3.3177710e+02 2.9889221e+02 7.1807146e-01]
 [3.8861893e+02 1.8355617e+02 9.2837512e-01]
 [4.0323026e+02 2.4766093e+02 9.0018976e-01]
 [3.8861020e+02 2.7145081e+02 7.2262210e-01]
 [3.5197598e+02 2.9342880e+02 8.3830476e-01]
 [3.2637695e+02 2.9708383e+02 8.1692630e-01]
 [3.0258572e+02 3.6297247e+02 6.2909746e-01]
 [2.9885098e+02 4.4715109e+02 1.7382437e-01]
 [3.7573856e+02 2.9151559e+02 8.4823394e-01]
 [3.7397333e+02 3.3733081e+02 9.0983146e-01]
 [3.9950067e+02 4.5448013e+02 8.1464630e-01]
 [3.4830115e+02 1.3782901e+02 9.4348550e-01]
 [3.6293451e+02 1.3594072e+02 9.3316042e-01]
 [3.2627289e+02 1.4689977e+02 8.1794012e-01]
 [0.0000000e+00 0.0000000e+00 0.0000000e+00]
 [3.9406677e+02 4.8008255e+02 7.4829406e-01]
 [4.0689426e+02 4.7639856e+02 7.9355466e-01]
 [3.9952698e+02 4.6180017e+02 6.6594726e-01]
 [0.0000000e+00 0.0000000e+00 0.0000000e+00]
 [0.0000000e+00 0.0000000e+00 0.0000000e+00]
 [2.9886212e+02 4.5084015e+02 8.7884083e-02]]
2020-05-18 20:24:07,112 Scores:
2020-05-18 20:24:07,112 =======
2020-05-18 20:24:07,112 RBody_hip_score: 0.5691129477373509
2020-05-18 20:24:07,112 RKnee_hip_score: 0.8655312001191281
2020-05-18 20:24:07,112 RKnee_score: 0.4396551145286979
2020-05-18 20:24:07,112 LBody_hip_score: 0.13802236522527922
2020-05-18 20:24:07,112 LKnee_hip_score: 0.5823077429925935
2020-05-18 20:24:07,113 LKnee_score: 0.37156586286013554
2020-05-18 20:24:07,113 Right_score: 0.6849576156260762
2020-05-18 20:24:07,113 Left_score: 0.4185509285176504
2020-05-18 20:24:07,113 Passenger 1: SITTING

2020-05-18 20:24:07,113 Passenger2
2020-05-18 20:24:07,114 
[[2.0922931e+02 1.7806294e+02 9.2973334e-01]
 [2.2201195e+02 2.2934290e+02 8.8567072e-01]
 [1.5425117e+02 2.3297382e+02 8.1526983e-01]
 [1.3042291e+02 3.3910043e+02 8.0064368e-01]
 [1.4329123e+02 3.3185297e+02 6.7433923e-01]
 [2.8977228e+02 2.2566943e+02 8.1051934e-01]
 [3.1346109e+02 3.3546872e+02 8.9452744e-01]
 [2.7137842e+02 3.2448727e+02 8.9302194e-01]
 [2.1282269e+02 3.8123093e+02 6.4748144e-01]
 [1.6705792e+02 3.7939401e+02 5.7559037e-01]
 [8.6488480e+01 4.0871173e+02 7.2703058e-01]
 [1.3599159e+02 5.0942343e+02 2.8077900e-01]
 [2.5857065e+02 3.8126062e+02 6.1942458e-01]
 [3.1723816e+02 4.1789386e+02 8.1104356e-01]
 [3.0618170e+02 6.0821600e+02 6.3202673e-01]
 [1.9446931e+02 1.6704828e+02 9.2108655e-01]
 [2.2014819e+02 1.5979588e+02 8.8031292e-01]
 [1.7620520e+02 1.7070447e+02 2.6142991e-01]
 [2.4391339e+02 1.5063144e+02 9.1056627e-01]
 [2.8425696e+02 6.3023541e+02 3.9086980e-01]
 [3.0256351e+02 6.3752216e+02 4.4522926e-01]
 [3.0987891e+02 6.2471735e+02 3.2629541e-01]
 [0.0000000e+00 0.0000000e+00 0.0000000e+00]
 [0.0000000e+00 0.0000000e+00 0.0000000e+00]
 [1.4872873e+02 5.1670502e+02 8.1887625e-02]]
2020-05-18 20:24:07,114 Scores:
2020-05-18 20:24:07,114 =======
2020-05-18 20:24:07,115 RBody_hip_score: 0.9791206020776719
2020-05-18 20:24:07,115 RKnee_hip_score: 0.9905881607062771
2020-05-18 20:24:07,115 RKnee_score: 0.9985460323840146
2020-05-18 20:24:07,115 LBody_hip_score: 0.9691893490585743
2020-05-18 20:24:07,115 LKnee_hip_score: 0.9904068923482261
2020-05-18 20:24:07,115 LKnee_score: 0.9688932577913806
2020-05-18 20:24:07,115 Right_score: 0.9897107389685602
2020-05-18 20:24:07,115 Left_score: 0.9797240978866018
2020-05-18 20:24:07,115 Passenger 2: SITTING

2020-05-18 20:24:07,115 Passenger3
2020-05-18 20:24:07,116 
[[6.7594257e+02 1.6895798e+02 9.3822646e-01]
 [6.4662073e+02 2.3842006e+02 8.6730200e-01]
 [5.8989880e+02 2.4574864e+02 8.2064593e-01]
 [5.7530054e+02 3.5198871e+02 8.4234130e-01]
 [6.2658301e+02 3.2631879e+02 7.5984275e-01]
 [7.0160010e+02 2.2751492e+02 8.6961132e-01]
 [7.3272211e+02 3.2448834e+02 7.1954572e-01]
 [6.7228253e+02 3.4279251e+02 1.6734400e-01]
 [6.5219403e+02 3.7575891e+02 6.9588572e-01]
 [6.1373785e+02 3.8129379e+02 6.7936480e-01]
 [6.8698566e+02 4.3253040e+02 8.6330938e-01]
 [6.8507672e+02 5.9363263e+02 7.5644779e-01]
 [6.9423059e+02 3.7028967e+02 6.1002785e-01]
 [6.7415192e+02 3.7024536e+02 8.8712609e-01]
 [6.0273218e+02 5.3315045e+02 7.2955090e-01]
 [6.5953094e+02 1.5979688e+02 9.2701465e-01]
 [6.7595526e+02 1.5616158e+02 7.8391689e-01]
 [6.2110144e+02 1.6891338e+02 9.7088027e-01]
 [0.0000000e+00 0.0000000e+00 0.0000000e+00]
 [5.9544275e+02 5.8078180e+02 5.8302200e-01]
 [6.0637445e+02 5.7894055e+02 5.8208460e-01]
 [5.8813971e+02 5.4051801e+02 5.1162732e-01]
 [6.9059039e+02 6.2837427e+02 5.6989455e-01]
 [6.7412323e+02 6.2471863e+02 6.0093403e-01]
 [6.8515637e+02 6.0638037e+02 5.7393456e-01]]
2020-05-18 20:24:07,117 Scores:
2020-05-18 20:24:07,117 =======
2020-05-18 20:24:07,117 RBody_hip_score: 0.94749950076147
2020-05-18 20:24:07,117 RKnee_hip_score: 0.7003488105828302
2020-05-18 20:24:07,117 RKnee_score: 0.95555203575262
2020-05-18 20:24:07,117 LBody_hip_score: 0.9997713994729507
2020-05-18 20:24:07,117 LKnee_hip_score: 0.9947283206543441
2020-05-18 20:24:07,117 LKnee_score: 0.9789621619595349
2020-05-18 20:24:07,117 Right_score: 0.8259372894199376
2020-05-18 20:24:07,117 Left_score: 0.9920475506852935
2020-05-18 20:24:07,117 Passenger 3: SITTING

2020-05-18 20:24:07,118 Passenger4
2020-05-18 20:24:07,119 
[[7.8035126e+02 1.5433073e+02 9.6969855e-01]
 [8.3156494e+02 2.0738019e+02 8.7935507e-01]
 [7.8394342e+02 2.0735774e+02 8.2527536e-01]
 [7.6753210e+02 2.9884503e+02 7.8953671e-01]
 [7.6019293e+02 3.4651697e+02 5.9373266e-01]
 [8.7916681e+02 2.0915535e+02 8.0050224e-01]
 [8.2423621e+02 2.8237439e+02 8.5485214e-01]
 [7.6202399e+02 3.4100443e+02 8.0476594e-01]
 [8.2976886e+02 3.6662485e+02 6.3580680e-01]
 [7.9678906e+02 3.5926376e+02 6.1707085e-01]
 [7.5839105e+02 3.7943460e+02 7.7591938e-01]
 [7.5831653e+02 5.0938446e+02 3.9539933e-01]
 [8.6451709e+02 3.7394385e+02 5.4680884e-01]
 [8.9379877e+02 4.5448315e+02 2.8410545e-01]
 [0.0000000e+00 0.0000000e+00 0.0000000e+00]
 [7.8213684e+02 1.4511369e+02 1.3904914e-01]
 [7.8949872e+02 1.4150049e+02 9.0545034e-01]
 [0.0000000e+00 0.0000000e+00 0.0000000e+00]
 [8.2427032e+02 1.4514081e+02 7.7684575e-01]
 [0.0000000e+00 0.0000000e+00 0.0000000e+00]
 [0.0000000e+00 0.0000000e+00 0.0000000e+00]
 [0.0000000e+00 0.0000000e+00 0.0000000e+00]
 [7.4556342e+02 5.2404138e+02 1.0159955e-01]
 [7.4192426e+02 5.2402808e+02 1.4805381e-01]
 [7.5837714e+02 5.1306494e+02 2.5014788e-01]]
2020-05-18 20:24:07,119 Scores:
2020-05-18 20:24:07,119 =======
2020-05-18 20:24:07,119 RBody_hip_score: 0.9695318395912715
2020-05-18 20:24:07,119 RKnee_hip_score: 0.9955451713281246
2020-05-18 20:24:07,120 RKnee_score: 0.9708291214047075
2020-05-18 20:24:07,120 LBody_hip_score: 0.5171082641483442
2020-05-18 20:24:07,120 LKnee_hip_score: 0.8377041133006872
2020-05-18 20:24:07,120 LKnee_score: nan
2020-05-18 20:24:07,120 Right_score: 0.982862825913057
2020-05-18 20:24:07,120 Left_score: 0.7308388302499061
2020-05-18 20:24:07,120 Passenger 4: SITTING

2020-05-18 20:24:07,120 Passenger5
2020-05-18 20:24:07,121 
[[4.56257416e+02 1.26806961e+02 9.31195378e-01]
 [4.87401062e+02 1.74396423e+02 9.05368865e-01]
 [4.36170929e+02 1.76267151e+02 8.49513590e-01]
 [4.26967743e+02 2.54982147e+02 9.34971571e-01]
 [4.59894318e+02 2.86101288e+02 9.32611167e-01]
 [5.35065125e+02 1.72533295e+02 8.61959100e-01]
 [5.47759155e+02 2.51270386e+02 8.89153361e-01]
 [5.16649719e+02 2.87906616e+02 9.12277341e-01]
 [4.87441956e+02 2.80606049e+02 7.97348440e-01]
 [4.58104553e+02 2.82347687e+02 7.69297242e-01]
 [4.39871796e+02 3.28179291e+02 8.31654072e-01]
 [4.45357544e+02 4.45272583e+02 7.55770862e-01]
 [5.18494019e+02 2.80553741e+02 7.33075798e-01]
 [5.49602234e+02 3.15339539e+02 6.08627200e-01]
 [5.27680054e+02 3.81274750e+02 1.14603579e-01]
 [4.50768463e+02 1.17685974e+02 8.91206622e-01]
 [4.65435364e+02 1.15864960e+02 9.22709942e-01]
 [0.00000000e+00 0.00000000e+00 0.00000000e+00]
 [4.92961243e+02 1.19458984e+02 9.14217770e-01]
 [0.00000000e+00 0.00000000e+00 0.00000000e+00]
 [0.00000000e+00 0.00000000e+00 0.00000000e+00]
 [0.00000000e+00 0.00000000e+00 0.00000000e+00]
 [4.48977325e+02 4.67244812e+02 7.06381083e-01]
 [4.36171448e+02 4.65425079e+02 7.37381279e-01]
 [4.50824951e+02 4.52680176e+02 5.33512533e-01]]
2020-05-18 20:24:07,122 Scores:
2020-05-18 20:24:07,122 =======
2020-05-18 20:24:07,122 RBody_hip_score: 0.5418735182677525
2020-05-18 20:24:07,122 RKnee_hip_score: 0.9239469881332947
2020-05-18 20:24:07,122 RKnee_score: 0.6006885803938313
2020-05-18 20:24:07,122 LBody_hip_score: 0.9127755172476736
2020-05-18 20:24:07,122 LKnee_hip_score: 0.9676710038804783
2020-05-18 20:24:07,122 LKnee_score: 0.9663683811768177
2020-05-18 20:24:07,122 Right_score: 0.7476140187320433
2020-05-18 20:24:07,122 Left_score: 0.953621476546362
2020-05-18 20:24:07,122 Passenger 5: SITTING

2020-05-18 20:24:07,122 Passenger6
2020-05-18 20:24:07,123 
[[1.0640906e+03 1.9084067e+02 8.4783155e-01]
 [1.1610692e+03 2.8237997e+02 7.0044154e-01]
 [1.1189343e+03 2.7146182e+02 7.1409768e-01]
 [1.0567179e+03 4.0869922e+02 8.0374998e-01]
 [9.4503748e+02 4.5080411e+02 5.0810677e-01]
 [1.1959072e+03 2.8972601e+02 4.6117052e-01]
 [1.1463740e+03 4.4898132e+02 7.8600872e-01]
 [1.0018026e+03 4.5265225e+02 3.8871258e-01]
 [1.1098066e+03 5.5332117e+02 2.5442475e-01]
 [1.0713872e+03 5.2771460e+02 2.4586141e-01]
 [8.2973059e+02 5.8258575e+02 6.7804945e-01]
 [0.0000000e+00 0.0000000e+00 0.0000000e+00]
 [1.1372557e+03 5.8076068e+02 2.3905912e-01]
 [8.6820483e+02 6.1922229e+02 6.4894664e-01]
 [0.0000000e+00 0.0000000e+00 0.0000000e+00]
 [0.0000000e+00 0.0000000e+00 0.0000000e+00]
 [1.0713363e+03 1.6340704e+02 8.4597301e-01]
 [0.0000000e+00 0.0000000e+00 0.0000000e+00]
 [1.1244160e+03 1.6339571e+02 8.6429238e-01]
 [0.0000000e+00 0.0000000e+00 0.0000000e+00]
 [0.0000000e+00 0.0000000e+00 0.0000000e+00]
 [0.0000000e+00 0.0000000e+00 0.0000000e+00]
 [0.0000000e+00 0.0000000e+00 0.0000000e+00]
 [0.0000000e+00 0.0000000e+00 0.0000000e+00]
 [0.0000000e+00 0.0000000e+00 0.0000000e+00]]
2020-05-18 20:24:07,124 Scores:
2020-05-18 20:24:07,124 =======
2020-05-18 20:24:07,124 RBody_hip_score: 0.9790336741791227
2020-05-18 20:24:07,124 RKnee_hip_score: 0.989426159353252
2020-05-18 20:24:07,124 RKnee_score: nan
2020-05-18 20:24:07,124 LBody_hip_score: 0.9865017995000483
2020-05-18 20:24:07,124 LKnee_hip_score: 0.9744267795812953
2020-05-18 20:24:07,124 LKnee_score: nan
2020-05-18 20:24:07,124 Right_score: 0.9859619976285422
2020-05-18 20:24:07,124 Left_score: 0.9784517862208797
2020-05-18 20:24:07,124 Passenger 6: SITTING

2020-05-18 20:24:07,125 Passenger7
2020-05-18 20:24:07,125 
[[1.0036600e+03 2.1474176e+02 9.1637152e-01]
 [1.0347327e+03 2.8243713e+02 6.2176520e-01]
 [9.7618732e+02 2.8056558e+02 6.0327482e-01]
 [9.4503961e+02 3.9590009e+02 8.7546125e-02]
 [9.1756683e+02 3.9227060e+02 8.1404336e-02]
 [1.1024319e+03 2.8605627e+02 5.2754885e-01]
 [1.0584934e+03 4.1418088e+02 7.3891178e-02]
 [0.0000000e+00 0.0000000e+00 0.0000000e+00]
 [9.9264960e+02 5.0025653e+02 2.5422096e-01]
 [9.6519427e+02 4.9656763e+02 2.2770014e-01]
 [7.5831934e+02 5.1854175e+02 7.1808952e-01]
 [7.4736322e+02 6.5212006e+02 5.0359726e-02]
 [1.0201073e+03 5.0757654e+02 2.5106418e-01]
 [8.0049640e+02 5.3684839e+02 6.0119635e-01]
 [0.0000000e+00 0.0000000e+00 0.0000000e+00]
 [9.9086163e+02 1.9634171e+02 9.4354248e-01]
 [1.0255969e+03 1.9643132e+02 9.0075642e-01]
 [0.0000000e+00 0.0000000e+00 0.0000000e+00]
 [1.0622362e+03 1.9454124e+02 6.5788901e-01]
 [0.0000000e+00 0.0000000e+00 0.0000000e+00]
 [0.0000000e+00 0.0000000e+00 0.0000000e+00]
 [0.0000000e+00 0.0000000e+00 0.0000000e+00]
 [0.0000000e+00 0.0000000e+00 0.0000000e+00]
 [0.0000000e+00 0.0000000e+00 0.0000000e+00]
 [0.0000000e+00 0.0000000e+00 0.0000000e+00]]
2020-05-18 20:24:07,126 Scores:
2020-05-18 20:24:07,126 =======
2020-05-18 20:24:07,126 RBody_hip_score: 0.989018318878659
2020-05-18 20:24:07,126 RKnee_hip_score: 0.9909869816150804
2020-05-18 20:24:07,126 RKnee_score: 0.9956012155338497
2020-05-18 20:24:07,126 LBody_hip_score: 0.9869583308848825
2020-05-18 20:24:07,126 LKnee_hip_score: 0.9820959264182677
2020-05-18 20:24:07,126 LKnee_score: nan
2020-05-18 20:24:07,126 Right_score: 0.9916483744106674
2020-05-18 20:24:07,126 Left_score: 0.9837167279071393
2020-05-18 20:24:07,126 Passenger 7: SITTING

2020-05-18 20:24:07,127 Passenger8
2020-05-18 20:24:07,127 
[[7.2905792e+02 1.3782028e+02 3.9538202e-01]
 [7.2540106e+02 1.7259871e+02 8.1392878e-01]
 [6.7964557e+02 1.7259401e+02 6.9902897e-01]
 [0.0000000e+00 0.0000000e+00 0.0000000e+00]
 [0.0000000e+00 0.0000000e+00 0.0000000e+00]
 [7.7122076e+02 1.7444423e+02 7.4332392e-01]
 [0.0000000e+00 0.0000000e+00 0.0000000e+00]
 [0.0000000e+00 0.0000000e+00 0.0000000e+00]
 [0.0000000e+00 0.0000000e+00 0.0000000e+00]
 [0.0000000e+00 0.0000000e+00 0.0000000e+00]
 [0.0000000e+00 0.0000000e+00 0.0000000e+00]
 [0.0000000e+00 0.0000000e+00 0.0000000e+00]
 [0.0000000e+00 0.0000000e+00 0.0000000e+00]
 [0.0000000e+00 0.0000000e+00 0.0000000e+00]
 [0.0000000e+00 0.0000000e+00 0.0000000e+00]
 [7.1809259e+02 1.2863341e+02 4.2724001e-01]
 [7.4000574e+02 1.2679689e+02 4.4024903e-01]
 [6.9974292e+02 1.2866425e+02 6.3212031e-01]
 [7.5466528e+02 1.2497119e+02 4.8002690e-01]
 [0.0000000e+00 0.0000000e+00 0.0000000e+00]
 [0.0000000e+00 0.0000000e+00 0.0000000e+00]
 [0.0000000e+00 0.0000000e+00 0.0000000e+00]
 [0.0000000e+00 0.0000000e+00 0.0000000e+00]
 [0.0000000e+00 0.0000000e+00 0.0000000e+00]
 [0.0000000e+00 0.0000000e+00 0.0000000e+00]]
2020-05-18 20:24:07,128 Scores:
2020-05-18 20:24:07,128 =======
2020-05-18 20:24:07,128 RBody_hip_score: nan
2020-05-18 20:24:07,128 RKnee_hip_score: nan
2020-05-18 20:24:07,128 RKnee_score: nan
2020-05-18 20:24:07,128 LBody_hip_score: nan
2020-05-18 20:24:07,128 LKnee_hip_score: nan
2020-05-18 20:24:07,128 LKnee_score: nan
2020-05-18 20:24:07,128 Right_score: nan
2020-05-18 20:24:07,128 Left_score: nan
2020-05-18 20:24:07,128 Passenger 8: UNKNOWN

2020-05-18 20:24:07,128 Passenger9
2020-05-18 20:24:07,129 
[[139.62909    145.1565       0.92465556]
 [152.40147    187.18561      0.6822367 ]
 [115.85862    183.55612      0.60544944]
 [  0.           0.           0.        ]
 [  0.           0.           0.        ]
 [190.85756    190.91797      0.6171524 ]
 [  0.           0.           0.        ]
 [  0.           0.           0.        ]
 [  0.           0.           0.        ]
 [  0.           0.           0.        ]
 [  0.           0.           0.        ]
 [  0.           0.           0.        ]
 [  0.           0.           0.        ]
 [  0.           0.           0.        ]
 [  0.           0.           0.        ]
 [137.74068    137.72209      0.93190974]
 [152.39192    139.55968      0.9614848 ]
 [  0.           0.           0.        ]
 [170.78069    148.75961      0.78370714]
 [  0.           0.           0.        ]
 [  0.           0.           0.        ]
 [  0.           0.           0.        ]
 [  0.           0.           0.        ]
 [  0.           0.           0.        ]
 [  0.           0.           0.        ]]
2020-05-18 20:24:07,130 Scores:
2020-05-18 20:24:07,130 =======
2020-05-18 20:24:07,130 RBody_hip_score: nan
2020-05-18 20:24:07,130 RKnee_hip_score: nan
2020-05-18 20:24:07,130 RKnee_score: nan
2020-05-18 20:24:07,130 LBody_hip_score: nan
2020-05-18 20:24:07,130 LKnee_hip_score: nan
2020-05-18 20:24:07,130 LKnee_score: nan
2020-05-18 20:24:07,130 Right_score: nan
2020-05-18 20:24:07,130 Left_score: nan
2020-05-18 20:24:07,130 Passenger 9: UNKNOWN

2020-05-18 20:24:07,130 Passenger10
2020-05-18 20:24:07,131 
[[0.0000000e+00 0.0000000e+00 0.0000000e+00]
 [0.0000000e+00 0.0000000e+00 0.0000000e+00]
 [0.0000000e+00 0.0000000e+00 0.0000000e+00]
 [0.0000000e+00 0.0000000e+00 0.0000000e+00]
 [0.0000000e+00 0.0000000e+00 0.0000000e+00]
 [0.0000000e+00 0.0000000e+00 0.0000000e+00]
 [0.0000000e+00 0.0000000e+00 0.0000000e+00]
 [0.0000000e+00 0.0000000e+00 0.0000000e+00]
 [4.0992455e+00 4.7642130e+02 2.9857454e-01]
 [4.0885077e+00 4.8743787e+02 2.0994326e-01]
 [1.8357814e+02 5.6433618e+02 6.6846567e-01]
 [0.0000000e+00 0.0000000e+00 0.0000000e+00]
 [1.6921654e+01 4.6364636e+02 3.6219516e-01]
 [0.0000000e+00 0.0000000e+00 0.0000000e+00]
 [0.0000000e+00 0.0000000e+00 0.0000000e+00]
 [0.0000000e+00 0.0000000e+00 0.0000000e+00]
 [0.0000000e+00 0.0000000e+00 0.0000000e+00]
 [0.0000000e+00 0.0000000e+00 0.0000000e+00]
 [0.0000000e+00 0.0000000e+00 0.0000000e+00]
 [0.0000000e+00 0.0000000e+00 0.0000000e+00]
 [0.0000000e+00 0.0000000e+00 0.0000000e+00]
 [0.0000000e+00 0.0000000e+00 0.0000000e+00]
 [0.0000000e+00 0.0000000e+00 0.0000000e+00]
 [0.0000000e+00 0.0000000e+00 0.0000000e+00]
 [0.0000000e+00 0.0000000e+00 0.0000000e+00]]
2020-05-18 20:24:07,132 Scores:
2020-05-18 20:24:07,132 =======
2020-05-18 20:24:07,132 RBody_hip_score: nan
2020-05-18 20:24:07,132 RKnee_hip_score: nan
2020-05-18 20:24:07,132 RKnee_score: nan
2020-05-18 20:24:07,132 LBody_hip_score: nan
2020-05-18 20:24:07,132 LKnee_hip_score: nan
2020-05-18 20:24:07,132 LKnee_score: nan
2020-05-18 20:24:07,132 Right_score: nan
2020-05-18 20:24:07,132 Left_score: nan
2020-05-18 20:24:07,132 Passenger 10: UNKNOWN

2020-05-18 20:24:07,158 C:\Users\User\OneDrive - Nanyang Technological University\Data Analytics\Human Activity Recognition\images\Subway\processed\20200518-202344-00004.jpg
2020-05-18 20:24:07,159 Successfully saved

