2020-05-18 20:22:42,995 Processing Image: 00001
2020-05-18 20:23:01,262 Passenger1
2020-05-18 20:23:01,264 
[[2.5062225e+02 3.4571909e+02 8.9250469e-01]
 [2.0894974e+02 3.6070370e+02 8.1461185e-01]
 [1.9894817e+02 3.7067404e+02 8.4654433e-01]
 [2.0391466e+02 4.3241049e+02 8.9709306e-01]
 [2.4898207e+02 4.1073730e+02 9.0566558e-01]
 [2.2061299e+02 3.5235129e+02 6.3401812e-01]
 [2.3559442e+02 3.9239148e+02 3.2463092e-01]
 [2.5396892e+02 3.9567856e+02 5.5881441e-01]
 [2.3232130e+02 4.4406900e+02 6.5785581e-01]
 [2.2226277e+02 4.5074899e+02 6.3174617e-01]
 [3.0071756e+02 4.7076212e+02 9.1144705e-01]
 [3.5905408e+02 5.3244452e+02 7.1895742e-01]
 [2.4399211e+02 4.3575598e+02 5.9484351e-01]
 [3.2399466e+02 4.3911703e+02 7.3453689e-01]
 [3.2734213e+02 5.4246838e+02 7.2414428e-01]
 [2.4729268e+02 3.3906125e+02 9.5931858e-01]
 [2.5727213e+02 3.3740115e+02 2.1364762e-01]
 [2.3057790e+02 3.3072784e+02 7.8136295e-01]
 [0.0000000e+00 0.0000000e+00 0.0000000e+00]
 [3.6065768e+02 5.5582898e+02 4.3522453e-01]
 [3.5900726e+02 5.5575269e+02 3.8682404e-01]
 [3.2233643e+02 5.5417102e+02 7.6634026e-01]
 [3.9569037e+02 5.4075031e+02 6.8397081e-01]
 [3.8571411e+02 5.4584296e+02 6.8210804e-01]
 [3.6072678e+02 5.4246722e+02 5.4483157e-01]]
2020-05-18 20:23:01,269 Scores:
2020-05-18 20:23:01,269 =======
2020-05-18 20:23:01,269 RBody_hip_score: 0.9659904886439207
2020-05-18 20:23:01,269 RKnee_hip_score: 0.948378475318236
2020-05-18 20:23:01,269 RKnee_score: 0.7599349993226425
2020-05-18 20:23:01,269 LBody_hip_score: 0.9875972679029285
2020-05-18 20:23:01,270 LKnee_hip_score: 0.9939906651522423
2020-05-18 20:23:01,270 LKnee_score: 0.9993088093049259
2020-05-18 20:23:01,270 Right_score: 0.9056706096507589
2020-05-18 20:23:01,270 Left_score: 0.9937218518780848
2020-05-18 20:23:01,270 Passenger 1: SITTING

2020-05-18 20:23:01,270 Passenger2
2020-05-18 20:23:01,271 
[[0.0000000e+00 0.0000000e+00 0.0000000e+00]
 [3.6731500e+02 2.8904376e+02 7.5626624e-01]
 [3.7238522e+02 2.9069043e+02 7.3194230e-01]
 [3.7737076e+02 3.0234607e+02 6.1706060e-01]
 [3.8240326e+02 2.9902914e+02 2.7974936e-01]
 [3.6071893e+02 2.8897098e+02 6.4986145e-01]
 [3.5733920e+02 3.0563321e+02 9.3774751e-02]
 [0.0000000e+00 0.0000000e+00 0.0000000e+00]
 [3.5572672e+02 3.2232895e+02 7.4402332e-01]
 [3.6230380e+02 3.2394952e+02 7.8061098e-01]
 [3.6068750e+02 3.4904779e+02 6.6753095e-01]
 [3.5737003e+02 3.7068207e+02 2.2285190e-01]
 [3.5240280e+02 3.2068423e+02 7.1748930e-01]
 [3.5401141e+02 3.4731250e+02 4.6833795e-01]
 [3.5072177e+02 3.6742429e+02 2.9654464e-01]
 [0.0000000e+00 0.0000000e+00 0.0000000e+00]
 [0.0000000e+00 0.0000000e+00 0.0000000e+00]
 [3.7735809e+02 2.7734070e+02 3.5919863e-01]
 [3.6737708e+02 2.7562476e+02 6.4262338e-02]
 [0.0000000e+00 0.0000000e+00 0.0000000e+00]
 [0.0000000e+00 0.0000000e+00 0.0000000e+00]
 [3.5234058e+02 3.6905612e+02 1.6985080e-01]
 [0.0000000e+00 0.0000000e+00 0.0000000e+00]
 [0.0000000e+00 0.0000000e+00 0.0000000e+00]
 [3.5905685e+02 3.6730014e+02 1.4832646e-01]]
2020-05-18 20:23:01,272 Scores:
2020-05-18 20:23:01,272 =======
2020-05-18 20:23:01,272 RBody_hip_score: 0.39626415668535586
2020-05-18 20:23:01,272 RKnee_hip_score: 0.7109141975046768
2020-05-18 20:23:01,272 RKnee_score: 0.1314328564262549
2020-05-18 20:23:01,272 LBody_hip_score: 0.5628607561370604
2020-05-18 20:23:01,272 LKnee_hip_score: 0.3903550836266617
2020-05-18 20:23:01,272 LKnee_score: 0.3282389313752061
2020-05-18 20:23:01,272 Right_score: 0.4873813520302411
2020-05-18 20:23:01,272 Left_score: 0.4179524636913975
2020-05-18 20:23:01,272 Passenger 2: STANDING

2020-05-18 20:23:01,273 Passenger3
2020-05-18 20:23:01,274 
[[5.8254974e+02 2.1225185e+02 9.0412128e-01]
 [6.1419470e+02 2.5563672e+02 8.3287561e-01]
 [5.9586200e+02 2.5060287e+02 8.1308377e-01]
 [5.6243201e+02 2.7737509e+02 8.8240361e-01]
 [5.5245599e+02 2.3565161e+02 9.2629445e-01]
 [6.3247681e+02 2.6059195e+02 8.4776551e-01]
 [6.3248535e+02 3.2400595e+02 7.9656589e-01]
 [6.2082471e+02 3.8566971e+02 8.3779120e-01]
 [6.1415448e+02 3.5901770e+02 6.1522478e-01]
 [6.0249542e+02 3.5573169e+02 6.1474192e-01]
 [5.8911957e+02 4.3742868e+02 5.8313525e-01]
 [5.9585876e+02 5.2240558e+02 7.2411519e-01]
 [6.2421820e+02 3.6238657e+02 5.6862235e-01]
 [6.1917194e+02 4.4409894e+02 4.7460049e-01]
 [6.2752728e+02 5.4243329e+02 7.7700442e-01]
 [5.8248560e+02 2.0556262e+02 1.8128915e-01]
 [5.9242450e+02 2.0724496e+02 9.6636301e-01]
 [0.0000000e+00 0.0000000e+00 0.0000000e+00]
 [6.1415326e+02 2.1390849e+02 8.9713430e-01]
 [5.9082794e+02 5.5911572e+02 8.4589916e-01]
 [5.9917212e+02 5.6250781e+02 8.8115525e-01]
 [6.3752686e+02 5.5250934e+02 7.3036921e-01]
 [5.6084387e+02 5.3083453e+02 8.0234265e-01]
 [5.6414911e+02 5.2746667e+02 7.5546169e-01]
 [6.0083698e+02 5.3079364e+02 5.9797513e-01]]
2020-05-18 20:23:01,274 Scores:
2020-05-18 20:23:01,274 =======
2020-05-18 20:23:01,274 RBody_hip_score: 0.2407312046774946
2020-05-18 20:23:01,275 RKnee_hip_score: 0.4484938314692867
2020-05-18 20:23:01,275 RKnee_score: 0.3551644639695757
2020-05-18 20:23:01,275 LBody_hip_score: 0.09181771806656527
2020-05-18 20:23:01,275 LKnee_hip_score: 0.08883560100732162
2020-05-18 20:23:01,275 LKnee_score: 0.21809862679232278
2020-05-18 20:23:01,275 Right_score: 0.3732208328964109
2020-05-18 20:23:01,275 Left_score: 0.12189688671838284
2020-05-18 20:23:01,275 Passenger 3: STANDING

2020-05-18 20:23:01,276 Passenger4
2020-05-18 20:23:01,277 
[[3.1561960e+02 2.7062149e+02 9.6620396e-02]
 [2.9737595e+02 2.8403436e+02 7.7451062e-01]
 [3.0398553e+02 2.8729611e+02 8.4596032e-01]
 [3.0733499e+02 3.0896863e+02 6.9016731e-01]
 [3.1737311e+02 2.9062317e+02 7.2303677e-01]
 [2.9068265e+02 2.8229315e+02 6.5875626e-01]
 [3.0568616e+02 3.1064273e+02 1.2663724e-01]
 [3.2233578e+02 3.1236432e+02 2.1720387e-01]
 [2.9894308e+02 3.4070599e+02 6.2956762e-01]
 [3.0231311e+02 3.4237073e+02 7.2574753e-01]
 [0.0000000e+00 0.0000000e+00 0.0000000e+00]
 [0.0000000e+00 0.0000000e+00 0.0000000e+00]
 [2.9234637e+02 3.3905923e+02 5.0879890e-01]
 [0.0000000e+00 0.0000000e+00 0.0000000e+00]
 [0.0000000e+00 0.0000000e+00 0.0000000e+00]
 [3.1397086e+02 2.6400006e+02 1.1879830e-01]
 [0.0000000e+00 0.0000000e+00 0.0000000e+00]
 [3.1067398e+02 2.6563495e+02 7.0627379e-01]
 [2.9735324e+02 2.6070230e+02 1.4036323e-01]
 [0.0000000e+00 0.0000000e+00 0.0000000e+00]
 [0.0000000e+00 0.0000000e+00 0.0000000e+00]
 [0.0000000e+00 0.0000000e+00 0.0000000e+00]
 [0.0000000e+00 0.0000000e+00 0.0000000e+00]
 [0.0000000e+00 0.0000000e+00 0.0000000e+00]
 [0.0000000e+00 0.0000000e+00 0.0000000e+00]]
2020-05-18 20:23:01,277 Scores:
2020-05-18 20:23:01,277 =======
2020-05-18 20:23:01,277 RBody_hip_score: nan
2020-05-18 20:23:01,277 RKnee_hip_score: nan
2020-05-18 20:23:01,277 RKnee_score: nan
2020-05-18 20:23:01,278 LBody_hip_score: nan
2020-05-18 20:23:01,278 LKnee_hip_score: nan
2020-05-18 20:23:01,278 LKnee_score: nan
2020-05-18 20:23:01,278 Right_score: nan
2020-05-18 20:23:01,278 Left_score: nan
2020-05-18 20:23:01,278 Passenger 4: UNKNOWN

2020-05-18 20:23:01,278 Passenger5
2020-05-18 20:23:01,279 
[[3.4569797e+02 3.9571954e+02 4.3478528e-01]
 [3.1731903e+02 3.7907803e+02 7.1082705e-01]
 [3.1070535e+02 3.8573315e+02 8.0585253e-01]
 [3.3904782e+02 4.1908850e+02 9.4298619e-01]
 [3.4898843e+02 4.0067868e+02 7.4696147e-01]
 [3.2404697e+02 3.7234985e+02 6.5120947e-01]
 [3.3563300e+02 3.9735306e+02 7.9342805e-02]
 [3.3734995e+02 3.9739072e+02 7.7171490e-02]
 [2.8068573e+02 4.1910880e+02 4.4209194e-01]
 [2.7897491e+02 4.2077020e+02 5.7583565e-01]
 [3.2567642e+02 4.3738110e+02 5.4782057e-01]
 [3.3072360e+02 5.0577225e+02 3.5142276e-01]
 [2.8397018e+02 4.1901956e+02 3.8043091e-01]
 [0.0000000e+00 0.0000000e+00 0.0000000e+00]
 [0.0000000e+00 0.0000000e+00 0.0000000e+00]
 [3.4906329e+02 3.9238339e+02 5.3821969e-01]
 [0.0000000e+00 0.0000000e+00 0.0000000e+00]
 [3.4398245e+02 3.8401453e+02 8.4418327e-01]
 [0.0000000e+00 0.0000000e+00 0.0000000e+00]
 [0.0000000e+00 0.0000000e+00 0.0000000e+00]
 [0.0000000e+00 0.0000000e+00 0.0000000e+00]
 [0.0000000e+00 0.0000000e+00 0.0000000e+00]
 [0.0000000e+00 0.0000000e+00 0.0000000e+00]
 [0.0000000e+00 0.0000000e+00 0.0000000e+00]
 [3.3072052e+02 5.0578888e+02 9.6061304e-02]]
2020-05-18 20:23:01,280 Scores:
2020-05-18 20:23:01,280 =======
2020-05-18 20:23:01,280 RBody_hip_score: 0.980127841920998
2020-05-18 20:23:01,280 RKnee_hip_score: 0.9842593440585108
2020-05-18 20:23:01,280 RKnee_score: 0.9785084906391956
2020-05-18 20:23:01,280 LBody_hip_score: nan
2020-05-18 20:23:01,280 LKnee_hip_score: nan
2020-05-18 20:23:01,280 LKnee_score: nan
2020-05-18 20:23:01,280 Right_score: 0.9817887551693039
2020-05-18 20:23:01,280 Left_score: nan
2020-05-18 20:23:01,280 Passenger 5: SITTING

2020-05-18 20:23:01,299 C:\Users\User\OneDrive - Nanyang Technological University\Data Analytics\Human Activity Recognition\images\Subway\processed\20200518-202242-00001.jpg
2020-05-18 20:23:01,299 Successfully saved

