2020-05-18 20:25:07,908 Processing Image: 00008
2020-05-18 20:25:18,017 Passenger1
2020-05-18 20:25:18,018 
[[1.2782358e+03 1.1272855e+03 7.7624261e-01]
 [1.2946744e+03 1.2000253e+03 8.5458076e-01]
 [1.1498250e+03 1.2001033e+03 8.3529413e-01]
 [1.0547592e+03 1.4063320e+03 8.8224983e-01]
 [1.1887861e+03 1.3730923e+03 8.7088174e-01]
 [1.4232859e+03 1.1944523e+03 8.8300413e-01]
 [1.5014286e+03 1.3450417e+03 6.8310565e-01]
 [1.4285829e+03 1.3561759e+03 8.7612367e-01]
 [1.2837363e+03 1.5514003e+03 5.8935475e-01]
 [1.1833540e+03 1.5626583e+03 5.4611170e-01]
 [1.0437174e+03 1.7020312e+03 2.0438062e-01]
 [0.0000000e+00 0.0000000e+00 0.0000000e+00]
 [1.3785593e+03 1.5347778e+03 5.2119857e-01]
 [0.0000000e+00 0.0000000e+00 0.0000000e+00]
 [0.0000000e+00 0.0000000e+00 0.0000000e+00]
 [1.2612362e+03 1.0938048e+03 8.4059572e-01]
 [1.3172183e+03 1.0994044e+03 8.1392473e-01]
 [1.2334503e+03 1.0715940e+03 3.7620220e-01]
 [1.3674116e+03 1.0770533e+03 7.6424819e-01]
 [0.0000000e+00 0.0000000e+00 0.0000000e+00]
 [0.0000000e+00 0.0000000e+00 0.0000000e+00]
 [0.0000000e+00 0.0000000e+00 0.0000000e+00]
 [0.0000000e+00 0.0000000e+00 0.0000000e+00]
 [0.0000000e+00 0.0000000e+00 0.0000000e+00]
 [0.0000000e+00 0.0000000e+00 0.0000000e+00]]
2020-05-18 20:25:18,022 Scores:
2020-05-18 20:25:18,022 =======
2020-05-18 20:25:18,023 RBody_hip_score: 0.9180010111596308
2020-05-18 20:25:18,023 RKnee_hip_score: 0.9565733990235282
2020-05-18 20:25:18,023 RKnee_score: nan
2020-05-18 20:25:18,023 LBody_hip_score: nan
2020-05-18 20:25:18,023 LKnee_hip_score: nan
2020-05-18 20:25:18,023 LKnee_score: nan
2020-05-18 20:25:18,023 Right_score: 0.9437159364022291
2020-05-18 20:25:18,023 Left_score: nan
2020-05-18 20:25:18,023 Passenger 1: SITTING

2020-05-18 20:25:18,023 Passenger2
2020-05-18 20:25:18,024 
[[3.2396286e+02 8.9854980e+02 8.7640768e-01]
 [3.9676630e+02 1.0380284e+03 8.8219708e-01]
 [2.6256558e+02 1.0326959e+03 8.4924173e-01]
 [1.9568391e+02 1.2110660e+03 7.7964282e-01]
 [2.9632544e+02 1.2446052e+03 5.8998561e-01]
 [5.3060059e+02 1.0380085e+03 8.5270965e-01]
 [5.5827405e+02 1.2500812e+03 8.8388252e-01]
 [3.9672650e+02 1.2947489e+03 7.8937054e-01]
 [3.9115057e+02 1.4063286e+03 6.8847418e-01]
 [2.9618277e+02 1.4062700e+03 6.4024919e-01]
 [3.4086993e+02 1.6853314e+03 3.1828570e-01]
 [0.0000000e+00 0.0000000e+00 0.0000000e+00]
 [4.8596161e+02 1.4118319e+03 6.8529332e-01]
 [4.3027139e+02 1.6240640e+03 6.5526414e-01]
 [4.3015073e+02 1.9474890e+03 3.1733501e-01]
 [3.2384061e+02 8.6529120e+02 9.1625905e-01]
 [3.6298334e+02 8.7073096e+02 9.3672466e-01]
 [0.0000000e+00 0.0000000e+00 0.0000000e+00]
 [4.4682983e+02 8.8746661e+02 8.6560130e-01]
 [4.2458270e+02 1.9864840e+03 8.9811720e-02]
 [0.0000000e+00 0.0000000e+00 0.0000000e+00]
 [4.4117386e+02 1.9587030e+03 1.7797017e-01]
 [0.0000000e+00 0.0000000e+00 0.0000000e+00]
 [0.0000000e+00 0.0000000e+00 0.0000000e+00]
 [0.0000000e+00 0.0000000e+00 0.0000000e+00]]
2020-05-18 20:25:18,025 Scores:
2020-05-18 20:25:18,025 =======
2020-05-18 20:25:18,025 RBody_hip_score: 0.25842465622007904
2020-05-18 20:25:18,025 RKnee_hip_score: 0.24242439188190965
2020-05-18 20:25:18,025 RKnee_score: nan
2020-05-18 20:25:18,025 LBody_hip_score: 0.3550859221836977
2020-05-18 20:25:18,025 LKnee_hip_score: 0.28595578660992726
2020-05-18 20:25:18,026 LKnee_score: 0.37603590031865675
2020-05-18 20:25:18,026 Right_score: 0.2477578133279661
2020-05-18 20:25:18,026 Left_score: 0.3257583489305522
2020-05-18 20:25:18,026 Passenger 2: STANDING

2020-05-18 20:25:18,026 Passenger3
2020-05-18 20:25:18,028 
[[0.00000000e+00 0.00000000e+00 0.00000000e+00]
 [1.17223511e+03 1.09417871e+03 9.11171317e-01]
 [1.27262732e+03 1.08833362e+03 7.13630080e-01]
 [0.00000000e+00 0.00000000e+00 0.00000000e+00]
 [0.00000000e+00 0.00000000e+00 0.00000000e+00]
 [1.06618274e+03 1.09958704e+03 8.78459692e-01]
 [1.01591266e+03 1.28919507e+03 8.83717060e-01]
 [1.08288586e+03 1.31150195e+03 1.37564316e-01]
 [1.16639661e+03 1.37307849e+03 8.61988902e-01]
 [1.23897937e+03 1.37845349e+03 7.11193264e-01]
 [1.21661292e+03 1.61827686e+03 9.07420963e-02]
 [0.00000000e+00 0.00000000e+00 0.00000000e+00]
 [1.07723071e+03 1.37298059e+03 7.86389470e-01]
 [9.60099426e+02 1.37286475e+03 4.67923462e-01]
 [1.01016980e+03 1.59611194e+03 2.68938124e-01]
 [0.00000000e+00 0.00000000e+00 0.00000000e+00]
 [0.00000000e+00 0.00000000e+00 0.00000000e+00]
 [1.25004431e+03 9.60109741e+02 5.28462648e-01]
 [1.12733716e+03 9.43288574e+02 6.95927441e-01]
 [9.65788574e+02 1.61830896e+03 2.30091169e-01]
 [9.65782593e+02 1.61851685e+03 1.98192328e-01]
 [1.00461749e+03 1.61290222e+03 2.18520761e-01]
 [0.00000000e+00 0.00000000e+00 0.00000000e+00]
 [0.00000000e+00 0.00000000e+00 0.00000000e+00]
 [0.00000000e+00 0.00000000e+00 0.00000000e+00]]
2020-05-18 20:25:18,029 Scores:
2020-05-18 20:25:18,029 =======
2020-05-18 20:25:18,029 RBody_hip_score: 0.10790522033032506
2020-05-18 20:25:18,030 RKnee_hip_score: 0.328904865609119
2020-05-18 20:25:18,030 RKnee_score: nan
2020-05-18 20:25:18,030 LBody_hip_score: 0.9999502901423417
2020-05-18 20:25:18,030 LKnee_hip_score: 0.9999505246165287
2020-05-18 20:25:18,030 LKnee_score: 0.9938668427198479
2020-05-18 20:25:18,030 Right_score: 0.25523831718285434
2020-05-18 20:25:18,030 Left_score: 0.9984295455238117
2020-05-18 20:25:18,030 Passenger 3: SITTING

2020-05-18 20:25:18,031 Passenger4
2020-05-18 20:25:18,033 
[[7.81395447e+02 9.26706970e+02 8.65308642e-01]
 [8.65388123e+02 1.00454016e+03 6.81953609e-01]
 [8.82050720e+02 9.93554749e+02 5.39985836e-01]
 [7.75850647e+02 1.12736731e+03 1.30720720e-01]
 [7.47958801e+02 1.08263452e+03 5.48787415e-01]
 [8.59671387e+02 1.00485010e+03 8.80991638e-01]
 [7.53585938e+02 1.12743506e+03 8.38465333e-01]
 [6.31044312e+02 1.03817688e+03 6.92594945e-01]
 [8.37207397e+02 1.26134424e+03 5.65157473e-01]
 [8.48529419e+02 1.26120630e+03 5.16547978e-01]
 [8.42962219e+02 1.49006201e+03 4.25027430e-01]
 [8.53904053e+02 1.68533740e+03 3.00629973e-01]
 [8.20770569e+02 1.26678601e+03 6.79125369e-01]
 [8.31936279e+02 1.50139343e+03 7.87785113e-01]
 [8.54045471e+02 1.71341638e+03 7.99652696e-01]
 [0.00000000e+00 0.00000000e+00 0.00000000e+00]
 [7.81817017e+02 9.09984924e+02 9.15668905e-01]
 [0.00000000e+00 0.00000000e+00 0.00000000e+00]
 [8.20818481e+02 9.09627258e+02 8.67167771e-01]
 [7.75950623e+02 1.74670837e+03 7.32215345e-01]
 [7.92837585e+02 1.75792664e+03 7.87149727e-01]
 [8.70889160e+02 1.74113684e+03 7.46471763e-01]
 [0.00000000e+00 0.00000000e+00 0.00000000e+00]
 [0.00000000e+00 0.00000000e+00 0.00000000e+00]
 [8.65322205e+02 1.70766638e+03 1.45480186e-01]]
2020-05-18 20:25:18,034 Scores:
2020-05-18 20:25:18,034 =======
2020-05-18 20:25:18,034 RBody_hip_score: 0.12715946699938893
2020-05-18 20:25:18,034 RKnee_hip_score: 0.20047026240403942
2020-05-18 20:25:18,034 RKnee_score: 0.12018426079484187
2020-05-18 20:25:18,034 LBody_hip_score: 0.23336143886448854
2020-05-18 20:25:18,034 LKnee_hip_score: 0.13068439550992333
2020-05-18 20:25:18,034 LKnee_score: 0.08442688049383085
2020-05-18 20:25:18,034 Right_score: 0.1620710631505774
2020-05-18 20:25:18,035 Left_score: 0.14478927759454152
2020-05-18 20:25:18,035 Passenger 4: STANDING

2020-05-18 20:25:18,035 Passenger5
2020-05-18 20:25:18,037 
[[1.01579095e+03 8.82058350e+02 2.43350133e-01]
 [1.00478052e+03 9.20900513e+02 4.62101579e-01]
 [9.76882202e+02 9.15691772e+02 5.12865067e-01]
 [9.76901245e+02 9.87943176e+02 3.40852648e-01]
 [9.65690552e+02 1.03251892e+03 1.46989942e-01]
 [1.03256970e+03 9.20923645e+02 3.95470291e-01]
 [1.04378125e+03 9.82423645e+02 1.84992492e-01]
 [1.02710681e+03 9.93589294e+02 1.07922293e-01]
 [1.01017145e+03 1.03821021e+03 3.66174817e-01]
 [9.99100098e+02 1.03826904e+03 3.98312509e-01]
 [9.87865295e+02 1.11066028e+03 1.12959146e-01]
 [0.00000000e+00 0.00000000e+00 0.00000000e+00]
 [1.02139587e+03 1.03820056e+03 3.43990445e-01]
 [9.99092651e+02 1.10526794e+03 9.34156328e-02]
 [0.00000000e+00 0.00000000e+00 0.00000000e+00]
 [1.01027124e+03 8.76442322e+02 2.15106353e-01]
 [1.01596948e+03 8.76467651e+02 1.85917765e-01]
 [1.01024420e+03 8.82134155e+02 2.02500671e-01]
 [0.00000000e+00 0.00000000e+00 0.00000000e+00]
 [0.00000000e+00 0.00000000e+00 0.00000000e+00]
 [0.00000000e+00 0.00000000e+00 0.00000000e+00]
 [0.00000000e+00 0.00000000e+00 0.00000000e+00]
 [0.00000000e+00 0.00000000e+00 0.00000000e+00]
 [0.00000000e+00 0.00000000e+00 0.00000000e+00]
 [0.00000000e+00 0.00000000e+00 0.00000000e+00]]
2020-05-18 20:25:18,038 Scores:
2020-05-18 20:25:18,038 =======
2020-05-18 20:25:18,038 RBody_hip_score: 0.29586483119439777
2020-05-18 20:25:18,038 RKnee_hip_score: 0.4967943540771416
2020-05-18 20:25:18,038 RKnee_score: nan
2020-05-18 20:25:18,038 LBody_hip_score: 0.5262351684813293
2020-05-18 20:25:18,039 LKnee_hip_score: 0.309906357501044
2020-05-18 20:25:18,039 LKnee_score: nan
2020-05-18 20:25:18,039 Right_score: 0.42981784644956034
2020-05-18 20:25:18,039 Left_score: 0.3820159611611391
2020-05-18 20:25:18,039 Passenger 5: STANDING

2020-05-18 20:25:18,040 Passenger6
2020-05-18 20:25:18,041 
[[0.0000000e+00 0.0000000e+00 0.0000000e+00]
 [1.0081759e+02 1.0603730e+03 4.7185588e-01]
 [1.5644524e+02 1.0715454e+03 4.6316874e-01]
 [3.3520764e+02 1.6575040e+03 7.2307771e-01]
 [0.0000000e+00 0.0000000e+00 0.0000000e+00]
 [5.6198948e+01 1.0439033e+03 4.3735680e-01]
 [0.0000000e+00 0.0000000e+00 0.0000000e+00]
 [0.0000000e+00 0.0000000e+00 0.0000000e+00]
 [0.0000000e+00 0.0000000e+00 0.0000000e+00]
 [0.0000000e+00 0.0000000e+00 0.0000000e+00]
 [0.0000000e+00 0.0000000e+00 0.0000000e+00]
 [0.0000000e+00 0.0000000e+00 0.0000000e+00]
 [0.0000000e+00 0.0000000e+00 0.0000000e+00]
 [0.0000000e+00 0.0000000e+00 0.0000000e+00]
 [0.0000000e+00 0.0000000e+00 0.0000000e+00]
 [0.0000000e+00 0.0000000e+00 0.0000000e+00]
 [0.0000000e+00 0.0000000e+00 0.0000000e+00]
 [1.6801584e+02 9.5437946e+02 8.5309905e-01]
 [0.0000000e+00 0.0000000e+00 0.0000000e+00]
 [0.0000000e+00 0.0000000e+00 0.0000000e+00]
 [0.0000000e+00 0.0000000e+00 0.0000000e+00]
 [0.0000000e+00 0.0000000e+00 0.0000000e+00]
 [0.0000000e+00 0.0000000e+00 0.0000000e+00]
 [0.0000000e+00 0.0000000e+00 0.0000000e+00]
 [0.0000000e+00 0.0000000e+00 0.0000000e+00]]
2020-05-18 20:25:18,042 Scores:
2020-05-18 20:25:18,042 =======
2020-05-18 20:25:18,042 RBody_hip_score: nan
2020-05-18 20:25:18,042 RKnee_hip_score: nan
2020-05-18 20:25:18,042 RKnee_score: nan
2020-05-18 20:25:18,042 LBody_hip_score: nan
2020-05-18 20:25:18,042 LKnee_hip_score: nan
2020-05-18 20:25:18,043 LKnee_score: nan
2020-05-18 20:25:18,043 Right_score: nan
2020-05-18 20:25:18,043 Left_score: nan
2020-05-18 20:25:18,043 Passenger 6: UNKNOWN

2020-05-18 20:25:18,043 Passenger7
2020-05-18 20:25:18,045 
[[6.5888062e+02 8.8186511e+02 8.9024645e-01]
 [7.4235187e+02 9.3214069e+02 5.1527041e-01]
 [7.1461322e+02 9.3787439e+02 4.0852189e-01]
 [0.0000000e+00 0.0000000e+00 0.0000000e+00]
 [0.0000000e+00 0.0000000e+00 0.0000000e+00]
 [7.4243378e+02 9.4319714e+02 9.0460908e-01]
 [7.3135101e+02 1.0717695e+03 6.7581034e-01]
 [7.2004169e+02 1.0773229e+03 4.9144512e-01]
 [0.0000000e+00 0.0000000e+00 0.0000000e+00]
 [0.0000000e+00 0.0000000e+00 0.0000000e+00]
 [0.0000000e+00 0.0000000e+00 0.0000000e+00]
 [0.0000000e+00 0.0000000e+00 0.0000000e+00]
 [0.0000000e+00 0.0000000e+00 0.0000000e+00]
 [0.0000000e+00 0.0000000e+00 0.0000000e+00]
 [0.0000000e+00 0.0000000e+00 0.0000000e+00]
 [0.0000000e+00 0.0000000e+00 0.0000000e+00]
 [6.6443677e+02 8.6518964e+02 9.0469325e-01]
 [0.0000000e+00 0.0000000e+00 0.0000000e+00]
 [7.0914307e+02 8.5391956e+02 8.9934850e-01]
 [0.0000000e+00 0.0000000e+00 0.0000000e+00]
 [0.0000000e+00 0.0000000e+00 0.0000000e+00]
 [0.0000000e+00 0.0000000e+00 0.0000000e+00]
 [0.0000000e+00 0.0000000e+00 0.0000000e+00]
 [0.0000000e+00 0.0000000e+00 0.0000000e+00]
 [0.0000000e+00 0.0000000e+00 0.0000000e+00]]
2020-05-18 20:25:18,046 Scores:
2020-05-18 20:25:18,046 =======
2020-05-18 20:25:18,046 RBody_hip_score: nan
2020-05-18 20:25:18,046 RKnee_hip_score: nan
2020-05-18 20:25:18,046 RKnee_score: nan
2020-05-18 20:25:18,046 LBody_hip_score: nan
2020-05-18 20:25:18,046 LKnee_hip_score: nan
2020-05-18 20:25:18,046 LKnee_score: nan
2020-05-18 20:25:18,046 Right_score: nan
2020-05-18 20:25:18,046 Left_score: nan
2020-05-18 20:25:18,046 Passenger 7: UNKNOWN

2020-05-18 20:25:18,046 Passenger8
2020-05-18 20:25:18,047 
[[1.2613694e+03 8.4299133e+02 5.7434702e-01]
 [1.3002942e+03 8.9319836e+02 3.8721848e-01]
 [1.2723474e+03 8.8747345e+02 2.5187147e-01]
 [0.0000000e+00 0.0000000e+00 0.0000000e+00]
 [0.0000000e+00 0.0000000e+00 0.0000000e+00]
 [1.3227483e+03 9.0442047e+02 5.6509578e-01]
 [1.3284041e+03 9.5443549e+02 1.2030061e-01]
 [0.0000000e+00 0.0000000e+00 0.0000000e+00]
 [0.0000000e+00 0.0000000e+00 0.0000000e+00]
 [0.0000000e+00 0.0000000e+00 0.0000000e+00]
 [0.0000000e+00 0.0000000e+00 0.0000000e+00]
 [0.0000000e+00 0.0000000e+00 0.0000000e+00]
 [0.0000000e+00 0.0000000e+00 0.0000000e+00]
 [0.0000000e+00 0.0000000e+00 0.0000000e+00]
 [0.0000000e+00 0.0000000e+00 0.0000000e+00]
 [1.2613289e+03 8.3200891e+02 2.2562346e-01]
 [1.2669877e+03 8.3186115e+02 7.2294670e-01]
 [0.0000000e+00 0.0000000e+00 0.0000000e+00]
 [1.3002156e+03 8.4299365e+02 7.9114640e-01]
 [0.0000000e+00 0.0000000e+00 0.0000000e+00]
 [0.0000000e+00 0.0000000e+00 0.0000000e+00]
 [0.0000000e+00 0.0000000e+00 0.0000000e+00]
 [0.0000000e+00 0.0000000e+00 0.0000000e+00]
 [0.0000000e+00 0.0000000e+00 0.0000000e+00]
 [0.0000000e+00 0.0000000e+00 0.0000000e+00]]
2020-05-18 20:25:18,047 Scores:
2020-05-18 20:25:18,047 =======
2020-05-18 20:25:18,048 RBody_hip_score: nan
2020-05-18 20:25:18,048 RKnee_hip_score: nan
2020-05-18 20:25:18,048 RKnee_score: nan
2020-05-18 20:25:18,048 LBody_hip_score: nan
2020-05-18 20:25:18,048 LKnee_hip_score: nan
2020-05-18 20:25:18,048 LKnee_score: nan
2020-05-18 20:25:18,048 Right_score: nan
2020-05-18 20:25:18,048 Left_score: nan
2020-05-18 20:25:18,048 Passenger 8: UNKNOWN

2020-05-18 20:25:18,048 Passenger9
2020-05-18 20:25:18,049 
[[2.0157838e+02 9.5463202e+02 1.1710710e-01]
 [0.0000000e+00 0.0000000e+00 0.0000000e+00]
 [1.5644524e+02 1.0715454e+03 4.6316874e-01]
 [0.0000000e+00 0.0000000e+00 0.0000000e+00]
 [0.0000000e+00 0.0000000e+00 0.0000000e+00]
 [0.0000000e+00 0.0000000e+00 0.0000000e+00]
 [0.0000000e+00 0.0000000e+00 0.0000000e+00]
 [0.0000000e+00 0.0000000e+00 0.0000000e+00]
 [0.0000000e+00 0.0000000e+00 0.0000000e+00]
 [0.0000000e+00 0.0000000e+00 0.0000000e+00]
 [0.0000000e+00 0.0000000e+00 0.0000000e+00]
 [0.0000000e+00 0.0000000e+00 0.0000000e+00]
 [0.0000000e+00 0.0000000e+00 0.0000000e+00]
 [0.0000000e+00 0.0000000e+00 0.0000000e+00]
 [0.0000000e+00 0.0000000e+00 0.0000000e+00]
 [1.9026666e+02 9.4331360e+02 2.4001354e-01]
 [0.0000000e+00 0.0000000e+00 0.0000000e+00]
 [1.6801584e+02 9.5437946e+02 8.5309905e-01]
 [0.0000000e+00 0.0000000e+00 0.0000000e+00]
 [0.0000000e+00 0.0000000e+00 0.0000000e+00]
 [0.0000000e+00 0.0000000e+00 0.0000000e+00]
 [0.0000000e+00 0.0000000e+00 0.0000000e+00]
 [0.0000000e+00 0.0000000e+00 0.0000000e+00]
 [0.0000000e+00 0.0000000e+00 0.0000000e+00]
 [0.0000000e+00 0.0000000e+00 0.0000000e+00]]
2020-05-18 20:25:18,049 Scores:
2020-05-18 20:25:18,049 =======
2020-05-18 20:25:18,049 RBody_hip_score: nan
2020-05-18 20:25:18,049 RKnee_hip_score: nan
2020-05-18 20:25:18,049 RKnee_score: nan
2020-05-18 20:25:18,049 LBody_hip_score: nan
2020-05-18 20:25:18,050 LKnee_hip_score: nan
2020-05-18 20:25:18,050 LKnee_score: nan
2020-05-18 20:25:18,050 Right_score: nan
2020-05-18 20:25:18,050 Left_score: nan
2020-05-18 20:25:18,050 Passenger 9: UNKNOWN

2020-05-18 20:25:18,116 C:\Users\User\OneDrive - Nanyang Technological University\Data Analytics\Human Activity Recognition\images\Subway\processed\20200518-202507-00008.jpg
2020-05-18 20:25:18,116 Successfully saved

