2020-05-18 20:22:24,547 Processing Image: 00000
2020-05-18 20:22:42,481 Passenger1
2020-05-18 20:22:42,482 
[[4.8798566e+02 1.4296681e+02 9.3833113e-01]
 [4.8260309e+02 1.6443483e+02 8.7589675e-01]
 [4.5906375e+02 1.6338745e+02 8.1387717e-01]
 [4.4939328e+02 1.9443173e+02 7.5911367e-01]
 [4.8374417e+02 2.0192841e+02 8.8702685e-01]
 [5.0409406e+02 1.6546867e+02 8.5707271e-01]
 [5.3298840e+02 1.9011847e+02 8.1056702e-01]
 [5.2547534e+02 1.9976178e+02 8.2991534e-01]
 [4.9333310e+02 2.1800061e+02 7.6290917e-01]
 [4.7730014e+02 2.1798206e+02 6.7531383e-01]
 [5.0302255e+02 2.4155542e+02 8.2292044e-01]
 [5.0407721e+02 2.9940842e+02 6.2589562e-01]
 [5.0835184e+02 2.1799599e+02 7.1854627e-01]
 [5.5548492e+02 2.3944951e+02 8.4935105e-01]
 [5.1052118e+02 3.0263110e+02 5.4592979e-01]
 [4.8265515e+02 1.3764366e+02 9.4911706e-01]
 [4.9228943e+02 1.3871886e+02 9.3856239e-01]
 [4.6979095e+02 1.3978918e+02 9.1257793e-01]
 [4.9552576e+02 1.4090074e+02 7.3216394e-02]
 [5.1370868e+02 3.2618896e+02 4.9131989e-01]
 [5.2012396e+02 3.2405649e+02 5.4716539e-01]
 [4.9444867e+02 3.0584262e+02 1.4977871e-01]
 [5.1477325e+02 3.2406445e+02 4.7911343e-01]
 [5.0621643e+02 3.2406189e+02 5.0197434e-01]
 [4.9442361e+02 3.0262170e+02 3.9283293e-01]]
2020-05-18 20:22:42,486 Scores:
2020-05-18 20:22:42,486 =======
2020-05-18 20:22:42,486 RBody_hip_score: 0.8283840529684037
2020-05-18 20:22:42,486 RKnee_hip_score: 0.2852913264131244
2020-05-18 20:22:42,486 RKnee_score: 0.9286537293057342
2020-05-18 20:22:42,486 LBody_hip_score: 0.9515921820339277
2020-05-18 20:22:42,486 LKnee_hip_score: 0.9650917964048721
2020-05-18 20:22:42,487 LKnee_score: 0.9954259797505209
2020-05-18 20:22:42,487 Right_score: 0.5819051087750966
2020-05-18 20:22:42,487 Left_score: 0.9693004386485482
2020-05-18 20:22:42,487 Passenger 1: SITTING

2020-05-18 20:22:42,487 Passenger2
2020-05-18 20:22:42,488 
[[295.13736    141.88977      0.91937983]
 [309.08813    161.23222      0.8609234 ]
 [286.5398     166.57178      0.84199   ]
 [272.67084    195.49615      0.80316985]
 [312.26163    185.85672      0.79165626]
 [332.66373    158.00558      0.8259194 ]
 [321.94046    167.6423       0.751133  ]
 [294.0541     175.18016      0.8355362 ]
 [314.40674    220.16052      0.8147704 ]
 [297.28998    220.13797      0.76488346]
 [292.97064    234.07198      0.8092627 ]
 [297.31403    315.50085      0.8009949 ]
 [330.53876    220.14093      0.807261  ]
 [349.77505    249.04921      0.8555965 ]
 [328.3477     296.18924      0.8588952 ]
 [293.02805    138.67963      0.699672  ]
 [299.4472     136.54442      0.90744114]
 [  0.           0.           0.        ]
 [314.41846    138.72928      0.90424925]
 [329.45087    319.7659       0.72461045]
 [337.9835     315.4986       0.73655546]
 [319.80783    296.2271       0.6538881 ]
 [294.0547     340.13815      0.72582555]
 [286.57745    336.90625      0.74671113]
 [302.63593    318.72852      0.66619754]]
2020-05-18 20:22:42,488 Scores:
2020-05-18 20:22:42,488 =======
2020-05-18 20:22:42,488 RBody_hip_score: 0.556781020707424
2020-05-18 20:22:42,488 RKnee_hip_score: 0.9706636233134229
2020-05-18 20:22:42,489 RKnee_score: 0.5090746967874414
2020-05-18 20:22:42,489 LBody_hip_score: 0.6864950333605625
2020-05-18 20:22:42,489 LKnee_hip_score: 0.9258736172963753
2020-05-18 20:22:42,489 LKnee_score: 0.9614655031785987
2020-05-18 20:22:42,489 Right_score: 0.7517957410304278
2020-05-18 20:22:42,489 Left_score: 0.874926942782978
2020-05-18 20:22:42,489 Passenger 2: SITTING

2020-05-18 20:22:42,489 Passenger3
2020-05-18 20:22:42,490 
[[4.03374817e+02 1.29086075e+02 9.25506949e-01]
 [3.99068970e+02 1.51601562e+02 9.01681900e-01]
 [3.74436707e+02 1.54799545e+02 8.30186605e-01]
 [3.62624908e+02 1.90171143e+02 8.79177570e-01]
 [3.91562622e+02 1.69762314e+02 9.05475557e-01]
 [4.23711761e+02 1.49442413e+02 8.14061761e-01]
 [4.41898560e+02 1.88024231e+02 7.97444940e-01]
 [4.31193756e+02 1.65512985e+02 8.80856454e-01]
 [4.08694214e+02 2.16908493e+02 7.01476336e-01]
 [3.90468994e+02 2.17982544e+02 7.15567231e-01]
 [3.81928162e+02 2.40503479e+02 7.85390735e-01]
 [3.90542542e+02 3.00486420e+02 7.80390978e-01]
 [4.26949768e+02 2.15850342e+02 6.36471987e-01]
 [4.69789154e+02 2.39457321e+02 8.36024344e-01]
 [4.40846558e+02 3.09047821e+02 6.47063553e-01]
 [3.97955627e+02 1.24747292e+02 9.77087915e-01]
 [4.07640198e+02 1.24755035e+02 9.68272686e-01]
 [3.86231506e+02 1.30145294e+02 8.97330642e-01]
 [4.12992340e+02 1.29053574e+02 3.87247682e-01]
 [4.39803925e+02 3.19776276e+02 4.12382454e-01]
 [4.48328888e+02 3.19763977e+02 4.66764599e-01]
 [4.33349030e+02 3.12281891e+02 4.44258481e-01]
 [3.93701935e+02 3.19783020e+02 7.88126230e-01]
 [3.84087891e+02 3.17617462e+02 7.79988050e-01]
 [3.96932007e+02 3.01557190e+02 5.75291812e-01]]
2020-05-18 20:22:42,491 Scores:
2020-05-18 20:22:42,491 =======
2020-05-18 20:22:42,491 RBody_hip_score: 0.6998576186978382
2020-05-18 20:22:42,491 RKnee_hip_score: 0.9587878352577821
2020-05-18 20:22:42,491 RKnee_score: 0.6956530852813071
2020-05-18 20:22:42,491 LBody_hip_score: 0.9476529309652348
2020-05-18 20:22:42,491 LKnee_hip_score: 0.9689247578565521
2020-05-18 20:22:42,491 LKnee_score: 0.9985010881764693
2020-05-18 20:22:42,491 Right_score: 0.8282715936236774
2020-05-18 20:22:42,491 Left_score: 0.9710008837137021
2020-05-18 20:22:42,491 Passenger 3: SITTING

2020-05-18 20:22:42,491 Passenger4
2020-05-18 20:22:42,492 
[[122.65986    131.21872      0.94312537]
 [132.2666     159.08456      0.8913185 ]
 [109.814835   156.94083      0.82802606]
 [ 78.71333    175.17941      0.80672115]
 [ 94.79034    186.91219      0.66276366]
 [153.72664    162.29047      0.804759  ]
 [144.07428    186.94455      0.7494645 ]
 [107.65772    181.59969      0.75906086]
 [112.99297    216.91104      0.6627908 ]
 [ 94.76598    214.7968       0.5977964 ]
 [ 31.595812   238.37843      0.85983235]
 [ 67.98879    294.06482      0.76590544]
 [130.1412     218.02986      0.6709504 ]
 [ 73.3608     239.42155      0.8367648 ]
 [ 89.44749    290.8469       0.4440584 ]
 [120.520775   126.92975      0.8232446 ]
 [130.10655    126.9622       0.9028253 ]
 [  0.           0.           0.        ]
 [144.07057    136.58055      0.8802894 ]
 [  0.           0.           0.        ]
 [  0.           0.           0.        ]
 [ 92.65097    295.13968      0.38693857]
 [ 36.90479    318.6816       0.6798986 ]
 [ 36.908573   314.4089       0.6315381 ]
 [ 76.56819    297.2763       0.49585578]]
2020-05-18 20:22:42,493 Scores:
2020-05-18 20:22:42,493 =======
2020-05-18 20:22:42,493 RBody_hip_score: 0.9429206454314083
2020-05-18 20:22:42,493 RKnee_hip_score: 0.9583030196643987
2020-05-18 20:22:42,493 RKnee_score: 0.9938694130533009
2020-05-18 20:22:42,493 LBody_hip_score: 0.9424172643255078
2020-05-18 20:22:42,493 LKnee_hip_score: 0.9134415797840917
2020-05-18 20:22:42,493 LKnee_score: 0.999592105680459
2020-05-18 20:22:42,493 Right_score: 0.9633490244533767
2020-05-18 20:22:42,493 Left_score: 0.9422231323935375
2020-05-18 20:22:42,494 Passenger 4: SITTING

2020-05-18 20:22:42,501 C:\Users\User\OneDrive - Nanyang Technological University\Data Analytics\Human Activity Recognition\images\Subway\processed\20200518-202224-00000.jpg
2020-05-18 20:22:42,501 Successfully saved

