2020-05-27 21:03:04,675 Processing Image: 00007
2020-05-27 21:03:15,635 Passenger1
2020-05-27 21:03:15,636 
[[3.1147449e+02 3.5006726e+02 9.2284942e-01]
 [3.2062408e+02 4.0338971e+02 9.0424508e-01]
 [2.7276447e+02 4.0161090e+02 8.5389006e-01]
 [2.3787386e+02 4.6591977e+02 8.5887498e-01]
 [2.8376443e+02 5.0463712e+02 8.8720065e-01]
 [3.7211551e+02 4.0522995e+02 8.6051875e-01]
 [3.9794220e+02 4.6407990e+02 8.8439041e-01]
 [3.4263834e+02 5.0090021e+02 8.9013749e-01]
 [3.1329224e+02 5.2479376e+02 7.7763236e-01]
 [2.7649353e+02 5.2301959e+02 7.1397233e-01]
 [2.4704848e+02 6.1127460e+02 8.4784651e-01]
 [0.0000000e+00 0.0000000e+00 0.0000000e+00]
 [3.4818677e+02 5.2488544e+02 7.1930295e-01]
 [3.5735727e+02 6.0952301e+02 8.3332944e-01]
 [0.0000000e+00 0.0000000e+00 0.0000000e+00]
 [3.0044852e+02 3.4086917e+02 9.5094860e-01]
 [3.2425632e+02 3.4081909e+02 9.1938674e-01]
 [2.9119800e+02 3.4456534e+02 1.7228559e-01]
 [3.4459296e+02 3.4642719e+02 8.6917579e-01]
 [0.0000000e+00 0.0000000e+00 0.0000000e+00]
 [0.0000000e+00 0.0000000e+00 0.0000000e+00]
 [0.0000000e+00 0.0000000e+00 0.0000000e+00]
 [0.0000000e+00 0.0000000e+00 0.0000000e+00]
 [0.0000000e+00 0.0000000e+00 0.0000000e+00]
 [0.0000000e+00 0.0000000e+00 0.0000000e+00]]
2020-05-27 21:03:15,671 {<Pose.UNKNOWN: 0>: 9.822634638112504e-06, <Pose.SITTING: 1>: 0.5032262206077576, <Pose.STANDING: 2>: 0.4967639744281769}
2020-05-27 21:03:15,671 Passenger 1: SITTING

2020-05-27 21:03:15,672 Passenger2
2020-05-27 21:03:15,673 
[[8.2660583e+02 3.6113297e+02 9.1928178e-01]
 [7.9895691e+02 3.8690485e+02 8.9315712e-01]
 [7.3823999e+02 3.9608563e+02 8.1485891e-01]
 [7.1986285e+02 4.7698254e+02 7.9455429e-01]
 [7.8060101e+02 4.8984134e+02 8.7214005e-01]
 [8.5972620e+02 3.7587134e+02 8.5136074e-01]
 [8.9462555e+02 4.3655945e+02 8.7266243e-01]
 [8.7442120e+02 4.6786621e+02 9.1149086e-01]
 [8.1185968e+02 5.2480237e+02 6.8345952e-01]
 [7.7505225e+02 5.2486639e+02 6.4744955e-01]
 [7.7876984e+02 5.9847375e+02 8.1435519e-01]
 [0.0000000e+00 0.0000000e+00 0.0000000e+00]
 [8.4861542e+02 5.2117780e+02 6.3710183e-01]
 [9.2409326e+02 6.0391681e+02 3.0300397e-01]
 [0.0000000e+00 0.0000000e+00 0.0000000e+00]
 [8.1548108e+02 3.5002438e+02 9.2485952e-01]
 [8.3580841e+02 3.5001328e+02 9.0977037e-01]
 [7.8419690e+02 3.3713989e+02 8.8515341e-01]
 [0.0000000e+00 0.0000000e+00 0.0000000e+00]
 [0.0000000e+00 0.0000000e+00 0.0000000e+00]
 [0.0000000e+00 0.0000000e+00 0.0000000e+00]
 [0.0000000e+00 0.0000000e+00 0.0000000e+00]
 [0.0000000e+00 0.0000000e+00 0.0000000e+00]
 [0.0000000e+00 0.0000000e+00 0.0000000e+00]
 [0.0000000e+00 0.0000000e+00 0.0000000e+00]]
2020-05-27 21:03:15,701 {<Pose.UNKNOWN: 0>: 2.0495669161846308e-08, <Pose.SITTING: 1>: 0.9999964237213135, <Pose.STANDING: 2>: 3.5789425965049304e-06}
2020-05-27 21:03:15,701 Passenger 2: SITTING

2020-05-27 21:03:15,701 Passenger3
2020-05-27 21:03:15,702 
[[5.4505225e+02 2.3412085e+02 8.1708407e-01]
 [5.4869940e+02 2.5072809e+02 8.4675354e-01]
 [5.3220557e+02 2.5250139e+02 8.1047857e-01]
 [5.1931049e+02 2.6359412e+02 7.4016249e-01]
 [5.2852899e+02 2.4521327e+02 6.4240736e-01]
 [5.6350299e+02 2.5072079e+02 8.6689591e-01]
 [5.6352826e+02 2.7460104e+02 9.6111661e-01]
 [5.5053198e+02 2.5435666e+02 9.3822092e-01]
 [5.4684570e+02 3.1504596e+02 8.3416581e-01]
 [5.3579211e+02 3.1507883e+02 8.6947507e-01]
 [5.3408118e+02 3.7033881e+02 8.3607972e-01]
 [5.3408386e+02 4.1994641e+02 9.2001885e-01]
 [5.5610962e+02 3.1329474e+02 8.0791938e-01]
 [5.5796777e+02 3.6841910e+02 4.9021336e-01]
 [5.5429785e+02 4.1820102e+02 3.5399270e-01]
 [5.3595557e+02 2.3042407e+02 8.5637790e-01]
 [5.4877423e+02 2.2870744e+02 8.9716160e-01]
 [4.8083081e+02 2.3046036e+02 1.8061817e-01]
 [5.5252643e+02 2.3226863e+02 7.4988121e-01]
 [5.5063885e+02 4.2550906e+02 1.0978051e-01]
 [5.5434229e+02 4.2189966e+02 1.2653506e-01]
 [5.5237476e+02 4.1813040e+02 2.6345834e-01]
 [5.3401215e+02 4.3101376e+02 7.3043215e-01]
 [5.2666229e+02 4.2919864e+02 7.5694335e-01]
 [5.3586102e+02 4.2364001e+02 7.4849355e-01]]
2020-05-27 21:03:15,732 {<Pose.UNKNOWN: 0>: 1.8139976631914578e-08, <Pose.SITTING: 1>: 6.500103921780465e-08, <Pose.STANDING: 2>: 0.9999998807907104}
2020-05-27 21:03:15,732 Passenger 3: STANDING

2020-05-27 21:03:15,732 Passenger4
2020-05-27 21:03:15,733 
[[6.0766211e+02 3.9787457e+02 9.1920209e-01]
 [6.3155817e+02 4.1255811e+02 8.6698735e-01]
 [5.8006738e+02 4.1810410e+02 8.9674813e-01]
 [5.6526929e+02 4.8983841e+02 8.8509375e-01]
 [5.8181195e+02 5.4691876e+02 9.1780674e-01]
 [6.8300031e+02 4.0711127e+02 8.2254982e-01]
 [7.0697888e+02 4.9906335e+02 8.5195065e-01]
 [6.6655267e+02 5.6158398e+02 8.7034357e-01]
 [6.4069806e+02 5.1750787e+02 6.3575798e-01]
 [6.0949500e+02 5.2113330e+02 6.1202228e-01]
 [5.6716101e+02 5.5429504e+02 3.1897327e-01]
 [6.2605200e+02 6.1311292e+02 1.1062756e-01]
 [6.7013403e+02 5.1744153e+02 5.9605867e-01]
 [6.9037054e+02 6.0025952e+02 3.0076528e-01]
 [0.0000000e+00 0.0000000e+00 0.0000000e+00]
 [5.9659821e+02 3.8862198e+02 9.1152477e-01]
 [6.1869641e+02 3.8678775e+02 8.6080909e-01]
 [0.0000000e+00 0.0000000e+00 0.0000000e+00]
 [6.4440936e+02 3.7034058e+02 9.0266693e-01]
 [0.0000000e+00 0.0000000e+00 0.0000000e+00]
 [0.0000000e+00 0.0000000e+00 0.0000000e+00]
 [0.0000000e+00 0.0000000e+00 0.0000000e+00]
 [6.3155304e+02 6.3334436e+02 8.1508428e-02]
 [6.3152539e+02 6.2966882e+02 1.0123575e-01]
 [6.3154071e+02 6.1681470e+02 1.1048374e-01]]
2020-05-27 21:03:15,764 {<Pose.UNKNOWN: 0>: 7.081476247408625e-13, <Pose.SITTING: 1>: 1.0, <Pose.STANDING: 2>: 7.08921699121845e-10}
2020-05-27 21:03:15,764 Passenger 4: SITTING

2020-05-27 21:03:15,764 Passenger5
2020-05-27 21:03:15,765 
[[9.25262146e+01 3.53698730e+02 9.32184219e-01]
 [1.42164368e+02 3.99676514e+02 8.58920932e-01]
 [9.43503647e+01 4.01618103e+02 8.41561794e-01]
 [2.26146622e+01 4.54935669e+02 8.90805960e-01]
 [5.93949966e+01 4.91736481e+02 8.82570088e-01]
 [1.90004242e+02 3.96021881e+02 8.03606629e-01]
 [1.99231339e+02 4.84390503e+02 8.70618463e-01]
 [1.25669136e+02 5.21117310e+02 8.60779643e-01]
 [1.38514389e+02 5.41421814e+02 6.24034882e-01]
 [1.03514534e+02 5.43276428e+02 6.24030352e-01]
 [2.07840252e+01 6.14985413e+02 7.02297091e-01]
 [0.00000000e+00 0.00000000e+00 0.00000000e+00]
 [1.75245712e+02 5.39540344e+02 5.50392807e-01]
 [1.21925110e+02 6.11265259e+02 8.48077595e-01]
 [0.00000000e+00 0.00000000e+00 0.00000000e+00]
 [8.88428574e+01 3.42645111e+02 8.93830776e-01]
 [1.07138634e+02 3.42716003e+02 9.53775167e-01]
 [0.00000000e+00 0.00000000e+00 0.00000000e+00]
 [1.42191696e+02 3.44479584e+02 9.47057784e-01]
 [0.00000000e+00 0.00000000e+00 0.00000000e+00]
 [0.00000000e+00 0.00000000e+00 0.00000000e+00]
 [0.00000000e+00 0.00000000e+00 0.00000000e+00]
 [0.00000000e+00 0.00000000e+00 0.00000000e+00]
 [0.00000000e+00 0.00000000e+00 0.00000000e+00]
 [0.00000000e+00 0.00000000e+00 0.00000000e+00]]
2020-05-27 21:03:15,792 {<Pose.UNKNOWN: 0>: 1.18522370737284e-11, <Pose.SITTING: 1>: 1.0, <Pose.STANDING: 2>: 1.2893303091843222e-09}
2020-05-27 21:03:15,792 Passenger 5: SITTING

2020-05-27 21:03:15,793 Passenger6
2020-05-27 21:03:15,793 
[[4.7681903e+02 2.3230443e+02 3.0140617e-01]
 [4.7336490e+02 2.4341344e+02 5.9930682e-01]
 [4.6408688e+02 2.4344221e+02 5.7983339e-01]
 [4.6040201e+02 2.6356177e+02 4.3305928e-01]
 [4.6416727e+02 2.6905698e+02 4.2143065e-01]
 [4.7886694e+02 2.4515488e+02 5.3643662e-01]
 [4.8068106e+02 2.6358337e+02 4.3929398e-01]
 [4.7328372e+02 2.6913254e+02 4.2344671e-01]
 [4.7146509e+02 2.7467941e+02 4.6924487e-01]
 [4.6407837e+02 2.7642401e+02 5.1414055e-01]
 [4.6421582e+02 2.8932736e+02 2.6091886e-01]
 [4.5678970e+02 3.1702121e+02 2.0909692e-01]
 [4.7700742e+02 2.7469766e+02 4.8320317e-01]
 [4.7890939e+02 2.8938763e+02 4.7616792e-01]
 [4.6416187e+02 3.1883926e+02 3.4193274e-01]
 [4.7690768e+02 2.3046077e+02 2.7770284e-01]
 [4.7687820e+02 2.3044829e+02 3.2207423e-01]
 [4.8083081e+02 2.3046036e+02 1.8061817e-01]
 [4.7701031e+02 2.3232657e+02 2.6705399e-01]
 [0.0000000e+00 0.0000000e+00 0.0000000e+00]
 [0.0000000e+00 0.0000000e+00 0.0000000e+00]
 [4.6418326e+02 3.1883411e+02 1.8920806e-01]
 [4.5676541e+02 3.2250082e+02 7.0932835e-02]
 [4.5677698e+02 3.2245050e+02 7.3517270e-02]
 [4.6223126e+02 3.2426074e+02 1.5938635e-01]]
2020-05-27 21:03:15,820 {<Pose.UNKNOWN: 0>: 2.3200055158240085e-12, <Pose.SITTING: 1>: 1.0, <Pose.STANDING: 2>: 5.610560016577892e-09}
2020-05-27 21:03:15,821 Passenger 6: SITTING

2020-05-27 21:03:15,821 Passenger7
2020-05-27 21:03:15,822 
[[5.1205975e+02 2.2865942e+02 7.7270782e-01]
 [5.1020950e+02 2.4517419e+02 7.1103704e-01]
 [5.0824805e+02 2.4529451e+02 8.0015683e-01]
 [4.9911502e+02 2.7086658e+02 6.9676977e-01]
 [5.1195462e+02 2.6723294e+02 5.6707394e-01]
 [5.2301959e+02 2.4335480e+02 5.4887319e-01]
 [0.0000000e+00 0.0000000e+00 0.0000000e+00]
 [0.0000000e+00 0.0000000e+00 0.0000000e+00]
 [5.1017575e+02 2.8376849e+02 5.4532391e-01]
 [5.0635791e+02 2.8199219e+02 6.3376021e-01]
 [4.9729108e+02 2.9665991e+02 6.5262192e-01]
 [5.0458426e+02 3.2980927e+02 5.6687367e-01]
 [5.2112659e+02 2.8383582e+02 4.8354185e-01]
 [0.0000000e+00 0.0000000e+00 0.0000000e+00]
 [0.0000000e+00 0.0000000e+00 0.0000000e+00]
 [5.1015875e+02 2.2685246e+02 8.2298601e-01]
 [5.2298523e+02 2.2682765e+02 7.4691379e-01]
 [5.0831110e+02 2.2872896e+02 6.6779310e-01]
 [5.2482306e+02 2.2863658e+02 3.0808967e-01]
 [0.0000000e+00 0.0000000e+00 0.0000000e+00]
 [0.0000000e+00 0.0000000e+00 0.0000000e+00]
 [0.0000000e+00 0.0000000e+00 0.0000000e+00]
 [5.0462936e+02 3.3531812e+02 2.0184979e-01]
 [5.0086377e+02 3.3348322e+02 2.1813762e-01]
 [5.0459335e+02 3.3171725e+02 4.1483250e-01]]
2020-05-27 21:03:15,850 {<Pose.UNKNOWN: 0>: 4.490543353830034e-12, <Pose.SITTING: 1>: 1.0, <Pose.STANDING: 2>: 5.5317159741719024e-09}
2020-05-27 21:03:15,850 Passenger 7: SITTING

2020-05-27 21:03:15,851 Passenger8
2020-05-27 21:03:15,851 
[[5.8927118e+02 2.9848434e+02 9.2944908e-01]
 [5.8375122e+02 3.2242090e+02 8.9261043e-01]
 [5.6349567e+02 3.2611365e+02 8.7012798e-01]
 [5.5057050e+02 3.6104562e+02 9.3393040e-01]
 [5.6896729e+02 3.7399371e+02 8.1937307e-01]
 [6.0576318e+02 3.1883633e+02 7.7003610e-01]
 [0.0000000e+00 0.0000000e+00 0.0000000e+00]
 [0.0000000e+00 0.0000000e+00 0.0000000e+00]
 [5.8921887e+02 3.8864664e+02 3.1570354e-01]
 [5.7453967e+02 3.8864185e+02 4.9917537e-01]
 [5.6165991e+02 4.0160907e+02 4.0174878e-01]
 [0.0000000e+00 0.0000000e+00 0.0000000e+00]
 [6.0212842e+02 3.8687885e+02 2.4341656e-01]
 [0.0000000e+00 0.0000000e+00 0.0000000e+00]
 [0.0000000e+00 0.0000000e+00 0.0000000e+00]
 [5.8367468e+02 2.9298392e+02 9.3233418e-01]
 [5.9469647e+02 2.9118268e+02 9.3438047e-01]
 [5.7635022e+02 2.9666037e+02 7.3252165e-01]
 [5.9844568e+02 2.9487585e+02 2.2003028e-01]
 [0.0000000e+00 0.0000000e+00 0.0000000e+00]
 [0.0000000e+00 0.0000000e+00 0.0000000e+00]
 [0.0000000e+00 0.0000000e+00 0.0000000e+00]
 [0.0000000e+00 0.0000000e+00 0.0000000e+00]
 [0.0000000e+00 0.0000000e+00 0.0000000e+00]
 [0.0000000e+00 0.0000000e+00 0.0000000e+00]]
2020-05-27 21:03:15,882 {<Pose.UNKNOWN: 0>: 4.317013946320003e-08, <Pose.SITTING: 1>: 0.9999978542327881, <Pose.STANDING: 2>: 2.1041914806119166e-06}
2020-05-27 21:03:15,882 Passenger 8: SITTING

2020-05-27 21:03:15,882 Passenger9
2020-05-27 21:03:15,883 
[[2.0840675e+02 3.2613171e+02 8.9089555e-01]
 [2.2127017e+02 3.6110245e+02 8.7601596e-01]
 [1.8444385e+02 3.6297626e+02 7.7033424e-01]
 [0.0000000e+00 0.0000000e+00 0.0000000e+00]
 [0.0000000e+00 0.0000000e+00 0.0000000e+00]
 [2.5807303e+02 3.5924707e+02 8.9378828e-01]
 [2.6726801e+02 4.1632837e+02 5.1884508e-01]
 [0.0000000e+00 0.0000000e+00 0.0000000e+00]
 [2.2490233e+02 4.9172345e+02 2.1641657e-01]
 [1.9553986e+02 4.8804517e+02 1.8699995e-01]
 [0.0000000e+00 0.0000000e+00 0.0000000e+00]
 [0.0000000e+00 0.0000000e+00 0.0000000e+00]
 [2.5070316e+02 4.8801407e+02 2.8042257e-01]
 [2.3779288e+02 5.4137445e+02 6.3590154e-02]
 [0.0000000e+00 0.0000000e+00 0.0000000e+00]
 [2.0106505e+02 3.1879669e+02 9.3960428e-01]
 [2.1754391e+02 3.1701315e+02 9.1705686e-01]
 [1.9552347e+02 3.2612231e+02 2.1650247e-01]
 [2.3597382e+02 3.2428113e+02 7.9852676e-01]
 [0.0000000e+00 0.0000000e+00 0.0000000e+00]
 [0.0000000e+00 0.0000000e+00 0.0000000e+00]
 [0.0000000e+00 0.0000000e+00 0.0000000e+00]
 [0.0000000e+00 0.0000000e+00 0.0000000e+00]
 [0.0000000e+00 0.0000000e+00 0.0000000e+00]
 [0.0000000e+00 0.0000000e+00 0.0000000e+00]]
2020-05-27 21:03:15,913 {<Pose.UNKNOWN: 0>: 1.0, <Pose.SITTING: 1>: 3.8501671295598783e-10, <Pose.STANDING: 2>: 1.4338412235304077e-08}
2020-05-27 21:03:15,913 Passenger 9: UNKNOWN

2020-05-27 21:03:15,913 Passenger10
2020-05-27 21:03:15,914 
[[3.4824780e+02 3.1876584e+02 9.1223270e-01]
 [3.6846097e+02 3.5189990e+02 6.6811550e-01]
 [3.3720416e+02 3.5551724e+02 5.4735982e-01]
 [0.0000000e+00 0.0000000e+00 0.0000000e+00]
 [0.0000000e+00 0.0000000e+00 0.0000000e+00]
 [3.9606274e+02 3.5374152e+02 7.7787423e-01]
 [3.9426382e+02 3.9968674e+02 8.5661507e-01]
 [3.5921289e+02 3.8132385e+02 5.5202341e-01]
 [3.6660535e+02 4.3655969e+02 2.9118586e-01]
 [3.4081845e+02 4.3465903e+02 2.4567845e-01]
 [0.0000000e+00 0.0000000e+00 0.0000000e+00]
 [0.0000000e+00 0.0000000e+00 0.0000000e+00]
 [4.1445181e+02 4.2547238e+02 5.8552396e-01]
 [4.1259576e+02 4.7885544e+02 6.0363340e-01]
 [4.1622665e+02 5.3399292e+02 7.7037257e-01]
 [3.4274292e+02 3.1322247e+02 9.5943564e-01]
 [3.5743060e+02 3.1143320e+02 9.2293936e-01]
 [0.0000000e+00 0.0000000e+00 0.0000000e+00]
 [3.7584186e+02 3.1509174e+02 8.3301634e-01]
 [4.0713004e+02 5.5609570e+02 7.6815391e-01]
 [4.1814301e+02 5.5422711e+02 8.2307565e-01]
 [4.1623666e+02 5.3768701e+02 5.4973656e-01]
 [0.0000000e+00 0.0000000e+00 0.0000000e+00]
 [0.0000000e+00 0.0000000e+00 0.0000000e+00]
 [0.0000000e+00 0.0000000e+00 0.0000000e+00]]
2020-05-27 21:03:15,943 {<Pose.UNKNOWN: 0>: 7.819406278031238e-07, <Pose.SITTING: 1>: 0.13466690480709076, <Pose.STANDING: 2>: 0.8653322458267212}
2020-05-27 21:03:15,943 Passenger 10: STANDING

2020-05-27 21:03:15,943 Passenger11
2020-05-27 21:03:15,944 
[[7.07002747e+02 3.28005157e+02 8.23980272e-01]
 [7.05156982e+02 3.46356384e+02 6.61451042e-01]
 [6.84813293e+02 3.48171265e+02 7.18373358e-01]
 [6.81210999e+02 3.85028412e+02 2.44015545e-01]
 [6.99603638e+02 3.59252777e+02 9.93367583e-02]
 [7.25407532e+02 3.44596191e+02 6.61114573e-01]
 [7.21658752e+02 3.96038330e+02 8.41252580e-02]
 [0.00000000e+00 0.00000000e+00 0.00000000e+00]
 [7.18044312e+02 4.12622986e+02 9.26637948e-02]
 [7.05137695e+02 4.12602203e+02 1.12733774e-01]
 [0.00000000e+00 0.00000000e+00 0.00000000e+00]
 [0.00000000e+00 0.00000000e+00 0.00000000e+00]
 [0.00000000e+00 0.00000000e+00 0.00000000e+00]
 [0.00000000e+00 0.00000000e+00 0.00000000e+00]
 [0.00000000e+00 0.00000000e+00 0.00000000e+00]
 [6.99633667e+02 3.22515045e+02 8.25625539e-01]
 [7.12446106e+02 3.20595184e+02 8.68592083e-01]
 [6.90452759e+02 3.27984406e+02 6.47115529e-01]
 [7.21698059e+02 3.20683990e+02 4.99476403e-01]
 [0.00000000e+00 0.00000000e+00 0.00000000e+00]
 [0.00000000e+00 0.00000000e+00 0.00000000e+00]
 [0.00000000e+00 0.00000000e+00 0.00000000e+00]
 [0.00000000e+00 0.00000000e+00 0.00000000e+00]
 [0.00000000e+00 0.00000000e+00 0.00000000e+00]
 [0.00000000e+00 0.00000000e+00 0.00000000e+00]]
2020-05-27 21:03:15,972 {<Pose.UNKNOWN: 0>: 1.0, <Pose.SITTING: 1>: 1.0038947669980874e-15, <Pose.STANDING: 2>: 3.0965841327744437e-13}
2020-05-27 21:03:15,972 Passenger 11: UNKNOWN

2020-05-27 21:03:15,972 Passenger12
2020-05-27 21:03:15,973 
[[3.7397430e+02 2.4145868e+02 9.5572478e-01]
 [3.7588400e+02 2.6542392e+02 7.3022544e-01]
 [3.6109912e+02 2.6724387e+02 6.4176893e-01]
 [0.0000000e+00 0.0000000e+00 0.0000000e+00]
 [0.0000000e+00 0.0000000e+00 0.0000000e+00]
 [3.9418866e+02 2.6721747e+02 6.6221678e-01]
 [0.0000000e+00 0.0000000e+00 0.0000000e+00]
 [0.0000000e+00 0.0000000e+00 0.0000000e+00]
 [0.0000000e+00 0.0000000e+00 0.0000000e+00]
 [0.0000000e+00 0.0000000e+00 0.0000000e+00]
 [0.0000000e+00 0.0000000e+00 0.0000000e+00]
 [0.0000000e+00 0.0000000e+00 0.0000000e+00]
 [0.0000000e+00 0.0000000e+00 0.0000000e+00]
 [0.0000000e+00 0.0000000e+00 0.0000000e+00]
 [0.0000000e+00 0.0000000e+00 0.0000000e+00]
 [3.7213327e+02 2.3778131e+02 8.9397657e-01]
 [3.7590286e+02 2.3779385e+02 8.8564372e-01]
 [3.6843643e+02 2.4152184e+02 3.2635802e-01]
 [3.8503659e+02 2.4149753e+02 6.0029191e-01]
 [0.0000000e+00 0.0000000e+00 0.0000000e+00]
 [0.0000000e+00 0.0000000e+00 0.0000000e+00]
 [0.0000000e+00 0.0000000e+00 0.0000000e+00]
 [0.0000000e+00 0.0000000e+00 0.0000000e+00]
 [0.0000000e+00 0.0000000e+00 0.0000000e+00]
 [0.0000000e+00 0.0000000e+00 0.0000000e+00]]
2020-05-27 21:03:16,002 {<Pose.UNKNOWN: 0>: 1.0, <Pose.SITTING: 1>: 1.0287201909513677e-17, <Pose.STANDING: 2>: 4.852390868672132e-15}
2020-05-27 21:03:16,002 Passenger 12: UNKNOWN

2020-05-27 21:03:16,003 Passenger13
2020-05-27 21:03:16,003 
[[6.3336328e+02 3.0033624e+02 6.5987325e-01]
 [6.5549744e+02 3.0044040e+02 6.0958165e-01]
 [6.3525262e+02 3.0409415e+02 3.9905494e-01]
 [0.0000000e+00 0.0000000e+00 0.0000000e+00]
 [0.0000000e+00 0.0000000e+00 0.0000000e+00]
 [6.7571631e+02 2.9666589e+02 6.8632650e-01]
 [6.9413287e+02 2.9856778e+02 8.4250621e-02]
 [0.0000000e+00 0.0000000e+00 0.0000000e+00]
 [0.0000000e+00 0.0000000e+00 0.0000000e+00]
 [0.0000000e+00 0.0000000e+00 0.0000000e+00]
 [0.0000000e+00 0.0000000e+00 0.0000000e+00]
 [0.0000000e+00 0.0000000e+00 0.0000000e+00]
 [0.0000000e+00 0.0000000e+00 0.0000000e+00]
 [0.0000000e+00 0.0000000e+00 0.0000000e+00]
 [0.0000000e+00 0.0000000e+00 0.0000000e+00]
 [6.2435486e+02 2.9489789e+02 1.3007188e-01]
 [6.3704572e+02 2.9305139e+02 7.9050016e-01]
 [0.0000000e+00 0.0000000e+00 0.0000000e+00]
 [6.5356348e+02 2.9114154e+02 8.8172126e-01]
 [0.0000000e+00 0.0000000e+00 0.0000000e+00]
 [0.0000000e+00 0.0000000e+00 0.0000000e+00]
 [0.0000000e+00 0.0000000e+00 0.0000000e+00]
 [0.0000000e+00 0.0000000e+00 0.0000000e+00]
 [0.0000000e+00 0.0000000e+00 0.0000000e+00]
 [0.0000000e+00 0.0000000e+00 0.0000000e+00]]
2020-05-27 21:03:16,028 {<Pose.UNKNOWN: 0>: 1.0, <Pose.SITTING: 1>: 3.978069970854814e-18, <Pose.STANDING: 2>: 2.3052691991377796e-15}
2020-05-27 21:03:16,028 Passenger 13: UNKNOWN

2020-05-27 21:03:16,028 Passenger14
2020-05-27 21:03:16,029 
[[4.1626617e+02 2.9482474e+02 9.2522484e-01]
 [4.2919458e+02 3.2795944e+02 4.7019738e-01]
 [4.0521695e+02 3.2610043e+02 3.6244401e-01]
 [0.0000000e+00 0.0000000e+00 0.0000000e+00]
 [0.0000000e+00 0.0000000e+00 0.0000000e+00]
 [4.5127798e+02 3.2975308e+02 8.7297475e-01]
 [4.5487201e+02 3.6476746e+02 6.7099404e-01]
 [0.0000000e+00 0.0000000e+00 0.0000000e+00]
 [0.0000000e+00 0.0000000e+00 0.0000000e+00]
 [0.0000000e+00 0.0000000e+00 0.0000000e+00]
 [0.0000000e+00 0.0000000e+00 0.0000000e+00]
 [0.0000000e+00 0.0000000e+00 0.0000000e+00]
 [0.0000000e+00 0.0000000e+00 0.0000000e+00]
 [0.0000000e+00 0.0000000e+00 0.0000000e+00]
 [0.0000000e+00 0.0000000e+00 0.0000000e+00]
 [4.1076361e+02 2.8758524e+02 9.2677593e-01]
 [4.2176199e+02 2.8754013e+02 9.6039957e-01]
 [0.0000000e+00 0.0000000e+00 0.0000000e+00]
 [4.3650952e+02 2.9300131e+02 9.1868472e-01]
 [0.0000000e+00 0.0000000e+00 0.0000000e+00]
 [0.0000000e+00 0.0000000e+00 0.0000000e+00]
 [0.0000000e+00 0.0000000e+00 0.0000000e+00]
 [0.0000000e+00 0.0000000e+00 0.0000000e+00]
 [0.0000000e+00 0.0000000e+00 0.0000000e+00]
 [0.0000000e+00 0.0000000e+00 0.0000000e+00]]
2020-05-27 21:03:16,053 {<Pose.UNKNOWN: 0>: 1.0, <Pose.SITTING: 1>: 3.1965805819515617e-17, <Pose.STANDING: 2>: 1.1622178032791829e-14}
2020-05-27 21:03:16,053 Passenger 14: UNKNOWN

2020-05-27 21:03:16,054 Passenger15
2020-05-27 21:03:16,054 
[[  0.           0.           0.        ]
 [  0.           0.           0.        ]
 [  0.           0.           0.        ]
 [  0.           0.           0.        ]
 [  0.           0.           0.        ]
 [416.30396    348.20016      0.8440458 ]
 [438.4161     388.69043      0.8119193 ]
 [407.10764    399.7202       0.80334365]
 [  0.           0.           0.        ]
 [  0.           0.           0.        ]
 [  0.           0.           0.        ]
 [  0.           0.           0.        ]
 [  0.           0.           0.        ]
 [  0.           0.           0.        ]
 [  0.           0.           0.        ]
 [  0.           0.           0.        ]
 [  0.           0.           0.        ]
 [  0.           0.           0.        ]
 [397.852      316.97595      0.58702654]
 [  0.           0.           0.        ]
 [  0.           0.           0.        ]
 [  0.           0.           0.        ]
 [  0.           0.           0.        ]
 [  0.           0.           0.        ]
 [  0.           0.           0.        ]]
2020-05-27 21:03:16,078 {<Pose.UNKNOWN: 0>: 1.0, <Pose.SITTING: 1>: 1.4891637442021714e-18, <Pose.STANDING: 2>: 1.1569577498525573e-15}
2020-05-27 21:03:16,078 Passenger 15: UNKNOWN

2020-05-27 21:03:16,078 Passenger16
2020-05-27 21:03:16,081 
[[3.9420834e+02 3.2974219e+02 4.3592581e-01]
 [0.0000000e+00 0.0000000e+00 0.0000000e+00]
 [0.0000000e+00 0.0000000e+00 0.0000000e+00]
 [0.0000000e+00 0.0000000e+00 0.0000000e+00]
 [0.0000000e+00 0.0000000e+00 0.0000000e+00]
 [0.0000000e+00 0.0000000e+00 0.0000000e+00]
 [0.0000000e+00 0.0000000e+00 0.0000000e+00]
 [0.0000000e+00 0.0000000e+00 0.0000000e+00]
 [0.0000000e+00 0.0000000e+00 0.0000000e+00]
 [0.0000000e+00 0.0000000e+00 0.0000000e+00]
 [0.0000000e+00 0.0000000e+00 0.0000000e+00]
 [0.0000000e+00 0.0000000e+00 0.0000000e+00]
 [0.0000000e+00 0.0000000e+00 0.0000000e+00]
 [0.0000000e+00 0.0000000e+00 0.0000000e+00]
 [0.0000000e+00 0.0000000e+00 0.0000000e+00]
 [3.9051868e+02 3.2615445e+02 3.0808026e-01]
 [3.9964893e+02 3.2426215e+02 5.3078306e-01]
 [0.0000000e+00 0.0000000e+00 0.0000000e+00]
 [0.0000000e+00 0.0000000e+00 0.0000000e+00]
 [0.0000000e+00 0.0000000e+00 0.0000000e+00]
 [0.0000000e+00 0.0000000e+00 0.0000000e+00]
 [0.0000000e+00 0.0000000e+00 0.0000000e+00]
 [0.0000000e+00 0.0000000e+00 0.0000000e+00]
 [0.0000000e+00 0.0000000e+00 0.0000000e+00]
 [0.0000000e+00 0.0000000e+00 0.0000000e+00]]
2020-05-27 21:03:16,107 {<Pose.UNKNOWN: 0>: 1.0, <Pose.SITTING: 1>: 1.615830738583029e-18, <Pose.STANDING: 2>: 1.0950012072882863e-15}
2020-05-27 21:03:16,107 Passenger 16: UNKNOWN

2020-05-27 21:03:16,107 Passenger17
2020-05-27 21:03:16,107 
[[2.7831223e+02 3.0226379e+02 2.2194983e-01]
 [0.0000000e+00 0.0000000e+00 0.0000000e+00]
 [0.0000000e+00 0.0000000e+00 0.0000000e+00]
 [0.0000000e+00 0.0000000e+00 0.0000000e+00]
 [0.0000000e+00 0.0000000e+00 0.0000000e+00]
 [2.9299139e+02 3.2063162e+02 5.0901897e-02]
 [0.0000000e+00 0.0000000e+00 0.0000000e+00]
 [0.0000000e+00 0.0000000e+00 0.0000000e+00]
 [0.0000000e+00 0.0000000e+00 0.0000000e+00]
 [0.0000000e+00 0.0000000e+00 0.0000000e+00]
 [0.0000000e+00 0.0000000e+00 0.0000000e+00]
 [0.0000000e+00 0.0000000e+00 0.0000000e+00]
 [0.0000000e+00 0.0000000e+00 0.0000000e+00]
 [0.0000000e+00 0.0000000e+00 0.0000000e+00]
 [0.0000000e+00 0.0000000e+00 0.0000000e+00]
 [0.0000000e+00 0.0000000e+00 0.0000000e+00]
 [2.8198456e+02 3.0034024e+02 2.9153562e-01]
 [0.0000000e+00 0.0000000e+00 0.0000000e+00]
 [2.8750543e+02 3.0225311e+02 3.4388617e-01]
 [0.0000000e+00 0.0000000e+00 0.0000000e+00]
 [0.0000000e+00 0.0000000e+00 0.0000000e+00]
 [0.0000000e+00 0.0000000e+00 0.0000000e+00]
 [0.0000000e+00 0.0000000e+00 0.0000000e+00]
 [0.0000000e+00 0.0000000e+00 0.0000000e+00]
 [0.0000000e+00 0.0000000e+00 0.0000000e+00]]
2020-05-27 21:03:16,134 {<Pose.UNKNOWN: 0>: 1.0, <Pose.SITTING: 1>: 1.3434702515640986e-18, <Pose.STANDING: 2>: 1.000007626924019e-15}
2020-05-27 21:03:16,135 Passenger 17: UNKNOWN

2020-05-27 21:03:16,149 C:\Users\User\OneDrive - Nanyang Technological University\Data Analytics\Human Activity Recognition\images\Subway\processed\20200527-210304-00007.jpg
2020-05-27 21:03:16,149 Successfully saved

