2020-05-27 21:01:46,218 Processing Image: 00001
2020-05-27 21:01:57,799 Passenger1
2020-05-27 21:01:57,800 
[[2.5062225e+02 3.4571909e+02 8.9250469e-01]
 [2.0894974e+02 3.6070370e+02 8.1461185e-01]
 [1.9894817e+02 3.7067404e+02 8.4654433e-01]
 [2.0391466e+02 4.3241049e+02 8.9709306e-01]
 [2.4898207e+02 4.1073730e+02 9.0566558e-01]
 [2.2061299e+02 3.5235129e+02 6.3401812e-01]
 [2.3559442e+02 3.9239148e+02 3.2463092e-01]
 [2.5396892e+02 3.9567856e+02 5.5881441e-01]
 [2.3232130e+02 4.4406900e+02 6.5785581e-01]
 [2.2226277e+02 4.5074899e+02 6.3174617e-01]
 [3.0071756e+02 4.7076212e+02 9.1144705e-01]
 [3.5905408e+02 5.3244452e+02 7.1895742e-01]
 [2.4399211e+02 4.3575598e+02 5.9484351e-01]
 [3.2399466e+02 4.3911703e+02 7.3453689e-01]
 [3.2734213e+02 5.4246838e+02 7.2414428e-01]
 [2.4729268e+02 3.3906125e+02 9.5931858e-01]
 [2.5727213e+02 3.3740115e+02 2.1364762e-01]
 [2.3057790e+02 3.3072784e+02 7.8136295e-01]
 [0.0000000e+00 0.0000000e+00 0.0000000e+00]
 [3.6065768e+02 5.5582898e+02 4.3522453e-01]
 [3.5900726e+02 5.5575269e+02 3.8682404e-01]
 [3.2233643e+02 5.5417102e+02 7.6634026e-01]
 [3.9569037e+02 5.4075031e+02 6.8397081e-01]
 [3.8571411e+02 5.4584296e+02 6.8210804e-01]
 [3.6072678e+02 5.4246722e+02 5.4483157e-01]]
2020-05-27 21:01:57,833 {<Pose.UNKNOWN: 0>: 1.534733513608444e-07, <Pose.SITTING: 1>: 0.9999984502792358, <Pose.STANDING: 2>: 1.3936012237536488e-06}
2020-05-27 21:01:57,833 Passenger 1: SITTING

2020-05-27 21:01:57,834 Passenger2
2020-05-27 21:01:57,835 
[[0.0000000e+00 0.0000000e+00 0.0000000e+00]
 [3.6731500e+02 2.8904376e+02 7.5626624e-01]
 [3.7238522e+02 2.9069043e+02 7.3194230e-01]
 [3.7737076e+02 3.0234607e+02 6.1706060e-01]
 [3.8240326e+02 2.9902914e+02 2.7974936e-01]
 [3.6071893e+02 2.8897098e+02 6.4986145e-01]
 [3.5733920e+02 3.0563321e+02 9.3774751e-02]
 [0.0000000e+00 0.0000000e+00 0.0000000e+00]
 [3.5572672e+02 3.2232895e+02 7.4402332e-01]
 [3.6230380e+02 3.2394952e+02 7.8061098e-01]
 [3.6068750e+02 3.4904779e+02 6.6753095e-01]
 [3.5737003e+02 3.7068207e+02 2.2285190e-01]
 [3.5240280e+02 3.2068423e+02 7.1748930e-01]
 [3.5401141e+02 3.4731250e+02 4.6833795e-01]
 [3.5072177e+02 3.6742429e+02 2.9654464e-01]
 [0.0000000e+00 0.0000000e+00 0.0000000e+00]
 [0.0000000e+00 0.0000000e+00 0.0000000e+00]
 [3.7735809e+02 2.7734070e+02 3.5919863e-01]
 [3.6737708e+02 2.7562476e+02 6.4262338e-02]
 [0.0000000e+00 0.0000000e+00 0.0000000e+00]
 [0.0000000e+00 0.0000000e+00 0.0000000e+00]
 [3.5234058e+02 3.6905612e+02 1.6985080e-01]
 [0.0000000e+00 0.0000000e+00 0.0000000e+00]
 [0.0000000e+00 0.0000000e+00 0.0000000e+00]
 [3.5905685e+02 3.6730014e+02 1.4832646e-01]]
2020-05-27 21:01:57,864 {<Pose.UNKNOWN: 0>: 4.767256996274227e-06, <Pose.SITTING: 1>: 0.00012794765643775463, <Pose.STANDING: 2>: 0.99986732006073}
2020-05-27 21:01:57,864 Passenger 2: STANDING

2020-05-27 21:01:57,864 Passenger3
2020-05-27 21:01:57,865 
[[5.8254974e+02 2.1225185e+02 9.0412128e-01]
 [6.1419470e+02 2.5563672e+02 8.3287561e-01]
 [5.9586200e+02 2.5060287e+02 8.1308377e-01]
 [5.6243201e+02 2.7737509e+02 8.8240361e-01]
 [5.5245599e+02 2.3565161e+02 9.2629445e-01]
 [6.3247681e+02 2.6059195e+02 8.4776551e-01]
 [6.3248535e+02 3.2400595e+02 7.9656589e-01]
 [6.2082471e+02 3.8566971e+02 8.3779120e-01]
 [6.1415448e+02 3.5901770e+02 6.1522478e-01]
 [6.0249542e+02 3.5573169e+02 6.1474192e-01]
 [5.8911957e+02 4.3742868e+02 5.8313525e-01]
 [5.9585876e+02 5.2240558e+02 7.2411519e-01]
 [6.2421820e+02 3.6238657e+02 5.6862235e-01]
 [6.1917194e+02 4.4409894e+02 4.7460049e-01]
 [6.2752728e+02 5.4243329e+02 7.7700442e-01]
 [5.8248560e+02 2.0556262e+02 1.8128915e-01]
 [5.9242450e+02 2.0724496e+02 9.6636301e-01]
 [0.0000000e+00 0.0000000e+00 0.0000000e+00]
 [6.1415326e+02 2.1390849e+02 8.9713430e-01]
 [5.9082794e+02 5.5911572e+02 8.4589916e-01]
 [5.9917212e+02 5.6250781e+02 8.8115525e-01]
 [6.3752686e+02 5.5250934e+02 7.3036921e-01]
 [5.6084387e+02 5.3083453e+02 8.0234265e-01]
 [5.6414911e+02 5.2746667e+02 7.5546169e-01]
 [6.0083698e+02 5.3079364e+02 5.9797513e-01]]
2020-05-27 21:01:57,893 {<Pose.UNKNOWN: 0>: 7.818933944747641e-09, <Pose.SITTING: 1>: 1.2107297209240642e-07, <Pose.STANDING: 2>: 0.9999998807907104}
2020-05-27 21:01:57,893 Passenger 3: STANDING

2020-05-27 21:01:57,893 Passenger4
2020-05-27 21:01:57,895 
[[3.1561960e+02 2.7062149e+02 9.6620396e-02]
 [2.9737595e+02 2.8403436e+02 7.7451062e-01]
 [3.0398553e+02 2.8729611e+02 8.4596032e-01]
 [3.0733499e+02 3.0896863e+02 6.9016731e-01]
 [3.1737311e+02 2.9062317e+02 7.2303677e-01]
 [2.9068265e+02 2.8229315e+02 6.5875626e-01]
 [3.0568616e+02 3.1064273e+02 1.2663724e-01]
 [3.2233578e+02 3.1236432e+02 2.1720387e-01]
 [2.9894308e+02 3.4070599e+02 6.2956762e-01]
 [3.0231311e+02 3.4237073e+02 7.2574753e-01]
 [0.0000000e+00 0.0000000e+00 0.0000000e+00]
 [0.0000000e+00 0.0000000e+00 0.0000000e+00]
 [2.9234637e+02 3.3905923e+02 5.0879890e-01]
 [0.0000000e+00 0.0000000e+00 0.0000000e+00]
 [0.0000000e+00 0.0000000e+00 0.0000000e+00]
 [3.1397086e+02 2.6400006e+02 1.1879830e-01]
 [0.0000000e+00 0.0000000e+00 0.0000000e+00]
 [3.1067398e+02 2.6563495e+02 7.0627379e-01]
 [2.9735324e+02 2.6070230e+02 1.4036323e-01]
 [0.0000000e+00 0.0000000e+00 0.0000000e+00]
 [0.0000000e+00 0.0000000e+00 0.0000000e+00]
 [0.0000000e+00 0.0000000e+00 0.0000000e+00]
 [0.0000000e+00 0.0000000e+00 0.0000000e+00]
 [0.0000000e+00 0.0000000e+00 0.0000000e+00]
 [0.0000000e+00 0.0000000e+00 0.0000000e+00]]
2020-05-27 21:01:57,922 {<Pose.UNKNOWN: 0>: 0.9999983310699463, <Pose.SITTING: 1>: 3.9815297725454e-08, <Pose.STANDING: 2>: 1.6518486063432647e-06}
2020-05-27 21:01:57,922 Passenger 4: UNKNOWN

2020-05-27 21:01:57,922 Passenger5
2020-05-27 21:01:57,922 
[[3.4569797e+02 3.9571954e+02 4.3478528e-01]
 [3.1731903e+02 3.7907803e+02 7.1082705e-01]
 [3.1070535e+02 3.8573315e+02 8.0585253e-01]
 [3.3904782e+02 4.1908850e+02 9.4298619e-01]
 [3.4898843e+02 4.0067868e+02 7.4696147e-01]
 [3.2404697e+02 3.7234985e+02 6.5120947e-01]
 [3.3563300e+02 3.9735306e+02 7.9342805e-02]
 [3.3734995e+02 3.9739072e+02 7.7171490e-02]
 [2.8068573e+02 4.1910880e+02 4.4209194e-01]
 [2.7897491e+02 4.2077020e+02 5.7583565e-01]
 [3.2567642e+02 4.3738110e+02 5.4782057e-01]
 [3.3072360e+02 5.0577225e+02 3.5142276e-01]
 [2.8397018e+02 4.1901956e+02 3.8043091e-01]
 [0.0000000e+00 0.0000000e+00 0.0000000e+00]
 [0.0000000e+00 0.0000000e+00 0.0000000e+00]
 [3.4906329e+02 3.9238339e+02 5.3821969e-01]
 [0.0000000e+00 0.0000000e+00 0.0000000e+00]
 [3.4398245e+02 3.8401453e+02 8.4418327e-01]
 [0.0000000e+00 0.0000000e+00 0.0000000e+00]
 [0.0000000e+00 0.0000000e+00 0.0000000e+00]
 [0.0000000e+00 0.0000000e+00 0.0000000e+00]
 [0.0000000e+00 0.0000000e+00 0.0000000e+00]
 [0.0000000e+00 0.0000000e+00 0.0000000e+00]
 [0.0000000e+00 0.0000000e+00 0.0000000e+00]
 [3.3072052e+02 5.0578888e+02 9.6061304e-02]]
2020-05-27 21:01:57,952 {<Pose.UNKNOWN: 0>: 7.710336831223685e-07, <Pose.SITTING: 1>: 0.9999629259109497, <Pose.STANDING: 2>: 3.631163417594507e-05}
2020-05-27 21:01:57,952 Passenger 5: SITTING

2020-05-27 21:01:57,968 C:\Users\User\OneDrive - Nanyang Technological University\Data Analytics\Human Activity Recognition\images\Subway\processed\20200527-210146-00001.jpg
2020-05-27 21:01:57,968 Successfully saved

