2020-05-27 21:03:34,682 Processing Image: 00010
2020-05-27 21:03:45,355 Passenger1
2020-05-27 21:03:45,356 
[[5.1846686e+02 3.4491476e+02 9.7958297e-01]
 [4.8700925e+02 3.8448804e+02 9.0376860e-01]
 [4.5007935e+02 3.8962125e+02 8.8027674e-01]
 [4.8436743e+02 4.7644965e+02 8.3571458e-01]
 [5.4481421e+02 4.2904700e+02 9.0068692e-01]
 [5.2643445e+02 3.8179510e+02 8.5064465e-01]
 [5.6065814e+02 4.4755905e+02 3.8337296e-01]
 [0.0000000e+00 0.0000000e+00 0.0000000e+00]
 [5.2643774e+02 5.1852930e+02 8.3121210e-01]
 [4.9753122e+02 5.2375690e+02 7.5464499e-01]
 [0.0000000e+00 0.0000000e+00 0.0000000e+00]
 [0.0000000e+00 0.0000000e+00 0.0000000e+00]
 [5.5277100e+02 5.1325238e+02 8.0425197e-01]
 [6.2890448e+02 5.3174445e+02 9.5014316e-01]
 [6.0001782e+02 6.7625983e+02 8.8070810e-01]
 [5.1057764e+02 3.3177856e+02 9.2238104e-01]
 [5.2374048e+02 3.3180347e+02 7.5115913e-01]
 [4.7391489e+02 3.2659955e+02 9.5146859e-01]
 [0.0000000e+00 0.0000000e+00 0.0000000e+00]
 [6.6053149e+02 6.8938171e+02 8.8231045e-01]
 [6.7363666e+02 6.7629895e+02 9.0690231e-01]
 [5.8695300e+02 6.8690057e+02 7.3217642e-01]
 [0.0000000e+00 0.0000000e+00 0.0000000e+00]
 [0.0000000e+00 0.0000000e+00 0.0000000e+00]
 [0.0000000e+00 0.0000000e+00 0.0000000e+00]]
2020-05-27 21:03:45,391 {<Pose.UNKNOWN: 0>: 6.450002754121442e-10, <Pose.SITTING: 1>: 0.9999995231628418, <Pose.STANDING: 2>: 4.2780882836268574e-07}
2020-05-27 21:03:45,391 Passenger 1: SITTING

2020-05-27 21:03:45,392 Passenger2
2020-05-27 21:03:45,392 
[[1.1049779e+03 2.8444571e+02 9.1874647e-01]
 [1.1470092e+03 3.0810510e+02 8.7243217e-01]
 [1.1575107e+03 3.0289536e+02 8.2321680e-01]
 [1.1836863e+03 3.2919345e+02 1.4115028e-01]
 [1.1048739e+03 3.4764783e+02 1.3611899e-01]
 [1.1391068e+03 3.1081882e+02 9.0841889e-01]
 [1.1311353e+03 3.6604449e+02 9.7118068e-01]
 [1.0970072e+03 3.5032993e+02 9.1434848e-01]
 [1.1548857e+03 4.1591226e+02 7.8438008e-01]
 [1.1652927e+03 4.1329449e+02 7.5739539e-01]
 [1.1522201e+03 4.9753683e+02 8.2836759e-01]
 [1.1600804e+03 5.7111395e+02 6.8226296e-01]
 [1.1469655e+03 4.1856393e+02 8.1580138e-01]
 [1.1496909e+03 4.9758481e+02 8.6718851e-01]
 [1.1652993e+03 5.7380737e+02 8.2786900e-01]
 [0.0000000e+00 0.0000000e+00 0.0000000e+00]
 [1.1101118e+03 2.7914905e+02 8.8589585e-01]
 [0.0000000e+00 0.0000000e+00 0.0000000e+00]
 [1.1260459e+03 2.7666940e+02 8.4882259e-01]
 [1.1364299e+03 5.8423645e+02 5.1106638e-01]
 [1.1391104e+03 5.8686151e+02 4.5980957e-01]
 [1.1680291e+03 5.8160126e+02 6.1910212e-01]
 [1.1338740e+03 5.8159491e+02 3.3933574e-01]
 [1.1364723e+03 5.7899286e+02 3.2066670e-01]
 [1.1627767e+03 5.7895081e+02 3.5884517e-01]]
2020-05-27 21:03:45,421 {<Pose.UNKNOWN: 0>: 2.380468711038475e-09, <Pose.SITTING: 1>: 1.0194487920500706e-08, <Pose.STANDING: 2>: 1.0}
2020-05-27 21:03:45,422 Passenger 2: STANDING

2020-05-27 21:03:45,422 Passenger3
2020-05-27 21:03:45,423 
[[9.1568335e+02 2.8704480e+02 5.7093608e-01]
 [9.5238904e+02 3.0813412e+02 8.9550632e-01]
 [9.8131543e+02 3.0811121e+02 8.5583085e-01]
 [9.1815918e+02 3.2917593e+02 3.3435601e-01]
 [8.9198126e+02 2.8451913e+02 4.1958830e-01]
 [9.3653632e+02 3.1072464e+02 8.3582407e-01]
 [9.2607190e+02 3.5813492e+02 4.1687572e-01]
 [8.9190088e+02 2.8441373e+02 2.6405740e-01]
 [9.5509747e+02 4.1600375e+02 8.1704515e-01]
 [9.8137360e+02 4.0812531e+02 7.7690297e-01]
 [9.6039954e+02 4.8695761e+02 8.5479712e-01]
 [9.6295422e+02 5.5801324e+02 7.9193211e-01]
 [9.3933685e+02 4.1858948e+02 8.1355685e-01]
 [9.3657379e+02 4.8959973e+02 8.7091744e-01]
 [9.4982214e+02 5.5262433e+02 8.4386754e-01]
 [0.0000000e+00 0.0000000e+00 0.0000000e+00]
 [9.1821045e+02 2.8175592e+02 7.3873925e-01]
 [0.0000000e+00 0.0000000e+00 0.0000000e+00]
 [9.3391205e+02 2.7927725e+02 9.2007482e-01]
 [9.3659558e+02 5.6844818e+02 5.7930338e-01]
 [9.3927130e+02 5.6845349e+02 5.7517183e-01]
 [9.5502100e+02 5.6062469e+02 5.9616536e-01]
 [0.0000000e+00 0.0000000e+00 0.0000000e+00]
 [0.0000000e+00 0.0000000e+00 0.0000000e+00]
 [9.7073962e+02 5.6587000e+02 5.2802116e-01]]
2020-05-27 21:03:45,451 {<Pose.UNKNOWN: 0>: 5.877638287188347e-08, <Pose.SITTING: 1>: 6.751205546606798e-06, <Pose.STANDING: 2>: 0.9999932050704956}
2020-05-27 21:03:45,451 Passenger 3: STANDING

2020-05-27 21:03:45,452 Passenger4
2020-05-27 21:03:45,452 
[[1.21479233e+02 1.18884758e+02 2.91321248e-01]
 [1.95126160e+02 1.81921585e+02 8.35548222e-01]
 [2.42391708e+02 2.00272369e+02 8.16202939e-01]
 [2.58151337e+02 3.23903137e+02 8.68462503e-01]
 [1.95094040e+02 3.31856323e+02 7.29807541e-02]
 [1.47819153e+02 1.66124710e+02 8.28603268e-01]
 [1.53039825e+02 2.79166870e+02 8.57863128e-01]
 [8.98145523e+01 3.16077087e+02 8.24852884e-01]
 [1.89841446e+02 4.13304565e+02 5.78375280e-01]
 [2.29218002e+02 4.13359344e+02 5.85793734e-01]
 [2.18752609e+02 5.89511475e+02 8.44093680e-01]
 [2.13508377e+02 7.60420715e+02 8.20963323e-01]
 [1.50383911e+02 4.13363800e+02 5.71060956e-01]
 [1.45156677e+02 5.99999207e+02 8.20269167e-01]
 [1.58348511e+02 7.84117310e+02 8.62653494e-01]
 [0.00000000e+00 0.00000000e+00 0.00000000e+00]
 [1.18918205e+02 1.08302841e+02 4.94170368e-01]
 [1.92447189e+02 1.05725784e+02 6.86469972e-02]
 [1.39846680e+02 9.78275909e+01 9.04145062e-01]
 [8.98322601e+01 8.05137573e+02 8.05801392e-01]
 [1.05622772e+02 8.10437561e+02 8.37198377e-01]
 [1.76680435e+02 7.99847595e+02 8.78309309e-01]
 [1.84613647e+02 7.42036377e+02 2.68066406e-01]
 [1.89882156e+02 7.42046204e+02 2.64168411e-01]
 [2.18743530e+02 7.76298279e+02 8.50222290e-01]]
2020-05-27 21:03:45,481 {<Pose.UNKNOWN: 0>: 4.151915700134623e-09, <Pose.SITTING: 1>: 1.648724001768187e-08, <Pose.STANDING: 2>: 1.0}
2020-05-27 21:03:45,481 Passenger 4: STANDING

2020-05-27 21:03:45,482 Passenger5
2020-05-27 21:03:45,483 
[[4.3173038e+02 3.5816983e+02 4.0949610e-01]
 [3.7396255e+02 3.8703308e+02 8.6289853e-01]
 [3.3180566e+02 3.8441995e+02 8.2734382e-01]
 [3.2389124e+02 4.7653009e+02 8.7961251e-01]
 [4.2385889e+02 4.9218332e+02 8.2001472e-01]
 [4.2117133e+02 3.8965289e+02 8.1318712e-01]
 [4.5017630e+02 4.7114957e+02 2.9984668e-01]
 [4.6860544e+02 4.7643655e+02 4.1986173e-01]
 [3.8440628e+02 5.2383331e+02 7.1564883e-01]
 [3.5284122e+02 5.2641077e+02 6.6826689e-01]
 [4.5006754e+02 5.5788965e+02 9.5766109e-01]
 [4.4225861e+02 7.2101971e+02 7.8965974e-01]
 [4.1339621e+02 5.2374725e+02 6.7411113e-01]
 [5.0798752e+02 5.5000275e+02 8.7537038e-01]
 [5.2382056e+02 6.9209662e+02 7.8494292e-01]
 [4.2647717e+02 3.4760934e+02 4.5924693e-01]
 [0.0000000e+00 0.0000000e+00 0.0000000e+00]
 [3.9756580e+02 3.4227661e+02 5.7907236e-01]
 [0.0000000e+00 0.0000000e+00 0.0000000e+00]
 [5.4747748e+02 7.2105109e+02 7.7076560e-01]
 [5.6054047e+02 7.1566779e+02 8.6250079e-01]
 [5.1585370e+02 7.1043585e+02 7.7081454e-01]
 [4.9219995e+02 7.4194226e+02 7.7937651e-01]
 [4.7120465e+02 7.4731866e+02 7.9808593e-01]
 [4.3170447e+02 7.3674823e+02 8.1902564e-01]]
2020-05-27 21:03:45,513 {<Pose.UNKNOWN: 0>: 5.19773550422542e-07, <Pose.SITTING: 1>: 0.99998939037323, <Pose.STANDING: 2>: 1.0123264473804738e-05}
2020-05-27 21:03:45,513 Passenger 5: SITTING

2020-05-27 21:03:45,513 Passenger6
2020-05-27 21:03:45,514 
[[9.76220520e+02 2.89799469e+02 7.42943406e-01]
 [1.01278851e+03 3.05510620e+02 7.75574327e-01]
 [0.00000000e+00 0.00000000e+00 0.00000000e+00]
 [0.00000000e+00 0.00000000e+00 0.00000000e+00]
 [0.00000000e+00 0.00000000e+00 0.00000000e+00]
 [1.02073730e+03 3.02909119e+02 9.35129583e-01]
 [1.03388574e+03 3.47577148e+02 9.04225707e-01]
 [1.00232690e+03 3.71286377e+02 8.64158511e-01]
 [1.01544928e+03 3.97588379e+02 7.49909401e-01]
 [0.00000000e+00 0.00000000e+00 0.00000000e+00]
 [0.00000000e+00 0.00000000e+00 0.00000000e+00]
 [0.00000000e+00 0.00000000e+00 0.00000000e+00]
 [1.02073615e+03 3.97636383e+02 8.98770034e-01]
 [1.01816077e+03 4.73787048e+02 9.27805603e-01]
 [1.03647449e+03 5.47379456e+02 8.96685958e-01]
 [9.78583557e+02 2.87059601e+02 1.74643770e-01]
 [9.78710144e+02 2.84462830e+02 8.66772294e-01]
 [0.00000000e+00 0.00000000e+00 0.00000000e+00]
 [9.94447571e+02 2.79246460e+02 8.43557239e-01]
 [9.99794861e+02 5.55262146e+02 8.59257877e-01]
 [1.01283264e+03 5.57939331e+02 8.59110355e-01]
 [1.04187781e+03 5.55409363e+02 9.15234804e-01]
 [0.00000000e+00 0.00000000e+00 0.00000000e+00]
 [0.00000000e+00 0.00000000e+00 0.00000000e+00]
 [0.00000000e+00 0.00000000e+00 0.00000000e+00]]
2020-05-27 21:03:45,541 {<Pose.UNKNOWN: 0>: 2.657167819108963e-09, <Pose.SITTING: 1>: 2.8933609428349882e-06, <Pose.STANDING: 2>: 0.9999971389770508}
2020-05-27 21:03:45,541 Passenger 6: STANDING

2020-05-27 21:03:45,541 Passenger7
2020-05-27 21:03:45,542 
[[8.0765985e+02 3.8708795e+02 9.4430912e-01]
 [7.7359930e+02 4.0020425e+02 8.2952321e-01]
 [7.6042224e+02 4.0020386e+02 8.4757972e-01]
 [7.6568176e+02 4.5016226e+02 6.7398345e-01]
 [8.0511450e+02 4.3177649e+02 8.4566158e-01]
 [7.8683374e+02 4.0277713e+02 8.4860206e-01]
 [7.7619910e+02 4.5017133e+02 5.2085567e-01]
 [8.1041241e+02 4.3174677e+02 4.4596741e-01]
 [7.8415033e+02 4.7649686e+02 6.3505125e-01]
 [7.6045416e+02 4.7902423e+02 6.3701040e-01]
 [8.3414264e+02 4.5800815e+02 9.2958277e-01]
 [8.9716064e+02 5.3695209e+02 7.7705806e-01]
 [8.0250830e+02 4.7642065e+02 6.4244199e-01]
 [8.3935809e+02 4.9488666e+02 9.6430641e-01]
 [8.3936444e+02 6.0534119e+02 8.4529436e-01]
 [8.0502692e+02 3.8178409e+02 9.1234261e-01]
 [8.1035272e+02 3.8177161e+02 4.7180957e-01]
 [7.8674683e+02 3.7387909e+02 8.9970148e-01]
 [0.0000000e+00 0.0000000e+00 0.0000000e+00]
 [8.8145721e+02 6.2102423e+02 7.5678563e-01]
 [8.8141437e+02 6.1587946e+02 7.6410371e-01]
 [8.3153113e+02 6.1834143e+02 7.9186809e-01]
 [9.2354620e+02 5.5009509e+02 4.0924165e-01]
 [9.1823157e+02 5.5269965e+02 4.4029391e-01]
 [9.0241473e+02 5.5008826e+02 5.1190990e-01]]
2020-05-27 21:03:45,570 {<Pose.UNKNOWN: 0>: 1.6775616131781135e-06, <Pose.SITTING: 1>: 0.999984622001648, <Pose.STANDING: 2>: 1.3650210348714609e-05}
2020-05-27 21:03:45,570 Passenger 7: SITTING

2020-05-27 21:03:45,570 Passenger8
2020-05-27 21:03:45,571 
[[6.8422754e+02 3.6605786e+02 9.5537317e-01]
 [6.7111139e+02 4.0282242e+02 8.2069504e-01]
 [6.4733716e+02 4.0284381e+02 8.4097087e-01]
 [6.6057379e+02 4.7380185e+02 5.3607619e-01]
 [7.0260077e+02 4.7110596e+02 6.6281152e-01]
 [7.1050391e+02 4.0022644e+02 8.3938587e-01]
 [7.2365131e+02 4.5802722e+02 6.1565626e-01]
 [7.6046881e+02 4.5541272e+02 6.0758722e-01]
 [6.8947034e+02 4.9491559e+02 6.8538266e-01]
 [6.7106335e+02 4.9757532e+02 7.0963091e-01]
 [7.3675006e+02 5.1319611e+02 8.7670052e-01]
 [0.0000000e+00 0.0000000e+00 0.0000000e+00]
 [7.0783295e+02 4.9222531e+02 6.6081643e-01]
 [7.8401099e+02 5.1066489e+02 9.0370023e-01]
 [7.6825604e+02 6.1585736e+02 8.7299734e-01]
 [6.7889508e+02 3.5816943e+02 9.1277385e-01]
 [6.9208057e+02 3.5819150e+02 9.2572248e-01]
 [6.6066510e+02 3.6331128e+02 7.8893381e-01]
 [7.0520007e+02 3.6332159e+02 1.6592793e-01]
 [7.8933557e+02 6.3681049e+02 5.8630854e-01]
 [7.8940912e+02 6.2642139e+02 6.3959855e-01]
 [7.6820636e+02 6.2104523e+02 4.8227897e-01]
 [0.0000000e+00 0.0000000e+00 0.0000000e+00]
 [0.0000000e+00 0.0000000e+00 0.0000000e+00]
 [0.0000000e+00 0.0000000e+00 0.0000000e+00]]
2020-05-27 21:03:45,601 {<Pose.UNKNOWN: 0>: 5.886712783897963e-10, <Pose.SITTING: 1>: 0.9999996423721313, <Pose.STANDING: 2>: 3.854455314922234e-07}
2020-05-27 21:03:45,601 Passenger 8: SITTING

2020-05-27 21:03:45,602 Passenger9
2020-05-27 21:03:45,602 
[[7.5260541e+02 3.8971289e+02 8.8988853e-01]
 [7.2364478e+02 3.9761520e+02 7.5231904e-01]
 [7.0529388e+02 3.9755444e+02 7.4604726e-01]
 [7.1837769e+02 4.4747391e+02 6.4237869e-01]
 [7.4457031e+02 4.3961301e+02 6.7582613e-01]
 [0.0000000e+00 0.0000000e+00 0.0000000e+00]
 [0.0000000e+00 0.0000000e+00 0.0000000e+00]
 [0.0000000e+00 0.0000000e+00 0.0000000e+00]
 [7.5259167e+02 4.7649329e+02 5.1474810e-01]
 [0.0000000e+00 0.0000000e+00 0.0000000e+00]
 [0.0000000e+00 0.0000000e+00 0.0000000e+00]
 [0.0000000e+00 0.0000000e+00 0.0000000e+00]
 [0.0000000e+00 0.0000000e+00 0.0000000e+00]
 [0.0000000e+00 0.0000000e+00 0.0000000e+00]
 [0.0000000e+00 0.0000000e+00 0.0000000e+00]
 [7.4741937e+02 3.8439178e+02 9.1910392e-01]
 [0.0000000e+00 0.0000000e+00 0.0000000e+00]
 [7.2882416e+02 3.6856100e+02 9.2438585e-01]
 [0.0000000e+00 0.0000000e+00 0.0000000e+00]
 [0.0000000e+00 0.0000000e+00 0.0000000e+00]
 [0.0000000e+00 0.0000000e+00 0.0000000e+00]
 [0.0000000e+00 0.0000000e+00 0.0000000e+00]
 [0.0000000e+00 0.0000000e+00 0.0000000e+00]
 [0.0000000e+00 0.0000000e+00 0.0000000e+00]
 [0.0000000e+00 0.0000000e+00 0.0000000e+00]]
2020-05-27 21:03:45,634 {<Pose.UNKNOWN: 0>: 1.0, <Pose.SITTING: 1>: 1.65860449621233e-17, <Pose.STANDING: 2>: 8.546999506796674e-15}
2020-05-27 21:03:45,635 Passenger 9: UNKNOWN

2020-05-27 21:03:45,635 Passenger10
2020-05-27 21:03:45,636 
[[6.3423907e+02 3.6860788e+02 9.2191732e-01]
 [5.8951007e+02 3.9232217e+02 9.1274452e-01]
 [5.5540045e+02 3.9233694e+02 8.2979470e-01]
 [5.9479291e+02 4.5022446e+02 7.6820654e-01]
 [6.2903229e+02 4.4222202e+02 7.8596461e-01]
 [6.2118018e+02 3.9232996e+02 8.9209360e-01]
 [6.5521375e+02 4.5805460e+02 8.0156398e-01]
 [6.0264703e+02 4.5010477e+02 5.8403993e-01]
 [6.1058612e+02 4.8956024e+02 1.5333934e-01]
 [5.8426831e+02 4.8438528e+02 1.7921719e-01]
 [6.2892920e+02 4.7652634e+02 9.2971975e-01]
 [7.0782159e+02 6.1583704e+02 7.9993457e-01]
 [6.4488306e+02 4.9217120e+02 1.7388447e-01]
 [0.0000000e+00 0.0000000e+00 0.0000000e+00]
 [0.0000000e+00 0.0000000e+00 0.0000000e+00]
 [6.2375159e+02 3.6079559e+02 9.0827036e-01]
 [0.0000000e+00 0.0000000e+00 0.0000000e+00]
 [5.9744476e+02 3.6078510e+02 9.2147690e-01]
 [0.0000000e+00 0.0000000e+00 0.0000000e+00]
 [0.0000000e+00 0.0000000e+00 0.0000000e+00]
 [0.0000000e+00 0.0000000e+00 0.0000000e+00]
 [0.0000000e+00 0.0000000e+00 0.0000000e+00]
 [7.7354059e+02 6.4211621e+02 9.3838263e-01]
 [7.5514795e+02 6.4741992e+02 8.3275712e-01]
 [6.9998608e+02 6.3154993e+02 6.0571319e-01]]
2020-05-27 21:03:45,663 {<Pose.UNKNOWN: 0>: 3.6850134055299577e-09, <Pose.SITTING: 1>: 0.9999994039535522, <Pose.STANDING: 2>: 6.197487891768105e-07}
2020-05-27 21:03:45,663 Passenger 10: SITTING

2020-05-27 21:03:45,691 C:\Users\User\OneDrive - Nanyang Technological University\Data Analytics\Human Activity Recognition\images\Subway\processed\20200527-210334-00010.jpg
2020-05-27 21:03:45,691 Successfully saved

