2020-05-27 21:03:22,557 Processing Image: 00009
2020-05-27 21:03:34,172 Passenger1
2020-05-27 21:03:34,173 
[[8.3128607e+02 4.1388197e+00 7.4065097e-02]
 [8.3314044e+02 4.1672645e+00 6.8821263e-01]
 [8.1251965e+02 4.1723609e+00 5.7948130e-01]
 [8.0485797e+02 3.0616182e+01 6.5869957e-01]
 [8.1066974e+02 1.3652737e+01 5.0143456e-01]
 [8.4832703e+02 4.1796665e+00 6.0476184e-01]
 [8.5016620e+02 3.2500603e+01 7.6458991e-01]
 [8.3502570e+02 1.3657399e+01 6.8241829e-01]
 [8.1996136e+02 6.0818821e+01 7.3913872e-01]
 [8.0683093e+02 5.8953381e+01 7.0243758e-01]
 [0.0000000e+00 0.0000000e+00 0.0000000e+00]
 [0.0000000e+00 0.0000000e+00 0.0000000e+00]
 [8.3129706e+02 6.2690235e+01 6.6203779e-01]
 [0.0000000e+00 0.0000000e+00 0.0000000e+00]
 [0.0000000e+00 0.0000000e+00 0.0000000e+00]
 [0.0000000e+00 0.0000000e+00 0.0000000e+00]
 [0.0000000e+00 0.0000000e+00 0.0000000e+00]
 [0.0000000e+00 0.0000000e+00 0.0000000e+00]
 [0.0000000e+00 0.0000000e+00 0.0000000e+00]
 [0.0000000e+00 0.0000000e+00 0.0000000e+00]
 [0.0000000e+00 0.0000000e+00 0.0000000e+00]
 [0.0000000e+00 0.0000000e+00 0.0000000e+00]
 [0.0000000e+00 0.0000000e+00 0.0000000e+00]
 [0.0000000e+00 0.0000000e+00 0.0000000e+00]
 [0.0000000e+00 0.0000000e+00 0.0000000e+00]]
2020-05-27 21:03:34,208 {<Pose.UNKNOWN: 0>: 1.0, <Pose.SITTING: 1>: 1.8026129549410025e-15, <Pose.STANDING: 2>: 5.520595374071402e-13}
2020-05-27 21:03:34,208 Passenger 1: UNKNOWN

2020-05-27 21:03:34,208 Passenger2
2020-05-27 21:03:34,208 
[[349.0581      75.856895     0.89114785]
 [311.38348    137.97807      0.8018391 ]
 [285.0187     147.48012      0.7782544 ]
 [350.86227    226.57353      0.84051156]
 [373.53586    141.77412      0.90306103]
 [337.71188    124.85605      0.7092073 ]
 [386.7065     188.83969      0.75262165]
 [426.31067    132.43816      0.89192975]
 [350.88098    317.00726      0.63419795]
 [326.4553     324.52417      0.59038705]
 [337.7499     435.71417      0.66486526]
 [343.36893    552.5087       0.7748618 ]
 [373.4966     309.49854      0.59907067]
 [373.57303    414.9541       0.6900398 ]
 [373.50357    488.44046      0.78503543]
 [333.94128     66.48603      0.9381377 ]
 [349.02264     62.71337      0.8216318 ]
 [298.23123     81.446396     0.92497146]
 [  0.           0.           0.        ]
 [414.9985     492.18106      0.7891825 ]
 [413.0552     486.616        0.7320896 ]
 [365.95984    501.6647       0.64152443]
 [384.83865    575.0691       0.70617276]
 [371.65714    578.81903      0.6921209 ]
 [337.69943    561.95514      0.65283114]]
2020-05-27 21:03:34,237 {<Pose.UNKNOWN: 0>: 1.2597368703737288e-09, <Pose.SITTING: 1>: 8.796884998218957e-09, <Pose.STANDING: 2>: 1.0}
2020-05-27 21:03:34,238 Passenger 2: STANDING

2020-05-27 21:03:34,238 Passenger3
2020-05-27 21:03:34,239 
[[0.0000000e+00 0.0000000e+00 0.0000000e+00]
 [5.5819263e+02 1.6819205e+02 8.7545979e-01]
 [5.9204382e+02 1.7188968e+02 8.9801145e-01]
 [6.0341931e+02 2.2474182e+02 8.2695782e-01]
 [0.0000000e+00 0.0000000e+00 0.0000000e+00]
 [5.2616968e+02 1.6440562e+02 8.1049573e-01]
 [4.9788232e+02 2.0019646e+02 1.0312716e-01]
 [0.0000000e+00 0.0000000e+00 0.0000000e+00]
 [5.5245380e+02 2.5669791e+02 7.5367719e-01]
 [5.7509076e+02 2.6044217e+02 7.5259721e-01]
 [6.0717822e+02 2.4734673e+02 7.5048202e-01]
 [5.9200189e+02 3.1327930e+02 6.4764768e-01]
 [5.3182867e+02 2.5296893e+02 6.4475811e-01]
 [0.0000000e+00 0.0000000e+00 0.0000000e+00]
 [0.0000000e+00 0.0000000e+00 0.0000000e+00]
 [0.0000000e+00 0.0000000e+00 0.0000000e+00]
 [0.0000000e+00 0.0000000e+00 0.0000000e+00]
 [5.7506329e+02 1.3242104e+02 6.1357433e-01]
 [5.4866650e+02 1.2861855e+02 8.5964227e-01]
 [0.0000000e+00 0.0000000e+00 0.0000000e+00]
 [0.0000000e+00 0.0000000e+00 0.0000000e+00]
 [0.0000000e+00 0.0000000e+00 0.0000000e+00]
 [5.9019049e+02 3.2076459e+02 3.1393829e-01]
 [5.9396533e+02 3.2079257e+02 3.5428798e-01]
 [5.8644745e+02 3.2261987e+02 5.2015668e-01]]
2020-05-27 21:03:34,267 {<Pose.UNKNOWN: 0>: 1.1891561371157877e-06, <Pose.SITTING: 1>: 0.9999271631240845, <Pose.STANDING: 2>: 7.160031236708164e-05}
2020-05-27 21:03:34,267 Passenger 3: SITTING

2020-05-27 21:03:34,267 Passenger4
2020-05-27 21:03:34,268 
[[8.2385590e+02 2.8497833e+02 9.3123090e-01]
 [7.4844666e+02 3.3018100e+02 8.5349619e-01]
 [6.7874249e+02 3.1507986e+02 7.7314770e-01]
 [6.3164386e+02 3.8106015e+02 7.9520625e-01]
 [5.8459253e+02 4.3753232e+02 8.5779029e-01]
 [8.2003223e+02 3.4525833e+02 7.3139858e-01]
 [9.0484131e+02 4.2632053e+02 7.9949659e-01]
 [9.1614929e+02 5.3360248e+02 8.1600070e-01]
 [7.0135059e+02 5.0351068e+02 6.8356293e-01]
 [6.6550665e+02 4.9221106e+02 6.2706333e-01]
 [6.2215967e+02 5.9209137e+02 7.7111584e-01]
 [0.0000000e+00 0.0000000e+00 0.0000000e+00]
 [7.3899945e+02 5.1481763e+02 5.8918411e-01]
 [6.8248517e+02 6.2785748e+02 7.8661770e-01]
 [0.0000000e+00 0.0000000e+00 0.0000000e+00]
 [8.1244482e+02 2.6990594e+02 8.7582290e-01]
 [8.2196326e+02 2.6621750e+02 9.0481132e-02]
 [7.6160797e+02 2.7183502e+02 9.1129470e-01]
 [0.0000000e+00 0.0000000e+00 0.0000000e+00]
 [0.0000000e+00 0.0000000e+00 0.0000000e+00]
 [0.0000000e+00 0.0000000e+00 0.0000000e+00]
 [0.0000000e+00 0.0000000e+00 0.0000000e+00]
 [0.0000000e+00 0.0000000e+00 0.0000000e+00]
 [0.0000000e+00 0.0000000e+00 0.0000000e+00]
 [0.0000000e+00 0.0000000e+00 0.0000000e+00]]
2020-05-27 21:03:34,297 {<Pose.UNKNOWN: 0>: 5.690989155482384e-07, <Pose.SITTING: 1>: 0.00331278913654387, <Pose.STANDING: 2>: 0.9966866374015808}
2020-05-27 21:03:34,298 Passenger 4: STANDING

2020-05-27 21:03:34,298 Passenger5
2020-05-27 21:03:34,299 
[[1.54932098e+02 1.21082954e+02 8.71370554e-01]
 [1.05969101e+02 2.41666672e+02 7.19999731e-01]
 [4.57537918e+01 2.69903015e+02 5.32466948e-01]
 [1.21107559e+02 4.18752991e+02 4.65239525e-01]
 [2.28420456e+02 4.62095825e+02 6.65763378e-01]
 [1.64361725e+02 2.15320877e+02 7.16268718e-01]
 [2.13335861e+02 3.35857544e+02 5.37244678e-01]
 [2.34160950e+02 4.31978760e+02 6.96973860e-01]
 [1.83243164e+02 4.94133698e+02 4.12422895e-01]
 [1.41773895e+02 5.09167572e+02 3.51283491e-01]
 [2.15286942e+02 6.65507996e+02 2.20673785e-01]
 [0.00000000e+00 0.00000000e+00 0.00000000e+00]
 [2.24649765e+02 4.86545288e+02 4.10614431e-01]
 [2.51070404e+02 6.46722229e+02 1.44660220e-01]
 [0.00000000e+00 0.00000000e+00 0.00000000e+00]
 [1.22949898e+02 1.02190887e+02 8.98797631e-01]
 [1.54943268e+02 9.84755554e+01 9.11407351e-01]
 [5.89110031e+01 1.17304237e+02 4.54839647e-01]
 [0.00000000e+00 0.00000000e+00 0.00000000e+00]
 [0.00000000e+00 0.00000000e+00 0.00000000e+00]
 [0.00000000e+00 0.00000000e+00 0.00000000e+00]
 [0.00000000e+00 0.00000000e+00 0.00000000e+00]
 [0.00000000e+00 0.00000000e+00 0.00000000e+00]
 [0.00000000e+00 0.00000000e+00 0.00000000e+00]
 [0.00000000e+00 0.00000000e+00 0.00000000e+00]]
2020-05-27 21:03:34,326 {<Pose.UNKNOWN: 0>: 1.3857969349828636e-07, <Pose.SITTING: 1>: 0.00020750721159856766, <Pose.STANDING: 2>: 0.9997923970222473}
2020-05-27 21:03:34,326 Passenger 5: STANDING

2020-05-27 21:03:34,326 Passenger6
2020-05-27 21:03:34,327 
[[7.4847607e+02 3.2512581e+01 5.0526941e-01]
 [7.5782556e+02 5.3265354e+01 6.8224370e-01]
 [7.3333282e+02 4.9452930e+01 7.3115325e-01]
 [7.1649762e+02 7.0224625e+01 7.6690739e-01]
 [7.2587048e+02 8.3407188e+01 6.9171166e-01]
 [7.6535590e+02 5.5119625e+01 6.8456030e-01]
 [7.6358643e+02 7.9662666e+01 3.4146112e-01]
 [7.5411194e+02 9.2794777e+01 2.2665660e-01]
 [7.4465332e+02 1.0033259e+02 6.1785066e-01]
 [0.0000000e+00 0.0000000e+00 0.0000000e+00]
 [0.0000000e+00 0.0000000e+00 0.0000000e+00]
 [0.0000000e+00 0.0000000e+00 0.0000000e+00]
 [7.4851178e+02 1.0041581e+02 5.9845918e-01]
 [7.3896222e+02 1.3990279e+02 1.9665281e-01]
 [0.0000000e+00 0.0000000e+00 0.0000000e+00]
 [7.5029309e+02 3.0671732e+01 1.2534142e-01]
 [7.5411749e+02 2.6953207e+01 5.4417449e-01]
 [7.2950812e+02 2.5048891e+01 2.1270818e-01]
 [7.6153613e+02 3.2530315e+01 6.5735495e-01]
 [0.0000000e+00 0.0000000e+00 0.0000000e+00]
 [0.0000000e+00 0.0000000e+00 0.0000000e+00]
 [0.0000000e+00 0.0000000e+00 0.0000000e+00]
 [0.0000000e+00 0.0000000e+00 0.0000000e+00]
 [0.0000000e+00 0.0000000e+00 0.0000000e+00]
 [0.0000000e+00 0.0000000e+00 0.0000000e+00]]
2020-05-27 21:03:34,354 {<Pose.UNKNOWN: 0>: 0.08267944306135178, <Pose.SITTING: 1>: 0.1676253378391266, <Pose.STANDING: 2>: 0.7496951818466187}
2020-05-27 21:03:34,354 Passenger 6: STANDING

2020-05-27 21:03:34,354 Passenger7
2020-05-27 21:03:34,355 
[[0.0000000e+00 0.0000000e+00 0.0000000e+00]
 [4.6019913e+02 2.3227589e+02 8.0987394e-01]
 [4.8846841e+02 2.3410570e+02 8.6554968e-01]
 [5.1862964e+02 2.7178641e+02 8.8609785e-01]
 [5.0723999e+02 2.3028600e+02 7.6400042e-01]
 [4.3382611e+02 2.3220215e+02 6.7530274e-01]
 [0.0000000e+00 0.0000000e+00 0.0000000e+00]
 [0.0000000e+00 0.0000000e+00 0.0000000e+00]
 [4.6956848e+02 3.2456836e+02 5.9303731e-01]
 [4.9222827e+02 3.2832001e+02 6.2876010e-01]
 [5.2987500e+02 2.8875992e+02 7.9966962e-01]
 [5.4119910e+02 3.6597540e+02 8.2977474e-01]
 [4.4703766e+02 3.2079578e+02 4.7982675e-01]
 [0.0000000e+00 0.0000000e+00 0.0000000e+00]
 [0.0000000e+00 0.0000000e+00 0.0000000e+00]
 [0.0000000e+00 0.0000000e+00 0.0000000e+00]
 [0.0000000e+00 0.0000000e+00 0.0000000e+00]
 [4.7520190e+02 1.9267538e+02 3.0332559e-01]
 [4.3193347e+02 1.8896227e+02 6.3698256e-01]
 [0.0000000e+00 0.0000000e+00 0.0000000e+00]
 [0.0000000e+00 0.0000000e+00 0.0000000e+00]
 [0.0000000e+00 0.0000000e+00 0.0000000e+00]
 [5.4498401e+02 3.7350906e+02 4.6865597e-01]
 [5.4874274e+02 3.7354767e+02 5.2997565e-01]
 [5.3932147e+02 3.7167773e+02 7.4358761e-01]]
2020-05-27 21:03:34,382 {<Pose.UNKNOWN: 0>: 5.485949441208504e-05, <Pose.SITTING: 1>: 0.9981186985969543, <Pose.STANDING: 2>: 0.0018264444079250097}
2020-05-27 21:03:34,382 Passenger 7: SITTING

2020-05-27 21:03:34,382 Passenger8
2020-05-27 21:03:34,383 
[[0.0000000e+00 0.0000000e+00 0.0000000e+00]
 [7.1636401e+02 4.1975376e+01 6.8900841e-01]
 [0.0000000e+00 0.0000000e+00 0.0000000e+00]
 [0.0000000e+00 0.0000000e+00 0.0000000e+00]
 [0.0000000e+00 0.0000000e+00 0.0000000e+00]
 [7.1256488e+02 4.0117374e+01 5.6952631e-01]
 [0.0000000e+00 0.0000000e+00 0.0000000e+00]
 [0.0000000e+00 0.0000000e+00 0.0000000e+00]
 [7.1634875e+02 9.4752625e+01 4.5340061e-01]
 [7.2019250e+02 9.6574219e+01 7.3583192e-01]
 [7.1829010e+02 1.3805135e+02 5.7179832e-01]
 [7.1262915e+02 1.7006590e+02 2.5199151e-01]
 [7.0321265e+02 9.2827667e+01 3.4178662e-01]
 [7.0702393e+02 1.3804201e+02 2.9104188e-01]
 [7.0318524e+02 1.7191423e+02 1.0756122e-01]
 [0.0000000e+00 0.0000000e+00 0.0000000e+00]
 [0.0000000e+00 0.0000000e+00 0.0000000e+00]
 [0.0000000e+00 0.0000000e+00 0.0000000e+00]
 [7.1622260e+02 2.3197060e+01 1.3199741e-01]
 [0.0000000e+00 0.0000000e+00 0.0000000e+00]
 [0.0000000e+00 0.0000000e+00 0.0000000e+00]
 [7.0318073e+02 1.6822409e+02 6.8172812e-02]
 [7.1078461e+02 1.7567792e+02 7.8778826e-02]
 [0.0000000e+00 0.0000000e+00 0.0000000e+00]
 [7.0889160e+02 1.7382509e+02 2.0293556e-01]]
2020-05-27 21:03:34,414 {<Pose.UNKNOWN: 0>: 1.0, <Pose.SITTING: 1>: 1.569405716494998e-11, <Pose.STANDING: 2>: 3.479404542261477e-10}
2020-05-27 21:03:34,414 Passenger 8: UNKNOWN

2020-05-27 21:03:34,414 Passenger9
2020-05-27 21:03:34,415 
[[0.00000000e+00 0.00000000e+00 0.00000000e+00]
 [6.07136169e+02 1.43624496e+02 8.70346248e-01]
 [6.29814758e+02 1.41755493e+02 7.62118816e-01]
 [6.41012024e+02 1.83287598e+02 5.36473691e-01]
 [6.57958984e+02 2.03899811e+02 3.36909056e-01]
 [5.80847595e+02 1.41831833e+02 7.80896962e-01]
 [0.00000000e+00 0.00000000e+00 0.00000000e+00]
 [0.00000000e+00 0.00000000e+00 0.00000000e+00]
 [6.09026367e+02 2.17198410e+02 3.07164699e-01]
 [6.24085693e+02 2.19057236e+02 3.82923782e-01]
 [6.59849487e+02 2.15320129e+02 2.42927730e-01]
 [6.39189392e+02 2.66144989e+02 5.83295375e-02]
 [5.90170044e+02 2.17134232e+02 2.15567559e-01]
 [0.00000000e+00 0.00000000e+00 0.00000000e+00]
 [0.00000000e+00 0.00000000e+00 0.00000000e+00]
 [0.00000000e+00 0.00000000e+00 0.00000000e+00]
 [0.00000000e+00 0.00000000e+00 0.00000000e+00]
 [6.16522339e+02 1.06035805e+02 6.06710434e-01]
 [5.94045105e+02 1.09743523e+02 4.08559233e-01]
 [0.00000000e+00 0.00000000e+00 0.00000000e+00]
 [0.00000000e+00 0.00000000e+00 0.00000000e+00]
 [0.00000000e+00 0.00000000e+00 0.00000000e+00]
 [0.00000000e+00 0.00000000e+00 0.00000000e+00]
 [0.00000000e+00 0.00000000e+00 0.00000000e+00]
 [0.00000000e+00 0.00000000e+00 0.00000000e+00]]
2020-05-27 21:03:34,443 {<Pose.UNKNOWN: 0>: 1.0, <Pose.SITTING: 1>: 1.3048722546953788e-16, <Pose.STANDING: 2>: 4.524006698230186e-14}
2020-05-27 21:03:34,443 Passenger 9: UNKNOWN

2020-05-27 21:03:34,443 Passenger10
2020-05-27 21:03:34,444 
[[6.5432599e+02 9.8467552e+01 1.6046843e-01]
 [6.5228552e+02 1.1730091e+02 5.7464987e-01]
 [0.0000000e+00 0.0000000e+00 0.0000000e+00]
 [0.0000000e+00 0.0000000e+00 0.0000000e+00]
 [0.0000000e+00 0.0000000e+00 0.0000000e+00]
 [6.5996875e+02 1.1923694e+02 5.0800097e-01]
 [6.6735132e+02 1.4559245e+02 4.7987488e-01]
 [6.5430634e+02 1.6248116e+02 4.4378740e-01]
 [6.4485022e+02 1.6812856e+02 1.5976532e-01]
 [6.3913141e+02 1.6445232e+02 1.3301206e-01]
 [0.0000000e+00 0.0000000e+00 0.0000000e+00]
 [0.0000000e+00 0.0000000e+00 0.0000000e+00]
 [6.5420453e+02 1.6818117e+02 2.4070483e-01]
 [0.0000000e+00 0.0000000e+00 0.0000000e+00]
 [0.0000000e+00 0.0000000e+00 0.0000000e+00]
 [6.5420935e+02 9.6617744e+01 1.2519109e-01]
 [6.5600714e+02 9.6526070e+01 1.4676091e-01]
 [6.5220020e+02 9.8475258e+01 7.6388255e-02]
 [6.5606354e+02 9.6583092e+01 2.4511734e-01]
 [0.0000000e+00 0.0000000e+00 0.0000000e+00]
 [0.0000000e+00 0.0000000e+00 0.0000000e+00]
 [0.0000000e+00 0.0000000e+00 0.0000000e+00]
 [0.0000000e+00 0.0000000e+00 0.0000000e+00]
 [0.0000000e+00 0.0000000e+00 0.0000000e+00]
 [0.0000000e+00 0.0000000e+00 0.0000000e+00]]
2020-05-27 21:03:34,473 {<Pose.UNKNOWN: 0>: 1.0, <Pose.SITTING: 1>: 5.045295502038586e-18, <Pose.STANDING: 2>: 3.1716593903356825e-15}
2020-05-27 21:03:34,473 Passenger 10: UNKNOWN

2020-05-27 21:03:34,474 Passenger11
2020-05-27 21:03:34,474 
[[0.0000000e+00 0.0000000e+00 0.0000000e+00]
 [8.5768884e+02 1.4560489e+02 8.5155910e-01]
 [8.9156750e+02 1.5125928e+02 7.4806392e-01]
 [8.9544177e+02 2.1151198e+02 1.2491734e-01]
 [0.0000000e+00 0.0000000e+00 0.0000000e+00]
 [8.2565363e+02 1.4373090e+02 8.0503488e-01]
 [0.0000000e+00 0.0000000e+00 0.0000000e+00]
 [0.0000000e+00 0.0000000e+00 0.0000000e+00]
 [0.0000000e+00 0.0000000e+00 0.0000000e+00]
 [0.0000000e+00 0.0000000e+00 0.0000000e+00]
 [0.0000000e+00 0.0000000e+00 0.0000000e+00]
 [0.0000000e+00 0.0000000e+00 0.0000000e+00]
 [0.0000000e+00 0.0000000e+00 0.0000000e+00]
 [0.0000000e+00 0.0000000e+00 0.0000000e+00]
 [0.0000000e+00 0.0000000e+00 0.0000000e+00]
 [0.0000000e+00 0.0000000e+00 0.0000000e+00]
 [0.0000000e+00 0.0000000e+00 0.0000000e+00]
 [8.6905688e+02 1.0593573e+02 6.6817686e-02]
 [8.3700848e+02 1.0039408e+02 9.1779172e-01]
 [0.0000000e+00 0.0000000e+00 0.0000000e+00]
 [0.0000000e+00 0.0000000e+00 0.0000000e+00]
 [0.0000000e+00 0.0000000e+00 0.0000000e+00]
 [0.0000000e+00 0.0000000e+00 0.0000000e+00]
 [0.0000000e+00 0.0000000e+00 0.0000000e+00]
 [0.0000000e+00 0.0000000e+00 0.0000000e+00]]
2020-05-27 21:03:34,503 {<Pose.UNKNOWN: 0>: 1.0, <Pose.SITTING: 1>: 2.8734511196951226e-18, <Pose.STANDING: 2>: 1.9432983512163637e-15}
2020-05-27 21:03:34,503 Passenger 11: UNKNOWN

2020-05-27 21:03:34,504 Passenger12
2020-05-27 21:03:34,504 
[[0.0000000e+00 0.0000000e+00 0.0000000e+00]
 [7.8613428e+02 1.7567696e+02 8.4304339e-01]
 [8.2186914e+02 1.8327565e+02 7.0871121e-01]
 [0.0000000e+00 0.0000000e+00 0.0000000e+00]
 [0.0000000e+00 0.0000000e+00 0.0000000e+00]
 [7.5037976e+02 1.7007117e+02 7.4587393e-01]
 [7.2393945e+02 2.0212108e+02 3.3449113e-01]
 [0.0000000e+00 0.0000000e+00 0.0000000e+00]
 [0.0000000e+00 0.0000000e+00 0.0000000e+00]
 [0.0000000e+00 0.0000000e+00 0.0000000e+00]
 [0.0000000e+00 0.0000000e+00 0.0000000e+00]
 [0.0000000e+00 0.0000000e+00 0.0000000e+00]
 [0.0000000e+00 0.0000000e+00 0.0000000e+00]
 [0.0000000e+00 0.0000000e+00 0.0000000e+00]
 [0.0000000e+00 0.0000000e+00 0.0000000e+00]
 [0.0000000e+00 0.0000000e+00 0.0000000e+00]
 [0.0000000e+00 0.0000000e+00 0.0000000e+00]
 [8.1811127e+02 1.4171509e+02 2.1652542e-01]
 [7.7860284e+02 1.3240794e+02 8.5729426e-01]
 [0.0000000e+00 0.0000000e+00 0.0000000e+00]
 [0.0000000e+00 0.0000000e+00 0.0000000e+00]
 [0.0000000e+00 0.0000000e+00 0.0000000e+00]
 [0.0000000e+00 0.0000000e+00 0.0000000e+00]
 [0.0000000e+00 0.0000000e+00 0.0000000e+00]
 [0.0000000e+00 0.0000000e+00 0.0000000e+00]]
2020-05-27 21:03:34,533 {<Pose.UNKNOWN: 0>: 1.0, <Pose.SITTING: 1>: 3.3247403891838938e-18, <Pose.STANDING: 2>: 2.140606841224491e-15}
2020-05-27 21:03:34,533 Passenger 12: UNKNOWN

2020-05-27 21:03:34,533 Passenger13
2020-05-27 21:03:34,534 
[[0.0000000e+00 0.0000000e+00 0.0000000e+00]
 [8.4078931e+02 2.8126678e+02 6.4645362e-01]
 [8.9911353e+02 2.9062396e+02 7.7227789e-01]
 [9.2362958e+02 3.6785696e+02 6.4713195e-02]
 [0.0000000e+00 0.0000000e+00 0.0000000e+00]
 [7.9738757e+02 2.8308127e+02 4.5187670e-01]
 [0.0000000e+00 0.0000000e+00 0.0000000e+00]
 [0.0000000e+00 0.0000000e+00 0.0000000e+00]
 [0.0000000e+00 0.0000000e+00 0.0000000e+00]
 [0.0000000e+00 0.0000000e+00 0.0000000e+00]
 [0.0000000e+00 0.0000000e+00 0.0000000e+00]
 [0.0000000e+00 0.0000000e+00 0.0000000e+00]
 [0.0000000e+00 0.0000000e+00 0.0000000e+00]
 [0.0000000e+00 0.0000000e+00 0.0000000e+00]
 [0.0000000e+00 0.0000000e+00 0.0000000e+00]
 [0.0000000e+00 0.0000000e+00 0.0000000e+00]
 [0.0000000e+00 0.0000000e+00 0.0000000e+00]
 [8.7090009e+02 2.1721422e+02 4.9704385e-01]
 [0.0000000e+00 0.0000000e+00 0.0000000e+00]
 [0.0000000e+00 0.0000000e+00 0.0000000e+00]
 [0.0000000e+00 0.0000000e+00 0.0000000e+00]
 [0.0000000e+00 0.0000000e+00 0.0000000e+00]
 [0.0000000e+00 0.0000000e+00 0.0000000e+00]
 [0.0000000e+00 0.0000000e+00 0.0000000e+00]
 [0.0000000e+00 0.0000000e+00 0.0000000e+00]]
2020-05-27 21:03:34,561 {<Pose.UNKNOWN: 0>: 1.0, <Pose.SITTING: 1>: 1.7894214143673355e-18, <Pose.STANDING: 2>: 1.2857065460769742e-15}
2020-05-27 21:03:34,561 Passenger 13: UNKNOWN

2020-05-27 21:03:34,561 Passenger14
2020-05-27 21:03:34,562 
[[5.0342392e+02 1.3982573e+02 1.5204680e-01]
 [0.0000000e+00 0.0000000e+00 0.0000000e+00]
 [4.8651089e+02 1.6058228e+02 1.8387243e-01]
 [0.0000000e+00 0.0000000e+00 0.0000000e+00]
 [0.0000000e+00 0.0000000e+00 0.0000000e+00]
 [0.0000000e+00 0.0000000e+00 0.0000000e+00]
 [0.0000000e+00 0.0000000e+00 0.0000000e+00]
 [0.0000000e+00 0.0000000e+00 0.0000000e+00]
 [0.0000000e+00 0.0000000e+00 0.0000000e+00]
 [0.0000000e+00 0.0000000e+00 0.0000000e+00]
 [0.0000000e+00 0.0000000e+00 0.0000000e+00]
 [0.0000000e+00 0.0000000e+00 0.0000000e+00]
 [0.0000000e+00 0.0000000e+00 0.0000000e+00]
 [0.0000000e+00 0.0000000e+00 0.0000000e+00]
 [0.0000000e+00 0.0000000e+00 0.0000000e+00]
 [5.0157364e+02 1.3235428e+02 2.1724544e-01]
 [0.0000000e+00 0.0000000e+00 0.0000000e+00]
 [4.9041391e+02 1.3424698e+02 4.9950051e-01]
 [0.0000000e+00 0.0000000e+00 0.0000000e+00]
 [0.0000000e+00 0.0000000e+00 0.0000000e+00]
 [0.0000000e+00 0.0000000e+00 0.0000000e+00]
 [0.0000000e+00 0.0000000e+00 0.0000000e+00]
 [0.0000000e+00 0.0000000e+00 0.0000000e+00]
 [0.0000000e+00 0.0000000e+00 0.0000000e+00]
 [0.0000000e+00 0.0000000e+00 0.0000000e+00]]
2020-05-27 21:03:34,588 {<Pose.UNKNOWN: 0>: 1.0, <Pose.SITTING: 1>: 1.4527264382192105e-18, <Pose.STANDING: 2>: 1.0572061736653258e-15}
2020-05-27 21:03:34,588 Passenger 14: UNKNOWN

2020-05-27 21:03:34,602 C:\Users\User\OneDrive - Nanyang Technological University\Data Analytics\Human Activity Recognition\images\Subway\processed\20200527-210322-00009.jpg
2020-05-27 21:03:34,602 Successfully saved

