2020-05-18 20:23:01,829 Processing Image: 00002
2020-05-18 20:23:23,601 Passenger1
2020-05-18 20:23:23,602 
[[1.00968544e+02 3.95379364e+02 9.29180622e-01]
 [1.10844376e+02 4.61551697e+02 9.27661300e-01]
 [4.45662231e+01 4.66433350e+02 8.59929383e-01]
 [2.74680138e+01 5.54804626e+02 9.09680784e-01]
 [7.90428848e+01 6.25909851e+02 8.59609485e-01]
 [1.81919083e+02 4.59036377e+02 8.66208196e-01]
 [2.01555862e+02 5.44913879e+02 9.03742671e-01]
 [1.54990768e+02 6.23361572e+02 8.34278762e-01]
 [1.25486427e+02 6.18577454e+02 7.93252051e-01]
 [8.14230881e+01 6.23395386e+02 7.35760808e-01]
 [7.40552902e+01 7.55896973e+02 8.44427407e-01]
 [8.38566742e+01 8.95731628e+02 6.94989622e-01]
 [1.67320526e+02 6.16047607e+02 7.44403183e-01]
 [1.99112091e+02 7.14117859e+02 7.98971057e-01]
 [2.16334061e+02 8.00028809e+02 8.64633799e-01]
 [8.62417450e+01 3.85500549e+02 9.49156165e-01]
 [1.10924179e+02 3.80718201e+02 9.74883258e-01]
 [6.92163010e+01 4.00202606e+02 7.38419771e-01]
 [1.35418198e+02 3.90444946e+02 8.26494455e-01]
 [2.08935272e+02 8.34350403e+02 8.64147007e-01]
 [2.26070740e+02 8.29495850e+02 8.65078747e-01]
 [2.18738068e+02 8.07415344e+02 7.00884938e-01]
 [8.14407578e+01 8.95765991e+02 1.77786931e-01]
 [8.14281540e+01 8.95794312e+02 1.64575502e-01]
 [8.39268646e+01 8.95760681e+02 3.87199730e-01]]
2020-05-18 20:23:23,606 Scores:
2020-05-18 20:23:23,606 =======
2020-05-18 20:23:23,606 RBody_hip_score: 0.22115527440523075
2020-05-18 20:23:23,606 RKnee_hip_score: 0.6324208210287854
2020-05-18 20:23:23,606 RKnee_score: 0.18730254275670247
2020-05-18 20:23:23,606 LBody_hip_score: 0.3254362400197557
2020-05-18 20:23:23,606 LKnee_hip_score: 0.7600285076765074
2020-05-18 20:23:23,606 LKnee_score: 0.17269163309820668
2020-05-18 20:23:23,606 Right_score: 0.41832486480487596
2020-05-18 20:23:23,606 Left_score: 0.5045462221177444
2020-05-18 20:23:23,606 Passenger 1: STANDING

2020-05-18 20:23:23,607 Passenger2
2020-05-18 20:23:23,607 
[[2.2367592e+02 4.0765320e+02 9.1465461e-01]
 [2.2125374e+02 4.2484726e+02 9.3402451e-01]
 [2.0889720e+02 4.2722266e+02 9.1324723e-01]
 [2.0154932e+02 4.5419778e+02 5.8738917e-01]
 [2.2359998e+02 4.7616861e+02 3.7147972e-01]
 [2.3841069e+02 4.2238693e+02 9.3389368e-01]
 [2.4821193e+02 4.4443707e+02 6.3488638e-01]
 [2.4575380e+02 4.3707977e+02 5.7126844e-01]
 [2.3109889e+02 4.7875339e+02 9.3201792e-01]
 [2.2372916e+02 4.8114832e+02 9.3766510e-01]
 [2.3098659e+02 5.2046313e+02 9.4309700e-01]
 [2.2853621e+02 5.5724121e+02 9.3936330e-01]
 [2.4329761e+02 4.7633487e+02 9.2009306e-01]
 [2.4581448e+02 5.1791266e+02 9.4265580e-01]
 [2.4579080e+02 5.5236932e+02 9.3802607e-01]
 [2.1629202e+02 4.0518564e+02 9.1179317e-01]
 [2.2853961e+02 4.0508115e+02 9.0445107e-01]
 [2.0890639e+02 4.1003268e+02 7.9998875e-01]
 [2.3836716e+02 4.0510010e+02 4.7317126e-01]
 [2.5315617e+02 5.6207507e+02 7.3117638e-01]
 [2.5801758e+02 5.5728839e+02 7.7195573e-01]
 [2.4335794e+02 5.5715216e+02 6.8822509e-01]
 [2.4075616e+02 5.6703357e+02 7.1409953e-01]
 [2.3110007e+02 5.6707648e+02 6.7386246e-01]
 [2.2863892e+02 5.6211871e+02 8.1695962e-01]]
2020-05-18 20:23:23,608 Scores:
2020-05-18 20:23:23,608 =======
2020-05-18 20:23:23,608 RBody_hip_score: 0.0028365697387252383
2020-05-18 20:23:23,608 RKnee_hip_score: 0.27193892908226447
2020-05-18 20:23:23,608 RKnee_score: 0.3659516499145073
2020-05-18 20:23:23,608 LBody_hip_score: 0.1794100392059946
2020-05-18 20:23:23,608 LKnee_hip_score: 0.26538021276636037
2020-05-18 20:23:23,608 LKnee_score: 0.09160928910231805
2020-05-18 20:23:23,608 Right_score: 0.2281665194544404
2020-05-18 20:23:23,608 Left_score: 0.20044493846025835
2020-05-18 20:23:23,609 Passenger 2: STANDING

2020-05-18 20:23:23,609 Passenger3
2020-05-18 20:23:23,610 
[[6.79843567e+02 3.88022736e+02 2.75991201e-01]
 [6.18543396e+02 4.39456116e+02 9.11236942e-01]
 [6.65089966e+02 4.34648315e+02 8.59153330e-01]
 [7.01873291e+02 5.30208252e+02 8.49869847e-01]
 [7.24008423e+02 5.17985168e+02 7.47590542e-01]
 [5.74317566e+02 4.42015869e+02 8.36437762e-01]
 [5.62122620e+02 5.32728394e+02 8.11246753e-01]
 [6.28287659e+02 5.44971863e+02 1.10823035e-01]
 [6.25812195e+02 6.35680969e+02 6.78303242e-01]
 [6.55353760e+02 6.35643433e+02 6.56864226e-01]
 [6.67630798e+02 7.70521729e+02 7.60235965e-01]
 [6.67601990e+02 8.95728943e+02 6.68225944e-01]
 [5.96433899e+02 6.38142639e+02 6.86176777e-01]
 [6.06244507e+02 7.58350525e+02 7.30179667e-01]
 [6.11091736e+02 8.95689392e+02 7.18174040e-01]
 [6.79854980e+02 3.75780579e+02 5.11670530e-01]
 [0.00000000e+00 0.00000000e+00 0.00000000e+00]
 [6.62692993e+02 3.68428284e+02 9.06807482e-01]
 [6.13535950e+02 3.68351196e+02 1.98853552e-01]
 [6.11148315e+02 8.95697937e+02 1.30596802e-01]
 [0.00000000e+00 0.00000000e+00 0.00000000e+00]
 [6.06285767e+02 8.95742493e+02 4.99837011e-01]
 [6.62631226e+02 8.95733948e+02 1.74706817e-01]
 [6.72457153e+02 8.95765869e+02 1.51445284e-01]
 [6.70027954e+02 8.95777954e+02 3.17172468e-01]]
2020-05-18 20:23:23,610 Scores:
2020-05-18 20:23:23,610 =======
2020-05-18 20:23:23,610 RBody_hip_score: 0.08054339383403183
2020-05-18 20:23:23,610 RKnee_hip_score: 0.38647773340729674
2020-05-18 20:23:23,610 RKnee_score: 0.13612934606302782
2020-05-18 20:23:23,611 LBody_hip_score: 0.06656571995934142
2020-05-18 20:23:23,611 LKnee_hip_score: 0.2891152299925291
2020-05-18 20:23:23,611 LKnee_score: 0.06917961847074407
2020-05-18 20:23:23,611 Right_score: 0.24740705167791327
2020-05-18 20:23:23,611 Left_score: 0.17849394960378592
2020-05-18 20:23:23,611 Passenger 3: STANDING

2020-05-18 20:23:23,611 Passenger4
2020-05-18 20:23:23,612 
[[0.00000000e+00 0.00000000e+00 0.00000000e+00]
 [9.91222412e+02 4.44360199e+02 9.35080230e-01]
 [1.04277051e+03 4.44390106e+02 8.49296987e-01]
 [1.06972595e+03 5.22894348e+02 5.46915114e-01]
 [0.00000000e+00 0.00000000e+00 0.00000000e+00]
 [9.39752808e+02 4.44381897e+02 8.83129060e-01]
 [0.00000000e+00 0.00000000e+00 0.00000000e+00]
 [0.00000000e+00 0.00000000e+00 0.00000000e+00]
 [9.91283020e+02 6.06267273e+02 7.22700596e-01]
 [1.02804846e+03 6.06286804e+02 6.82250500e-01]
 [1.02568652e+03 7.31358826e+02 8.10663760e-01]
 [1.02067407e+03 8.39255798e+02 8.06664586e-01]
 [9.56922791e+02 6.08655762e+02 7.07409382e-01]
 [9.64284119e+02 7.33824280e+02 7.48929799e-01]
 [9.66838135e+02 8.44188660e+02 8.35032463e-01]
 [0.00000000e+00 0.00000000e+00 0.00000000e+00]
 [0.00000000e+00 0.00000000e+00 0.00000000e+00]
 [1.02557776e+03 3.83084778e+02 7.73192286e-01]
 [9.66769531e+02 3.83169617e+02 4.47746158e-01]
 [9.81424316e+02 8.44153259e+02 3.66190612e-01]
 [9.54465454e+02 8.44126038e+02 4.63855505e-01]
 [9.66816772e+02 8.56434937e+02 7.56475091e-01]
 [1.01101013e+03 8.58859924e+02 6.17532372e-01]
 [1.02558411e+03 8.58836121e+02 6.49598241e-01]
 [1.01823517e+03 8.51517395e+02 8.15886676e-01]]
2020-05-18 20:23:23,613 Scores:
2020-05-18 20:23:23,613 =======
2020-05-18 20:23:23,613 RBody_hip_score: 0.028887978888519454
2020-05-18 20:23:23,613 RKnee_hip_score: 0.39250261218900906
2020-05-18 20:23:23,613 RKnee_score: 0.04130295261313205
2020-05-18 20:23:23,613 LBody_hip_score: 0.08745494181795824
2020-05-18 20:23:23,613 LKnee_hip_score: 0.30890357113890526
2020-05-18 20:23:23,613 LKnee_score: 0.05338687859303247
2020-05-18 20:23:23,613 Right_score: 0.21379903896991742
2020-05-18 20:23:23,613 Left_score: 0.1896622406722003
2020-05-18 20:23:23,613 Passenger 4: STANDING

2020-05-18 20:23:23,613 Passenger5
2020-05-18 20:23:23,614 
[[3.2915729e+02 3.7081790e+02 9.2505288e-01]
 [3.3162415e+02 4.1990030e+02 9.2443794e-01]
 [2.8258307e+02 4.2477625e+02 8.7968200e-01]
 [2.6778180e+02 4.8609656e+02 8.1743014e-01]
 [2.8987219e+02 4.6394745e+02 9.6507299e-01]
 [3.8554498e+02 4.1010855e+02 8.6518872e-01]
 [4.2234833e+02 4.7622415e+02 8.8248092e-01]
 [3.9775281e+02 4.8125211e+02 9.5866263e-01]
 [3.4882480e+02 5.4735663e+02 8.2008356e-01]
 [3.2172787e+02 5.4987000e+02 8.2623398e-01]
 [3.2427487e+02 6.4307318e+02 9.4057333e-01]
 [3.4871933e+02 6.7982092e+02 8.9737630e-01]
 [3.8060980e+02 5.4489392e+02 8.3278209e-01]
 [3.8069308e+02 6.4054749e+02 8.9361078e-01]
 [3.7565073e+02 7.1419177e+02 9.0459383e-01]
 [3.1924411e+02 3.6355264e+02 9.6032798e-01]
 [3.3651947e+02 3.6107578e+02 9.6284056e-01]
 [2.9972867e+02 3.7575589e+02 9.3612349e-01]
 [3.5113498e+02 3.6584750e+02 5.2988285e-01]
 [3.7569043e+02 7.4364087e+02 8.5447741e-01]
 [3.8806244e+02 7.4108600e+02 9.1597593e-01]
 [3.6834909e+02 7.1666113e+02 7.0886791e-01]
 [3.4869586e+02 7.0920715e+02 8.5972106e-01]
 [3.4129663e+02 7.0435974e+02 8.7756521e-01]
 [3.5606131e+02 6.7735431e+02 7.4392819e-01]]
2020-05-18 20:23:23,615 Scores:
2020-05-18 20:23:23,615 =======
2020-05-18 20:23:23,615 RBody_hip_score: 0.1596262311521073
2020-05-18 20:23:23,615 RKnee_hip_score: 0.5498714483447302
2020-05-18 20:23:23,615 RKnee_score: 0.755852511721039
2020-05-18 20:23:23,615 LBody_hip_score: 0.19872877505602138
2020-05-18 20:23:23,615 LKnee_hip_score: 0.28933168075750504
2020-05-18 20:23:23,615 LKnee_score: 0.10368347608207246
2020-05-18 20:23:23,615 Right_score: 0.5038054098906517
2020-05-18 20:23:23,615 Left_score: 0.22026890316327596
2020-05-18 20:23:23,616 Passenger 5: STANDING

2020-05-18 20:23:23,616 Passenger6
2020-05-18 20:23:23,617 
[[0.0000000e+00 0.0000000e+00 0.0000000e+00]
 [8.4416608e+02 4.5176654e+02 8.6219096e-01]
 [8.9066663e+02 4.5664877e+02 8.7306136e-01]
 [9.1533514e+02 5.5964374e+02 8.1545198e-01]
 [9.4952350e+02 6.4302625e+02 9.0169889e-01]
 [8.0003723e+02 4.4929965e+02 8.6393142e-01]
 [7.9024756e+02 5.2041913e+02 1.8803677e-01]
 [0.0000000e+00 0.0000000e+00 0.0000000e+00]
 [8.4909509e+02 6.5777875e+02 6.4333361e-01]
 [8.7853455e+02 6.6023755e+02 6.2145376e-01]
 [8.7362988e+02 7.7797955e+02 8.2751614e-01]
 [8.7109937e+02 8.9571277e+02 8.1492543e-01]
 [8.1960028e+02 6.5773114e+02 5.8965415e-01]
 [8.3427875e+02 7.6806854e+02 8.2052565e-01]
 [8.2937421e+02 8.7606964e+02 7.9551244e-01]
 [0.0000000e+00 0.0000000e+00 0.0000000e+00]
 [0.0000000e+00 0.0000000e+00 0.0000000e+00]
 [8.8833765e+02 3.8551730e+02 8.9938235e-01]
 [8.2941266e+02 3.8306464e+02 6.3301545e-01]
 [8.3679651e+02 8.9574982e+02 2.2677332e-01]
 [8.3923938e+02 8.9573889e+02 1.9950509e-01]
 [8.2446228e+02 8.9569238e+02 6.4278054e-01]
 [9.0546124e+02 8.7610419e+02 2.8826040e-01]
 [8.9811224e+02 8.9567487e+02 3.3490342e-01]
 [8.6867731e+02 8.9576556e+02 5.2610272e-01]]
2020-05-18 20:23:23,617 Scores:
2020-05-18 20:23:23,617 =======
2020-05-18 20:23:23,617 RBody_hip_score: 0.09818925050942325
2020-05-18 20:23:23,617 RKnee_hip_score: 0.2633622565325069
2020-05-18 20:23:23,617 RKnee_score: 0.030208185947494668
2020-05-18 20:23:23,617 LBody_hip_score: 0.16186742656399145
2020-05-18 20:23:23,617 LKnee_hip_score: 0.23424821353549707
2020-05-18 20:23:23,617 LKnee_score: 0.263665742107137
2020-05-18 20:23:23,618 Right_score: 0.16378048738048293
2020-05-18 20:23:23,618 Left_score: 0.22350739893553065
2020-05-18 20:23:23,618 Passenger 6: STANDING

2020-05-18 20:23:23,618 Passenger7
2020-05-18 20:23:23,619 
[[4.6895782e+02 3.9781274e+02 3.5666072e-01]
 [4.5654672e+02 4.1744455e+02 7.5101995e-01]
 [4.5666714e+02 4.1982159e+02 8.5088730e-01]
 [4.6156061e+02 4.4925024e+02 8.1792700e-01]
 [4.8610956e+02 4.4198978e+02 8.6711127e-01]
 [4.4439673e+02 4.1497366e+02 6.6431195e-01]
 [0.0000000e+00 0.0000000e+00 0.0000000e+00]
 [0.0000000e+00 0.0000000e+00 0.0000000e+00]
 [4.5915698e+02 4.8120932e+02 8.4785873e-01]
 [4.6409824e+02 4.8122275e+02 8.6466295e-01]
 [4.8364386e+02 5.2291504e+02 9.1693634e-01]
 [4.8358606e+02 5.6706683e+02 8.4684396e-01]
 [4.5180139e+02 4.8119720e+02 7.8820193e-01]
 [4.5900015e+02 5.2041937e+02 8.9726371e-01]
 [4.4685635e+02 5.5960468e+02 8.1873930e-01]
 [4.6885242e+02 3.9290036e+02 3.5426837e-01]
 [4.7627032e+02 3.9538232e+02 6.4444058e-02]
 [4.5908377e+02 3.9778806e+02 6.0493380e-01]
 [0.0000000e+00 0.0000000e+00 0.0000000e+00]
 [4.5658792e+02 5.6705798e+02 4.8688173e-01]
 [4.5411255e+02 5.6218964e+02 4.8050201e-01]
 [4.4436099e+02 5.6459198e+02 7.2302622e-01]
 [4.9344525e+02 5.7187146e+02 5.5125904e-01]
 [4.9345465e+02 5.7435266e+02 6.4119744e-01]
 [4.7866986e+02 5.7429572e+02 8.0241990e-01]]
2020-05-18 20:23:23,619 Scores:
2020-05-18 20:23:23,619 =======
2020-05-18 20:23:23,619 RBody_hip_score: 0.5655423996053895
2020-05-18 20:23:23,619 RKnee_hip_score: 0.6782423908802908
2020-05-18 20:23:23,620 RKnee_score: 0.6182475530082123
2020-05-18 20:23:23,620 LBody_hip_score: 0.20952193260945723
2020-05-18 20:23:23,620 LKnee_hip_score: 0.06732523491356265
2020-05-18 20:23:23,620 LKnee_score: 0.6689672770247956
2020-05-18 20:23:23,620 Right_score: 0.6350686835935458
2020-05-18 20:23:23,620 Left_score: 0.25328491986534457
2020-05-18 20:23:23,620 Passenger 7: STANDING

2020-05-18 20:23:23,620 Passenger8
2020-05-18 20:23:23,621 
[[4.24795441e+02 3.87939880e+02 1.24911845e-01]
 [4.12571991e+02 4.00194702e+02 6.91451669e-01]
 [4.22318085e+02 4.00314148e+02 7.91655958e-01]
 [4.22389099e+02 4.17385437e+02 6.15806937e-01]
 [4.22402649e+02 4.27211731e+02 2.75237948e-01]
 [0.00000000e+00 0.00000000e+00 0.00000000e+00]
 [0.00000000e+00 0.00000000e+00 0.00000000e+00]
 [0.00000000e+00 0.00000000e+00 0.00000000e+00]
 [4.19782593e+02 4.32167694e+02 5.50800085e-01]
 [4.22224457e+02 4.32181976e+02 6.98897719e-01]
 [4.24699432e+02 4.44458557e+02 2.29436755e-01]
 [4.22258423e+02 4.59163696e+02 1.07994922e-01]
 [4.12550140e+02 4.32198883e+02 4.60119247e-01]
 [4.17472748e+02 4.41964447e+02 8.15805346e-02]
 [0.00000000e+00 0.00000000e+00 0.00000000e+00]
 [0.00000000e+00 0.00000000e+00 0.00000000e+00]
 [0.00000000e+00 0.00000000e+00 0.00000000e+00]
 [4.17444458e+02 3.85547363e+02 5.14279246e-01]
 [0.00000000e+00 0.00000000e+00 0.00000000e+00]
 [0.00000000e+00 0.00000000e+00 0.00000000e+00]
 [0.00000000e+00 0.00000000e+00 0.00000000e+00]
 [0.00000000e+00 0.00000000e+00 0.00000000e+00]
 [0.00000000e+00 0.00000000e+00 0.00000000e+00]
 [0.00000000e+00 0.00000000e+00 0.00000000e+00]
 [0.00000000e+00 0.00000000e+00 0.00000000e+00]]
2020-05-18 20:23:23,622 Scores:
2020-05-18 20:23:23,622 =======
2020-05-18 20:23:23,622 RBody_hip_score: 0.03430934988199369
2020-05-18 20:23:23,622 RKnee_hip_score: 0.2361031872326363
2020-05-18 20:23:23,622 RKnee_score: 0.5216163181552915
2020-05-18 20:23:23,622 LBody_hip_score: 0.3603454188000588
2020-05-18 20:23:23,622 LKnee_hip_score: 0.634858730853691
2020-05-18 20:23:23,622 LKnee_score: nan
2020-05-18 20:23:23,622 Right_score: 0.25703301062563944
2020-05-18 20:23:23,622 Left_score: 0.5433542935024803
2020-05-18 20:23:23,622 Passenger 8: STANDING

2020-05-18 20:23:23,622 Passenger9
2020-05-18 20:23:23,623 
[[0.0000000e+00 0.0000000e+00 0.0000000e+00]
 [5.4989624e+02 5.0083591e+02 4.5992443e-01]
 [5.3753961e+02 5.0567542e+02 7.2642827e-01]
 [5.5235681e+02 5.7925653e+02 7.6844209e-01]
 [5.9892981e+02 5.7191095e+02 3.7519890e-01]
 [5.5726007e+02 4.9831830e+02 2.9646128e-01]
 [0.0000000e+00 0.0000000e+00 0.0000000e+00]
 [0.0000000e+00 0.0000000e+00 0.0000000e+00]
 [5.5722021e+02 6.5040210e+02 5.2907801e-01]
 [5.6206805e+02 6.5280658e+02 6.3955420e-01]
 [5.6218915e+02 7.3873999e+02 7.2239387e-01]
 [5.5958130e+02 8.2948376e+02 6.8743098e-01]
 [5.4497693e+02 6.5041730e+02 3.6734825e-01]
 [5.5714777e+02 7.3630304e+02 4.5103392e-01]
 [5.5723193e+02 8.2938013e+02 4.8281136e-01]
 [0.0000000e+00 0.0000000e+00 0.0000000e+00]
 [0.0000000e+00 0.0000000e+00 0.0000000e+00]
 [5.5223492e+02 4.5636493e+02 5.7478040e-02]
 [0.0000000e+00 0.0000000e+00 0.0000000e+00]
 [5.8662439e+02 8.4903320e+02 1.8630849e-01]
 [5.8417853e+02 8.4168591e+02 1.7323953e-01]
 [5.4494135e+02 8.3927905e+02 3.2763451e-01]
 [5.7678967e+02 8.3919489e+02 2.0503736e-01]
 [5.7922925e+02 8.4166931e+02 2.8463721e-01]
 [5.4986096e+02 8.4165668e+02 6.3060355e-01]]
2020-05-18 20:23:23,624 Scores:
2020-05-18 20:23:23,624 =======
2020-05-18 20:23:23,624 RBody_hip_score: 0.07122611732628899
2020-05-18 20:23:23,624 RKnee_hip_score: 0.01090053203736479
2020-05-18 20:23:23,624 RKnee_score: 0.045193921896642064
2020-05-18 20:23:23,624 LBody_hip_score: 0.13737840551194103
2020-05-18 20:23:23,624 LKnee_hip_score: 0.07459734957034131
2020-05-18 20:23:23,624 LKnee_score: 0.20843743664908
2020-05-18 20:23:23,624 Right_score: 0.03455527582441516
2020-05-18 20:23:23,624 Left_score: 0.12375263532542591
2020-05-18 20:23:23,625 Passenger 9: STANDING

2020-05-18 20:23:23,625 Passenger10
2020-05-18 20:23:23,626 
[[8.0742303e+02 3.9535431e+02 9.2229962e-01]
 [7.7304779e+02 4.3455582e+02 5.4702789e-01]
 [7.7542700e+02 4.3461356e+02 9.0915006e-01]
 [7.5100269e+02 4.7142554e+02 8.8361067e-01]
 [7.9270880e+02 5.0329382e+02 5.9560806e-01]
 [0.0000000e+00 0.0000000e+00 0.0000000e+00]
 [0.0000000e+00 0.0000000e+00 0.0000000e+00]
 [0.0000000e+00 0.0000000e+00 0.0000000e+00]
 [7.7057605e+02 5.4979041e+02 4.0691394e-01]
 [7.6812329e+02 5.4740936e+02 6.5262365e-01]
 [7.7540698e+02 6.2827020e+02 6.3247144e-01]
 [7.6320416e+02 7.2887366e+02 7.2255510e-01]
 [7.6814062e+02 5.4985822e+02 3.0798650e-01]
 [7.7297717e+02 6.2339569e+02 3.4191746e-01]
 [7.7788025e+02 7.0928424e+02 2.8774306e-01]
 [7.9761102e+02 3.8794073e+02 9.4431531e-01]
 [8.0973187e+02 3.8559232e+02 3.5555089e-01]
 [7.7790033e+02 3.9540012e+02 8.8669187e-01]
 [0.0000000e+00 0.0000000e+00 0.0000000e+00]
 [8.0003137e+02 7.3377069e+02 2.1988405e-01]
 [8.0004742e+02 7.2149603e+02 1.8870665e-01]
 [7.6076953e+02 7.2638678e+02 1.2585649e-01]
 [7.9509241e+02 7.5098547e+02 5.4574168e-01]
 [7.8531610e+02 7.5340118e+02 5.6841278e-01]
 [7.5344495e+02 7.3626154e+02 7.2808999e-01]]
2020-05-18 20:23:23,626 Scores:
2020-05-18 20:23:23,626 =======
2020-05-18 20:23:23,626 RBody_hip_score: 0.1662331524991534
2020-05-18 20:23:23,626 RKnee_hip_score: 0.12410195519482083
2020-05-18 20:23:23,626 RKnee_score: 0.31117625890989825
2020-05-18 20:23:23,626 LBody_hip_score: 0.13035148839427024
2020-05-18 20:23:23,626 LKnee_hip_score: 0.08100517732783936
2020-05-18 20:23:23,626 LKnee_score: 0.012957477112290023
2020-05-18 20:23:23,627 Right_score: 0.18140333044967333
2020-05-18 20:23:23,627 Left_score: 0.07632983004055975
2020-05-18 20:23:23,627 Passenger 10: STANDING

2020-05-18 20:23:23,627 Passenger11
2020-05-18 20:23:23,628 
[[0.0000000e+00 0.0000000e+00 0.0000000e+00]
 [5.4987787e+02 4.2226544e+02 6.4920264e-01]
 [5.7690350e+02 4.2241440e+02 6.1452031e-01]
 [0.0000000e+00 0.0000000e+00 0.0000000e+00]
 [0.0000000e+00 0.0000000e+00 0.0000000e+00]
 [5.2050989e+02 4.1991382e+02 6.2551689e-01]
 [0.0000000e+00 0.0000000e+00 0.0000000e+00]
 [0.0000000e+00 0.0000000e+00 0.0000000e+00]
 [5.4002356e+02 4.7877744e+02 8.5858122e-02]
 [5.3780670e+02 4.8112344e+02 8.3776720e-02]
 [0.0000000e+00 0.0000000e+00 0.0000000e+00]
 [0.0000000e+00 0.0000000e+00 0.0000000e+00]
 [5.2289978e+02 4.8121457e+02 9.8632120e-02]
 [0.0000000e+00 0.0000000e+00 0.0000000e+00]
 [0.0000000e+00 0.0000000e+00 0.0000000e+00]
 [0.0000000e+00 0.0000000e+00 0.0000000e+00]
 [0.0000000e+00 0.0000000e+00 0.0000000e+00]
 [5.7189838e+02 4.0019119e+02 9.2010474e-01]
 [5.4742432e+02 3.9785333e+02 1.5672091e-01]
 [0.0000000e+00 0.0000000e+00 0.0000000e+00]
 [0.0000000e+00 0.0000000e+00 0.0000000e+00]
 [0.0000000e+00 0.0000000e+00 0.0000000e+00]
 [0.0000000e+00 0.0000000e+00 0.0000000e+00]
 [0.0000000e+00 0.0000000e+00 0.0000000e+00]
 [0.0000000e+00 0.0000000e+00 0.0000000e+00]]
2020-05-18 20:23:23,628 Scores:
2020-05-18 20:23:23,628 =======
2020-05-18 20:23:23,628 RBody_hip_score: nan
2020-05-18 20:23:23,628 RKnee_hip_score: nan
2020-05-18 20:23:23,628 RKnee_score: nan
2020-05-18 20:23:23,628 LBody_hip_score: nan
2020-05-18 20:23:23,628 LKnee_hip_score: nan
2020-05-18 20:23:23,628 LKnee_score: nan
2020-05-18 20:23:23,628 Right_score: nan
2020-05-18 20:23:23,629 Left_score: nan
2020-05-18 20:23:23,629 Passenger 11: UNKNOWN

2020-05-18 20:23:23,629 Passenger12
2020-05-18 20:23:23,630 
[[1.1139066e+03 3.6598090e+02 4.2879680e-01]
 [1.1066075e+03 3.9534702e+02 2.6281574e-01]
 [1.0918003e+03 3.9289160e+02 1.9351356e-01]
 [0.0000000e+00 0.0000000e+00 0.0000000e+00]
 [0.0000000e+00 0.0000000e+00 0.0000000e+00]
 [1.1261694e+03 4.0030438e+02 3.6308140e-01]
 [1.1335155e+03 4.4192209e+02 1.3846265e-01]
 [0.0000000e+00 0.0000000e+00 0.0000000e+00]
 [1.1089985e+03 4.7632047e+02 1.1039960e-01]
 [1.1016359e+03 4.7383731e+02 9.7736448e-02]
 [0.0000000e+00 0.0000000e+00 0.0000000e+00]
 [0.0000000e+00 0.0000000e+00 0.0000000e+00]
 [1.1212731e+03 4.8117477e+02 1.1794008e-01]
 [0.0000000e+00 0.0000000e+00 0.0000000e+00]
 [0.0000000e+00 0.0000000e+00 0.0000000e+00]
 [1.1090673e+03 3.5851648e+02 4.0828538e-01]
 [0.0000000e+00 0.0000000e+00 0.0000000e+00]
 [1.1016270e+03 3.5856604e+02 2.0014510e-01]
 [0.0000000e+00 0.0000000e+00 0.0000000e+00]
 [0.0000000e+00 0.0000000e+00 0.0000000e+00]
 [0.0000000e+00 0.0000000e+00 0.0000000e+00]
 [0.0000000e+00 0.0000000e+00 0.0000000e+00]
 [0.0000000e+00 0.0000000e+00 0.0000000e+00]
 [0.0000000e+00 0.0000000e+00 0.0000000e+00]
 [0.0000000e+00 0.0000000e+00 0.0000000e+00]]
2020-05-18 20:23:23,630 Scores:
2020-05-18 20:23:23,630 =======
2020-05-18 20:23:23,630 RBody_hip_score: nan
2020-05-18 20:23:23,630 RKnee_hip_score: nan
2020-05-18 20:23:23,630 RKnee_score: nan
2020-05-18 20:23:23,630 LBody_hip_score: nan
2020-05-18 20:23:23,630 LKnee_hip_score: nan
2020-05-18 20:23:23,630 LKnee_score: nan
2020-05-18 20:23:23,630 Right_score: nan
2020-05-18 20:23:23,630 Left_score: nan
2020-05-18 20:23:23,630 Passenger 12: UNKNOWN

2020-05-18 20:23:23,631 Passenger13
2020-05-18 20:23:23,631 
[[1.0403892e+03 3.7823120e+02 9.1096610e-02]
 [0.0000000e+00 0.0000000e+00 0.0000000e+00]
 [1.0427705e+03 4.4439011e+02 8.4929699e-01]
 [0.0000000e+00 0.0000000e+00 0.0000000e+00]
 [0.0000000e+00 0.0000000e+00 0.0000000e+00]
 [0.0000000e+00 0.0000000e+00 0.0000000e+00]
 [0.0000000e+00 0.0000000e+00 0.0000000e+00]
 [0.0000000e+00 0.0000000e+00 0.0000000e+00]
 [0.0000000e+00 0.0000000e+00 0.0000000e+00]
 [0.0000000e+00 0.0000000e+00 0.0000000e+00]
 [0.0000000e+00 0.0000000e+00 0.0000000e+00]
 [0.0000000e+00 0.0000000e+00 0.0000000e+00]
 [0.0000000e+00 0.0000000e+00 0.0000000e+00]
 [0.0000000e+00 0.0000000e+00 0.0000000e+00]
 [0.0000000e+00 0.0000000e+00 0.0000000e+00]
 [1.0354901e+03 3.7080023e+02 1.4527164e-01]
 [0.0000000e+00 0.0000000e+00 0.0000000e+00]
 [1.0255778e+03 3.8308478e+02 7.7319229e-01]
 [0.0000000e+00 0.0000000e+00 0.0000000e+00]
 [0.0000000e+00 0.0000000e+00 0.0000000e+00]
 [0.0000000e+00 0.0000000e+00 0.0000000e+00]
 [0.0000000e+00 0.0000000e+00 0.0000000e+00]
 [0.0000000e+00 0.0000000e+00 0.0000000e+00]
 [0.0000000e+00 0.0000000e+00 0.0000000e+00]
 [0.0000000e+00 0.0000000e+00 0.0000000e+00]]
2020-05-18 20:23:23,632 Scores:
2020-05-18 20:23:23,632 =======
2020-05-18 20:23:23,632 RBody_hip_score: nan
2020-05-18 20:23:23,632 RKnee_hip_score: nan
2020-05-18 20:23:23,632 RKnee_score: nan
2020-05-18 20:23:23,632 LBody_hip_score: nan
2020-05-18 20:23:23,632 LKnee_hip_score: nan
2020-05-18 20:23:23,632 LKnee_score: nan
2020-05-18 20:23:23,632 Right_score: nan
2020-05-18 20:23:23,632 Left_score: nan
2020-05-18 20:23:23,632 Passenger 13: UNKNOWN

2020-05-18 20:23:23,632 Passenger14
2020-05-18 20:23:23,633 
[[5.8417004e+02 4.0032770e+02 6.8145305e-02]
 [0.0000000e+00 0.0000000e+00 0.0000000e+00]
 [5.7690350e+02 4.2241440e+02 6.1452031e-01]
 [0.0000000e+00 0.0000000e+00 0.0000000e+00]
 [0.0000000e+00 0.0000000e+00 0.0000000e+00]
 [0.0000000e+00 0.0000000e+00 0.0000000e+00]
 [0.0000000e+00 0.0000000e+00 0.0000000e+00]
 [0.0000000e+00 0.0000000e+00 0.0000000e+00]
 [0.0000000e+00 0.0000000e+00 0.0000000e+00]
 [0.0000000e+00 0.0000000e+00 0.0000000e+00]
 [0.0000000e+00 0.0000000e+00 0.0000000e+00]
 [0.0000000e+00 0.0000000e+00 0.0000000e+00]
 [0.0000000e+00 0.0000000e+00 0.0000000e+00]
 [0.0000000e+00 0.0000000e+00 0.0000000e+00]
 [0.0000000e+00 0.0000000e+00 0.0000000e+00]
 [5.8661377e+02 4.0014017e+02 2.1672371e-01]
 [0.0000000e+00 0.0000000e+00 0.0000000e+00]
 [5.7189838e+02 4.0019119e+02 9.2010474e-01]
 [0.0000000e+00 0.0000000e+00 0.0000000e+00]
 [0.0000000e+00 0.0000000e+00 0.0000000e+00]
 [0.0000000e+00 0.0000000e+00 0.0000000e+00]
 [0.0000000e+00 0.0000000e+00 0.0000000e+00]
 [0.0000000e+00 0.0000000e+00 0.0000000e+00]
 [0.0000000e+00 0.0000000e+00 0.0000000e+00]
 [0.0000000e+00 0.0000000e+00 0.0000000e+00]]
2020-05-18 20:23:23,634 Scores:
2020-05-18 20:23:23,634 =======
2020-05-18 20:23:23,634 RBody_hip_score: nan
2020-05-18 20:23:23,634 RKnee_hip_score: nan
2020-05-18 20:23:23,634 RKnee_score: nan
2020-05-18 20:23:23,634 LBody_hip_score: nan
2020-05-18 20:23:23,634 LKnee_hip_score: nan
2020-05-18 20:23:23,634 LKnee_score: nan
2020-05-18 20:23:23,634 Right_score: nan
2020-05-18 20:23:23,634 Left_score: nan
2020-05-18 20:23:23,634 Passenger 14: UNKNOWN

2020-05-18 20:23:23,670 C:\Users\User\OneDrive - Nanyang Technological University\Data Analytics\Human Activity Recognition\images\Subway\processed\20200518-202301-00002.jpg
2020-05-18 20:23:23,670 Successfully saved

