2020-05-27 21:02:40,639 Processing Image: 00005
2020-05-27 21:02:52,732 Passenger1
2020-05-27 21:02:52,733 
[[2.9974402e+02 8.9122467e+01 9.5879602e-01]
 [2.7906879e+02 1.2829939e+02 8.7300324e-01]
 [2.3416777e+02 1.2714602e+02 8.1346840e-01]
 [2.2379202e+02 1.9270598e+02 7.8454268e-01]
 [2.2153555e+02 2.4453491e+02 5.2692455e-01]
 [3.2163809e+02 1.2829390e+02 7.9119635e-01]
 [3.2972324e+02 2.0308463e+02 7.0913517e-01]
 [3.2973358e+02 2.6179706e+02 8.1504130e-01]
 [2.7560724e+02 2.5948270e+02 5.4617882e-01]
 [2.5026253e+02 2.5833588e+02 5.2628243e-01]
 [2.5717419e+02 3.7116129e+02 7.6873183e-01]
 [2.5258076e+02 4.0226025e+02 5.5840887e-02]
 [3.0093323e+02 2.6064954e+02 5.3734010e-01]
 [2.9055981e+02 3.6539413e+02 7.2484982e-01]
 [0.0000000e+00 0.0000000e+00 0.0000000e+00]
 [2.9053635e+02 7.8812157e+01 9.6195149e-01]
 [3.0438684e+02 8.1076340e+01 9.1540402e-01]
 [2.6981744e+02 7.8761284e+01 9.4832486e-01]
 [0.0000000e+00 0.0000000e+00 0.0000000e+00]
 [0.0000000e+00 0.0000000e+00 0.0000000e+00]
 [0.0000000e+00 0.0000000e+00 0.0000000e+00]
 [0.0000000e+00 0.0000000e+00 0.0000000e+00]
 [0.0000000e+00 0.0000000e+00 0.0000000e+00]
 [0.0000000e+00 0.0000000e+00 0.0000000e+00]
 [0.0000000e+00 0.0000000e+00 0.0000000e+00]]
2020-05-27 21:02:52,765 {<Pose.UNKNOWN: 0>: 1.0569437769447632e-08, <Pose.SITTING: 1>: 5.9072510339319706e-05, <Pose.STANDING: 2>: 0.9999408721923828}
2020-05-27 21:02:52,765 Passenger 1: STANDING

2020-05-27 21:02:52,766 Passenger2
2020-05-27 21:02:52,767 
[[144.35522    191.55223      0.87847304]
 [165.0792     214.6317       0.8588345 ]
 [128.2429     216.88852      0.8549347 ]
 [106.43946    281.35175      0.7989688 ]
 [122.53919    269.88647      0.86563265]
 [203.12123    213.45758      0.7957741 ]
 [214.60274    275.59357      0.79327786]
 [165.128      261.76233      0.8243381 ]
 [161.65474    305.56042      0.6626674 ]
 [135.2021     306.67404      0.62407774]
 [108.69625    348.12894      0.4591183 ]
 [  0.           0.           0.        ]
 [186.97353    306.68658      0.61760294]
 [157.06789    357.34705      0.6420669 ]
 [  0.           0.           0.        ]
 [136.34288    183.53319      0.85149974]
 [151.33589    181.24362      0.95707923]
 [  0.           0.           0.        ]
 [170.8272     178.94727      0.78338   ]
 [  0.           0.           0.        ]
 [  0.           0.           0.        ]
 [  0.           0.           0.        ]
 [  0.           0.           0.        ]
 [  0.           0.           0.        ]
 [  0.           0.           0.        ]]
2020-05-27 21:02:52,796 {<Pose.UNKNOWN: 0>: 6.91477300765464e-12, <Pose.SITTING: 1>: 1.0, <Pose.STANDING: 2>: 6.893433601717902e-10}
2020-05-27 21:02:52,796 Passenger 2: SITTING

2020-05-27 21:02:52,797 Passenger3
2020-05-27 21:02:52,797 
[[3.9759366e+02 1.4210603e+02 8.6616009e-01]
 [4.2755405e+02 1.4438693e+02 8.6095482e-01]
 [4.1371896e+02 1.4554126e+02 7.3191476e-01]
 [4.2292947e+02 1.7660756e+02 1.7311767e-01]
 [4.1027765e+02 1.8005820e+02 1.2395464e-01]
 [4.4136411e+02 1.4326285e+02 8.6457825e-01]
 [4.6899130e+02 1.7204449e+02 5.8667523e-01]
 [4.6440436e+02 2.0767664e+02 1.5408689e-01]
 [4.3791113e+02 2.0769482e+02 7.1530867e-01]
 [4.2754379e+02 2.0768025e+02 7.1589363e-01]
 [4.2757681e+02 2.5375543e+02 2.1408807e-01]
 [0.0000000e+00 0.0000000e+00 0.0000000e+00]
 [4.4829282e+02 2.0771118e+02 6.7178929e-01]
 [4.4596378e+02 2.5719156e+02 1.9163930e-01]
 [0.0000000e+00 0.0000000e+00 0.0000000e+00]
 [0.0000000e+00 0.0000000e+00 0.0000000e+00]
 [3.9763702e+02 1.3516632e+02 8.2885391e-01]
 [0.0000000e+00 0.0000000e+00 0.0000000e+00]
 [4.1490817e+02 1.2599177e+02 9.0992427e-01]
 [0.0000000e+00 0.0000000e+00 0.0000000e+00]
 [0.0000000e+00 0.0000000e+00 0.0000000e+00]
 [0.0000000e+00 0.0000000e+00 0.0000000e+00]
 [0.0000000e+00 0.0000000e+00 0.0000000e+00]
 [0.0000000e+00 0.0000000e+00 0.0000000e+00]
 [0.0000000e+00 0.0000000e+00 0.0000000e+00]]
2020-05-27 21:02:52,826 {<Pose.UNKNOWN: 0>: 3.464478126602444e-08, <Pose.SITTING: 1>: 1.056320525094634e-05, <Pose.STANDING: 2>: 0.99998939037323}
2020-05-27 21:02:52,826 Passenger 3: STANDING

2020-05-27 21:02:52,826 Passenger4
2020-05-27 21:02:52,827 
[[0.00000000e+00 0.00000000e+00 0.00000000e+00]
 [6.64696899e+02 1.22509827e+02 8.58995914e-01]
 [6.78480957e+02 1.19066864e+02 7.22927153e-01]
 [0.00000000e+00 0.00000000e+00 0.00000000e+00]
 [0.00000000e+00 0.00000000e+00 0.00000000e+00]
 [6.50893677e+02 1.23702141e+02 8.92911553e-01]
 [6.48576233e+02 1.53623932e+02 7.17532516e-01]
 [6.45095337e+02 1.77784653e+02 4.67103213e-01]
 [6.66962585e+02 1.78917664e+02 6.54281557e-01]
 [6.76205139e+02 1.77771622e+02 5.96693575e-01]
 [6.77359985e+02 2.19188141e+02 3.34467411e-01]
 [6.80809143e+02 2.56061127e+02 2.20572323e-01]
 [6.57739075e+02 1.80044388e+02 6.41874313e-01]
 [6.57773682e+02 2.20354828e+02 3.86610448e-01]
 [6.58946350e+02 2.56031769e+02 2.54663646e-01]
 [0.00000000e+00 0.00000000e+00 0.00000000e+00]
 [0.00000000e+00 0.00000000e+00 0.00000000e+00]
 [6.68111389e+02 1.04121170e+02 3.43376935e-01]
 [6.50908020e+02 1.04089645e+02 9.24297512e-01]
 [0.00000000e+00 0.00000000e+00 0.00000000e+00]
 [0.00000000e+00 0.00000000e+00 0.00000000e+00]
 [6.61241882e+02 2.59474426e+02 2.18651831e-01]
 [6.79684326e+02 2.61782990e+02 8.62144753e-02]
 [0.00000000e+00 0.00000000e+00 0.00000000e+00]
 [6.81958740e+02 2.58339050e+02 1.80778980e-01]]
2020-05-27 21:02:52,857 {<Pose.UNKNOWN: 0>: 1.6690895790816285e-05, <Pose.SITTING: 1>: 0.0021063906606286764, <Pose.STANDING: 2>: 0.9978768825531006}
2020-05-27 21:02:52,857 Passenger 4: STANDING

2020-05-27 21:02:52,857 Passenger5
2020-05-27 21:02:52,858 
[[5.6895760e+01 1.8008806e+02 9.2844206e-01]
 [3.8453766e+01 2.1347157e+02 7.5662971e-01]
 [2.7603867e+00 2.1459245e+02 5.0551146e-01]
 [2.7416348e+00 2.8941129e+02 7.6512814e-02]
 [2.5827377e+01 2.9632739e+02 5.7213283e-01]
 [7.9933060e+01 2.1230771e+02 7.5793821e-01]
 [9.0304657e+01 2.8943945e+02 6.1008430e-01]
 [6.2651424e+01 3.0206354e+02 2.9269484e-01]
 [2.4683754e+01 3.1818634e+02 5.7229835e-01]
 [2.7580733e+00 3.1591238e+02 4.4921428e-01]
 [0.0000000e+00 0.0000000e+00 0.0000000e+00]
 [0.0000000e+00 0.0000000e+00 0.0000000e+00]
 [5.2323223e+01 3.2048550e+02 5.5594140e-01]
 [6.9594696e+01 3.5273862e+02 7.4022681e-01]
 [0.0000000e+00 0.0000000e+00 0.0000000e+00]
 [4.6539906e+01 1.7201749e+02 9.1695583e-01]
 [6.1477825e+01 1.7089478e+02 9.2320043e-01]
 [2.0055162e+01 1.7198340e+02 5.7503080e-01]
 [0.0000000e+00 0.0000000e+00 0.0000000e+00]
 [0.0000000e+00 0.0000000e+00 0.0000000e+00]
 [0.0000000e+00 0.0000000e+00 0.0000000e+00]
 [0.0000000e+00 0.0000000e+00 0.0000000e+00]
 [0.0000000e+00 0.0000000e+00 0.0000000e+00]
 [0.0000000e+00 0.0000000e+00 0.0000000e+00]
 [0.0000000e+00 0.0000000e+00 0.0000000e+00]]
2020-05-27 21:02:52,888 {<Pose.UNKNOWN: 0>: 9.989654936592984e-11, <Pose.SITTING: 1>: 1.0, <Pose.STANDING: 2>: 3.689150762653526e-09}
2020-05-27 21:02:52,888 Passenger 5: SITTING

2020-05-27 21:02:52,888 Passenger6
2020-05-27 21:02:52,889 
[[3.5963596e+02 1.6970084e+02 9.4037539e-01]
 [3.6192648e+02 2.0539108e+02 7.8842962e-01]
 [3.3202179e+02 2.0422974e+02 5.4052055e-01]
 [0.0000000e+00 0.0000000e+00 0.0000000e+00]
 [0.0000000e+00 0.0000000e+00 0.0000000e+00]
 [3.9073605e+02 2.0656857e+02 7.5764984e-01]
 [4.1027979e+02 2.6178296e+02 4.0621424e-01]
 [3.7575793e+02 2.6295007e+02 2.8236908e-01]
 [3.6192694e+02 3.0438904e+02 3.9884785e-01]
 [3.4006152e+02 3.0552435e+02 4.1354895e-01]
 [3.8384106e+02 3.2972064e+02 6.3653386e-01]
 [3.7573724e+02 4.0913748e+02 2.3899069e-01]
 [3.8498282e+02 3.0439755e+02 3.6490342e-01]
 [4.1831738e+02 3.3315652e+02 2.4867089e-01]
 [0.0000000e+00 0.0000000e+00 0.0000000e+00]
 [3.5386121e+02 1.6170323e+02 9.7079283e-01]
 [3.6885257e+02 1.6281746e+02 9.2702293e-01]
 [3.4585574e+02 1.6967334e+02 3.3052042e-01]
 [3.8148282e+02 1.7090176e+02 7.4645591e-01]
 [0.0000000e+00 0.0000000e+00 0.0000000e+00]
 [0.0000000e+00 0.0000000e+00 0.0000000e+00]
 [0.0000000e+00 0.0000000e+00 0.0000000e+00]
 [3.7805951e+02 4.1145346e+02 8.4546581e-02]
 [0.0000000e+00 0.0000000e+00 0.0000000e+00]
 [3.7575345e+02 4.1027927e+02 1.5507033e-01]]
2020-05-27 21:02:52,916 {<Pose.UNKNOWN: 0>: 3.0445271193002554e-08, <Pose.SITTING: 1>: 0.9999768733978271, <Pose.STANDING: 2>: 2.306648275407497e-05}
2020-05-27 21:02:52,916 Passenger 6: SITTING

2020-05-27 21:02:52,916 Passenger7
2020-05-27 21:02:52,917 
[[151.32101     96.05285      0.97139895]
 [152.46361    117.9302       0.9078799 ]
 [120.22542    119.04122      0.8356672 ]
 [107.53317    170.86469      0.89198154]
 [138.64655    155.88837      0.7277001 ]
 [186.98378    117.93283      0.86278313]
 [193.85083    165.09613      0.81695867]
 [165.09743    193.89699      0.4457957 ]
 [157.0705     204.2686       0.4396817 ]
 [134.02977    208.8287       0.41569763]
 [  0.           0.           0.        ]
 [  0.           0.           0.        ]
 [180.05183    201.93423      0.439133  ]
 [  0.           0.           0.        ]
 [  0.           0.           0.        ]
 [144.3888      89.11839      0.91317356]
 [158.19656     87.99285      0.9453554 ]
 [133.99474     89.10122      0.38588634]
 [169.70163     85.65412      0.9347419 ]
 [  0.           0.           0.        ]
 [  0.           0.           0.        ]
 [  0.           0.           0.        ]
 [  0.           0.           0.        ]
 [  0.           0.           0.        ]
 [  0.           0.           0.        ]]
2020-05-27 21:02:52,943 {<Pose.UNKNOWN: 0>: 3.7694630918849725e-06, <Pose.SITTING: 1>: 0.20360760390758514, <Pose.STANDING: 2>: 0.7963886260986328}
2020-05-27 21:02:52,943 Passenger 7: STANDING

2020-05-27 21:02:52,943 Passenger8
2020-05-27 21:02:52,944 
[[2.41096512e+02 4.88811874e+01 9.33665454e-01]
 [2.38804749e+02 6.95244370e+01 8.84637654e-01]
 [2.04262589e+02 7.07403183e+01 8.28559816e-01]
 [1.85840042e+02 1.09839424e+02 6.44196868e-01]
 [0.00000000e+00 0.00000000e+00 0.00000000e+00]
 [2.74465454e+02 6.60903244e+01 7.51423001e-01]
 [0.00000000e+00 0.00000000e+00 0.00000000e+00]
 [0.00000000e+00 0.00000000e+00 0.00000000e+00]
 [2.44522797e+02 1.51304123e+02 1.64187551e-01]
 [2.23830902e+02 1.54744476e+02 1.91562682e-01]
 [0.00000000e+00 0.00000000e+00 0.00000000e+00]
 [0.00000000e+00 0.00000000e+00 0.00000000e+00]
 [2.62920288e+02 1.54745422e+02 1.46107987e-01]
 [0.00000000e+00 0.00000000e+00 0.00000000e+00]
 [0.00000000e+00 0.00000000e+00 0.00000000e+00]
 [2.33044037e+02 4.30707130e+01 9.48168635e-01]
 [2.45715637e+02 4.07993240e+01 9.51988220e-01]
 [2.21478333e+02 4.07984924e+01 9.34636652e-01]
 [2.54933319e+02 3.50284996e+01 8.68743896e-01]
 [0.00000000e+00 0.00000000e+00 0.00000000e+00]
 [0.00000000e+00 0.00000000e+00 0.00000000e+00]
 [0.00000000e+00 0.00000000e+00 0.00000000e+00]
 [0.00000000e+00 0.00000000e+00 0.00000000e+00]
 [0.00000000e+00 0.00000000e+00 0.00000000e+00]
 [0.00000000e+00 0.00000000e+00 0.00000000e+00]]
2020-05-27 21:02:52,973 {<Pose.UNKNOWN: 0>: 1.0, <Pose.SITTING: 1>: 6.418808817798549e-10, <Pose.STANDING: 2>: 2.1701271890606222e-08}
2020-05-27 21:02:52,974 Passenger 8: UNKNOWN

2020-05-27 21:02:52,974 Passenger9
2020-05-27 21:02:52,975 
[[3.66556824e+02 7.53367996e+01 9.29210424e-01]
 [3.63133698e+02 1.15630859e+02 8.85801911e-01]
 [3.33167633e+02 1.12158188e+02 8.00575197e-01]
 [0.00000000e+00 0.00000000e+00 0.00000000e+00]
 [0.00000000e+00 0.00000000e+00 0.00000000e+00]
 [3.96492035e+02 1.20222824e+02 7.97893286e-01]
 [4.11415253e+02 1.69725952e+02 6.95597231e-01]
 [4.07990875e+02 1.78955948e+02 5.99127173e-01]
 [3.63104218e+02 2.06551895e+02 9.32286829e-02]
 [3.44655273e+02 2.06545334e+02 1.22463875e-01]
 [0.00000000e+00 0.00000000e+00 0.00000000e+00]
 [0.00000000e+00 0.00000000e+00 0.00000000e+00]
 [3.87272247e+02 2.06548996e+02 8.90800804e-02]
 [0.00000000e+00 0.00000000e+00 0.00000000e+00]
 [0.00000000e+00 0.00000000e+00 0.00000000e+00]
 [3.61944153e+02 6.72893600e+01 9.43475187e-01]
 [3.74615082e+02 6.95376663e+01 9.44678247e-01]
 [3.53895935e+02 6.95310516e+01 8.71717930e-01]
 [3.86123871e+02 7.41367569e+01 8.94325972e-01]
 [0.00000000e+00 0.00000000e+00 0.00000000e+00]
 [0.00000000e+00 0.00000000e+00 0.00000000e+00]
 [0.00000000e+00 0.00000000e+00 0.00000000e+00]
 [0.00000000e+00 0.00000000e+00 0.00000000e+00]
 [0.00000000e+00 0.00000000e+00 0.00000000e+00]
 [0.00000000e+00 0.00000000e+00 0.00000000e+00]]
2020-05-27 21:02:53,005 {<Pose.UNKNOWN: 0>: 0.0458148755133152, <Pose.SITTING: 1>: 0.020356912165880203, <Pose.STANDING: 2>: 0.9338282346725464}
2020-05-27 21:02:53,005 Passenger 9: STANDING

2020-05-27 21:02:53,005 Passenger10
2020-05-27 21:02:53,006 
[[5.3231567e+02 3.1702579e+02 8.8817823e-01]
 [5.0353870e+02 3.5156488e+02 5.6825173e-01]
 [4.4942670e+02 3.5502911e+02 5.6501174e-01]
 [0.0000000e+00 0.0000000e+00 0.0000000e+00]
 [0.0000000e+00 0.0000000e+00 0.0000000e+00]
 [5.5993811e+02 3.5041354e+02 4.3112448e-01]
 [0.0000000e+00 0.0000000e+00 0.0000000e+00]
 [0.0000000e+00 0.0000000e+00 0.0000000e+00]
 [0.0000000e+00 0.0000000e+00 0.0000000e+00]
 [0.0000000e+00 0.0000000e+00 0.0000000e+00]
 [0.0000000e+00 0.0000000e+00 0.0000000e+00]
 [0.0000000e+00 0.0000000e+00 0.0000000e+00]
 [0.0000000e+00 0.0000000e+00 0.0000000e+00]
 [0.0000000e+00 0.0000000e+00 0.0000000e+00]
 [0.0000000e+00 0.0000000e+00 0.0000000e+00]
 [5.1732800e+02 2.9982730e+02 9.0452260e-01]
 [5.4497876e+02 2.9979224e+02 8.8242805e-01]
 [4.8510529e+02 2.9401105e+02 5.6111181e-01]
 [5.5652252e+02 2.9631213e+02 7.2123602e-02]
 [0.0000000e+00 0.0000000e+00 0.0000000e+00]
 [0.0000000e+00 0.0000000e+00 0.0000000e+00]
 [0.0000000e+00 0.0000000e+00 0.0000000e+00]
 [0.0000000e+00 0.0000000e+00 0.0000000e+00]
 [0.0000000e+00 0.0000000e+00 0.0000000e+00]
 [0.0000000e+00 0.0000000e+00 0.0000000e+00]]
2020-05-27 21:02:53,035 {<Pose.UNKNOWN: 0>: 1.0, <Pose.SITTING: 1>: 7.412760034239869e-18, <Pose.STANDING: 2>: 3.94502630568375e-15}
2020-05-27 21:02:53,035 Passenger 10: UNKNOWN

2020-05-27 21:02:53,035 Passenger11
2020-05-27 21:02:53,036 
[[670.4388     350.46457      0.78824294]
 [  0.           0.           0.        ]
 [  0.           0.           0.        ]
 [  0.           0.           0.        ]
 [  0.           0.           0.        ]
 [  0.           0.           0.        ]
 [  0.           0.           0.        ]
 [  0.           0.           0.        ]
 [  0.           0.           0.        ]
 [  0.           0.           0.        ]
 [  0.           0.           0.        ]
 [  0.           0.           0.        ]
 [  0.           0.           0.        ]
 [  0.           0.           0.        ]
 [  0.           0.           0.        ]
 [642.8153     336.64395      0.8775215 ]
 [675.05273    331.9918       0.85332865]
 [586.4345     340.10074      0.8257235 ]
 [  0.           0.           0.        ]
 [  0.           0.           0.        ]
 [  0.           0.           0.        ]
 [  0.           0.           0.        ]
 [  0.           0.           0.        ]
 [  0.           0.           0.        ]
 [  0.           0.           0.        ]]
2020-05-27 21:02:53,065 {<Pose.UNKNOWN: 0>: 1.0, <Pose.SITTING: 1>: 2.278278125350968e-18, <Pose.STANDING: 2>: 1.4758197029564129e-15}
2020-05-27 21:02:53,065 Passenger 11: UNKNOWN

2020-05-27 21:02:53,073 C:\Users\User\OneDrive - Nanyang Technological University\Data Analytics\Human Activity Recognition\images\Subway\processed\20200527-210240-00005.jpg
2020-05-27 21:02:53,073 Successfully saved

