2020-05-27 21:02:12,873 Processing Image: 00003
2020-05-27 21:02:25,745 Passenger1
2020-05-27 21:02:25,746 
[[4.9944992e+02 9.8073776e+01 9.5080817e-01]
 [5.3204535e+02 1.5454019e+02 9.1579390e-01]
 [4.8214838e+02 1.5671698e+02 8.6594647e-01]
 [4.7772366e+02 2.3701404e+02 9.0372866e-01]
 [5.0594830e+02 2.6517258e+02 8.9953607e-01]
 [5.8193665e+02 1.5234802e+02 8.7560940e-01]
 [5.8845618e+02 2.3476701e+02 8.7658060e-01]
 [5.4286481e+02 2.5867368e+02 8.0053222e-01]
 [5.3425476e+02 2.7608878e+02 8.2739198e-01]
 [5.0168784e+02 2.8246481e+02 7.8247494e-01]
 [5.6465735e+02 3.2160767e+02 8.7673688e-01]
 [5.5161359e+02 4.6691666e+02 7.9379320e-01]
 [5.6680322e+02 2.7386792e+02 7.4565792e-01]
 [5.4497754e+02 2.8247064e+02 9.3027794e-01]
 [5.2769330e+02 3.9971136e+02 8.4195930e-01]
 [4.9950015e+02 8.9449738e+01 6.5557152e-01]
 [5.1040588e+02 8.9441986e+01 9.4384873e-01]
 [0.0000000e+00 0.0000000e+00 0.0000000e+00]
 [5.4293732e+02 9.3831497e+01 9.6032852e-01]
 [5.2764471e+02 4.3869177e+02 4.4196722e-01]
 [5.3207635e+02 4.3219827e+02 5.0575238e-01]
 [5.1688263e+02 4.1055457e+02 6.9161034e-01]
 [5.7320215e+02 4.9302423e+02 7.3836100e-01]
 [5.5591296e+02 4.9301816e+02 7.1601892e-01]
 [5.4726105e+02 4.7780737e+02 7.3753160e-01]]
2020-05-27 21:02:25,779 {<Pose.UNKNOWN: 0>: 1.5837746047964174e-07, <Pose.SITTING: 1>: 0.9999966621398926, <Pose.STANDING: 2>: 3.202516381861642e-06}
2020-05-27 21:02:25,779 Passenger 1: SITTING

2020-05-27 21:02:25,780 Passenger2
2020-05-27 21:02:25,780 
[[7.6853021e+02 3.1723175e+02 9.5899814e-01]
 [7.5762537e+02 3.8670261e+02 8.4193474e-01]
 [6.8396362e+02 3.9101086e+02 8.4309572e-01]
 [6.6219666e+02 5.1902917e+02 8.7562454e-01]
 [7.3378406e+02 4.9729019e+02 8.8388985e-01]
 [8.2924139e+02 3.8447375e+02 8.1590527e-01]
 [8.7488824e+02 4.9951443e+02 7.5510198e-01]
 [8.4444318e+02 5.4716473e+02 7.5465155e-01]
 [7.6856067e+02 5.6675232e+02 7.0473999e-01]
 [7.2298657e+02 5.6678192e+02 6.7653984e-01]
 [7.5543298e+02 6.2961096e+02 8.5195953e-01]
 [7.2517535e+02 7.9246082e+02 3.8060853e-01]
 [8.1628290e+02 5.6673071e+02 6.5044397e-01]
 [8.7265820e+02 6.1226508e+02 3.3093998e-01]
 [0.0000000e+00 0.0000000e+00 0.0000000e+00]
 [7.5108087e+02 3.0427356e+02 9.6728808e-01]
 [7.7720593e+02 3.0207086e+02 9.2376500e-01]
 [7.2077625e+02 3.1291168e+02 6.7366958e-01]
 [0.0000000e+00 0.0000000e+00 0.0000000e+00]
 [0.0000000e+00 0.0000000e+00 0.0000000e+00]
 [0.0000000e+00 0.0000000e+00 0.0000000e+00]
 [0.0000000e+00 0.0000000e+00 0.0000000e+00]
 [7.2293115e+02 7.9247784e+02 9.8066099e-02]
 [7.2295221e+02 7.9249603e+02 7.9981081e-02]
 [7.2512872e+02 7.9249670e+02 1.5827307e-01]]
2020-05-27 21:02:25,807 {<Pose.UNKNOWN: 0>: 2.7511963857800893e-14, <Pose.SITTING: 1>: 1.0, <Pose.STANDING: 2>: 2.3013155617257475e-11}
2020-05-27 21:02:25,807 Passenger 2: SITTING

2020-05-27 21:02:25,808 Passenger3
2020-05-27 21:02:25,809 
[[8.8355316e+02 1.8928613e+02 8.7521893e-01]
 [9.2250848e+02 2.3488004e+02 8.7932801e-01]
 [8.8132300e+02 2.3913049e+02 8.6045289e-01]
 [8.8135486e+02 3.2805731e+02 5.8626264e-01]
 [8.8131567e+02 3.7364612e+02 1.7432843e-01]
 [9.6153778e+02 2.3265060e+02 7.8686553e-01]
 [9.6156500e+02 3.1722949e+02 4.5522881e-01]
 [9.0521753e+02 3.7147534e+02 8.3929926e-02]
 [9.3116821e+02 3.7584811e+02 5.6833851e-01]
 [9.0086200e+02 3.7583493e+02 5.7156402e-01]
 [0.0000000e+00 0.0000000e+00 0.0000000e+00]
 [0.0000000e+00 0.0000000e+00 0.0000000e+00]
 [9.5945447e+02 3.7579904e+02 5.4120225e-01]
 [0.0000000e+00 0.0000000e+00 0.0000000e+00]
 [0.0000000e+00 0.0000000e+00 0.0000000e+00]
 [8.8559705e+02 1.7836943e+02 6.9728637e-01]
 [8.9650659e+02 1.8057803e+02 8.8481474e-01]
 [0.0000000e+00 0.0000000e+00 0.0000000e+00]
 [9.3125134e+02 1.8282193e+02 6.8165433e-01]
 [0.0000000e+00 0.0000000e+00 0.0000000e+00]
 [0.0000000e+00 0.0000000e+00 0.0000000e+00]
 [0.0000000e+00 0.0000000e+00 0.0000000e+00]
 [0.0000000e+00 0.0000000e+00 0.0000000e+00]
 [0.0000000e+00 0.0000000e+00 0.0000000e+00]
 [0.0000000e+00 0.0000000e+00 0.0000000e+00]]
2020-05-27 21:02:25,841 {<Pose.UNKNOWN: 0>: 5.891426098969532e-06, <Pose.SITTING: 1>: 0.0008056458318606019, <Pose.STANDING: 2>: 0.9991884827613831}
2020-05-27 21:02:25,841 Passenger 3: STANDING

2020-05-27 21:02:25,841 Passenger4
2020-05-27 21:02:25,842 
[[8.2064270e+02 1.4363179e+02 9.1887814e-01]
 [7.7507251e+02 1.7846066e+02 8.9326048e-01]
 [7.0343634e+02 1.6752542e+02 8.2486653e-01]
 [6.4923041e+02 2.6518994e+02 8.5508353e-01]
 [7.2293372e+02 2.5866592e+02 6.4303303e-01]
 [8.4876080e+02 1.8924896e+02 8.3657712e-01]
 [8.5962323e+02 3.1722678e+02 7.8957468e-01]
 [8.4447791e+02 3.1729794e+02 6.0042727e-01]
 [7.5558228e+02 3.6285132e+02 6.5086448e-01]
 [7.1204193e+02 3.5848914e+02 5.4268932e-01]
 [6.5349292e+02 3.8452231e+02 4.4281727e-01]
 [6.5138397e+02 5.0163260e+02 1.8217699e-01]
 [8.0319537e+02 3.6500098e+02 6.4796042e-01]
 [0.0000000e+00 0.0000000e+00 0.0000000e+00]
 [0.0000000e+00 0.0000000e+00 0.0000000e+00]
 [8.0978424e+02 1.2417837e+02 8.9539993e-01]
 [8.3365625e+02 1.3060152e+02 9.5261288e-01]
 [7.7725507e+02 9.8136703e+01 9.2155415e-01]
 [0.0000000e+00 0.0000000e+00 0.0000000e+00]
 [0.0000000e+00 0.0000000e+00 0.0000000e+00]
 [0.0000000e+00 0.0000000e+00 0.0000000e+00]
 [0.0000000e+00 0.0000000e+00 0.0000000e+00]
 [0.0000000e+00 0.0000000e+00 0.0000000e+00]
 [0.0000000e+00 0.0000000e+00 0.0000000e+00]
 [6.5999310e+02 5.2547009e+02 7.4809149e-02]]
2020-05-27 21:02:25,867 {<Pose.UNKNOWN: 0>: 1.2146404758731078e-12, <Pose.SITTING: 1>: 1.0, <Pose.STANDING: 2>: 1.2822134465295676e-09}
2020-05-27 21:02:25,867 Passenger 4: SITTING

2020-05-27 21:02:25,867 Passenger5
2020-05-27 21:02:25,868 
[[3.08644501e+02 3.34645874e+02 9.36407268e-01]
 [3.54151886e+02 3.86626434e+02 8.95508528e-01]
 [2.76044434e+02 3.80156433e+02 8.04704309e-01]
 [2.26114700e+02 4.99511932e+02 6.39632761e-01]
 [2.49982269e+02 4.97276825e+02 5.20537734e-01]
 [4.32234497e+02 3.88854614e+02 7.77150333e-01]
 [4.30081726e+02 5.12563782e+02 7.91447699e-01]
 [3.34578278e+02 5.14641174e+02 8.37651491e-01]
 [3.34626892e+02 5.73205872e+02 6.05718076e-01]
 [2.82497955e+02 5.68916077e+02 5.24282694e-01]
 [2.15327530e+02 6.34040955e+02 5.92683017e-01]
 [2.30405350e+02 7.92479004e+02 1.09563604e-01]
 [3.86700439e+02 5.79719482e+02 5.42277515e-01]
 [3.10795319e+02 6.64319397e+02 6.98164523e-01]
 [0.00000000e+00 0.00000000e+00 0.00000000e+00]
 [2.97681824e+02 3.19350494e+02 9.31625366e-01]
 [3.25917450e+02 3.19373901e+02 9.61860895e-01]
 [0.00000000e+00 0.00000000e+00 0.00000000e+00]
 [3.71446167e+02 3.10728394e+02 8.02194118e-01]
 [0.00000000e+00 0.00000000e+00 0.00000000e+00]
 [0.00000000e+00 0.00000000e+00 0.00000000e+00]
 [0.00000000e+00 0.00000000e+00 0.00000000e+00]
 [0.00000000e+00 0.00000000e+00 0.00000000e+00]
 [0.00000000e+00 0.00000000e+00 0.00000000e+00]
 [0.00000000e+00 0.00000000e+00 0.00000000e+00]]
2020-05-27 21:02:25,896 {<Pose.UNKNOWN: 0>: 3.0379611586778266e-12, <Pose.SITTING: 1>: 1.0, <Pose.STANDING: 2>: 3.331209474932706e-10}
2020-05-27 21:02:25,896 Passenger 5: SITTING

2020-05-27 21:02:25,896 Passenger6
2020-05-27 21:02:25,896 
[[1.5013229e+02 3.1936267e+02 9.4364202e-01]
 [1.0025340e+02 3.6934494e+02 8.2405180e-01]
 [2.2167381e+01 3.5845834e+02 6.3697588e-01]
 [4.7364774e+00 4.7997058e+02 6.5090269e-02]
 [4.1680820e+01 5.4933929e+02 7.1746778e-01]
 [1.8493376e+02 3.7589465e+02 7.9169178e-01]
 [1.8276070e+02 5.1034198e+02 3.8237643e-01]
 [1.8272980e+02 4.9298181e+02 3.3319128e-01]
 [6.1261745e+01 5.6238348e+02 5.7266152e-01]
 [4.8045349e+00 5.5370142e+02 5.3094828e-01]
 [4.8300695e+00 6.0362604e+02 8.5377693e-02]
 [0.0000000e+00 0.0000000e+00 0.0000000e+00]
 [1.1331140e+02 5.7109967e+02 5.1057708e-01]
 [1.6100323e+02 6.5572504e+02 7.4829549e-01]
 [0.0000000e+00 0.0000000e+00 0.0000000e+00]
 [1.3075775e+02 2.9987283e+02 9.1803223e-01]
 [1.6110579e+02 3.0203552e+02 9.2430747e-01]
 [8.0846817e+01 2.8680237e+02 9.1697180e-01]
 [0.0000000e+00 0.0000000e+00 0.0000000e+00]
 [0.0000000e+00 0.0000000e+00 0.0000000e+00]
 [0.0000000e+00 0.0000000e+00 0.0000000e+00]
 [0.0000000e+00 0.0000000e+00 0.0000000e+00]
 [0.0000000e+00 0.0000000e+00 0.0000000e+00]
 [0.0000000e+00 0.0000000e+00 0.0000000e+00]
 [0.0000000e+00 0.0000000e+00 0.0000000e+00]]
2020-05-27 21:02:25,923 {<Pose.UNKNOWN: 0>: 1.7015149705867927e-11, <Pose.SITTING: 1>: 1.0, <Pose.STANDING: 2>: 9.393836819526769e-10}
2020-05-27 21:02:25,923 Passenger 6: SITTING

2020-05-27 21:02:25,923 Passenger7
2020-05-27 21:02:25,924 
[[315.05255    141.47653      0.9211492 ]
 [319.50125    187.14651      0.90723956]
 [254.39877    187.12415      0.8335372 ]
 [230.43076    302.04797      0.76345426]
 [276.06992    262.98264      0.8243185 ]
 [388.8985     189.30756      0.8904433 ]
 [421.41348    295.56744      0.9123096 ]
 [360.59677    254.35698      0.78827804]
 [325.87698    360.63895      0.5730492 ]
 [282.53738    362.85168      0.52671635]
 [  0.           0.           0.        ]
 [  0.           0.           0.        ]
 [371.4498     362.79822      0.48471582]
 [  0.           0.           0.        ]
 [  0.           0.           0.        ]
 [299.92554    128.44455      0.9730412 ]
 [326.00046    126.256256     0.9180215 ]
 [282.5789     126.307396     0.6985879 ]
 [351.87463    115.50913      0.8379237 ]
 [  0.           0.           0.        ]
 [  0.           0.           0.        ]
 [  0.           0.           0.        ]
 [  0.           0.           0.        ]
 [  0.           0.           0.        ]
 [  0.           0.           0.        ]]
2020-05-27 21:02:25,949 {<Pose.UNKNOWN: 0>: 1.0847863052276807e-07, <Pose.SITTING: 1>: 0.9999504089355469, <Pose.STANDING: 2>: 4.9456724809715524e-05}
2020-05-27 21:02:25,949 Passenger 7: SITTING

2020-05-27 21:02:25,949 Passenger8
2020-05-27 21:02:25,951 
[[3.9106769e+02 9.5950516e+01 9.2573661e-01]
 [3.9315524e+02 1.4373735e+02 8.7098914e-01]
 [3.4543637e+02 1.4587868e+02 8.1276453e-01]
 [0.0000000e+00 0.0000000e+00 0.0000000e+00]
 [0.0000000e+00 0.0000000e+00 0.0000000e+00]
 [4.4092761e+02 1.4371979e+02 9.0960932e-01]
 [4.5388992e+02 2.0224345e+02 7.6565981e-01]
 [3.9540793e+02 2.0441513e+02 3.0979672e-01]
 [3.8885022e+02 2.4784625e+02 9.1861106e-02]
 [3.6062766e+02 2.3912538e+02 5.9235409e-02]
 [0.0000000e+00 0.0000000e+00 0.0000000e+00]
 [0.0000000e+00 0.0000000e+00 0.0000000e+00]
 [4.1705173e+02 2.5215443e+02 2.6050866e-01]
 [4.5611789e+02 2.1312306e+02 7.6306331e-01]
 [4.4089062e+02 3.1944421e+02 1.9663344e-01]
 [3.8011536e+02 8.7254417e+01 8.8890481e-01]
 [4.0183633e+02 8.2941696e+01 9.3036950e-01]
 [3.5852893e+02 9.3832878e+01 8.3056295e-01]
 [4.1273108e+02 8.9375366e+01 7.3444778e-01]
 [0.0000000e+00 0.0000000e+00 0.0000000e+00]
 [0.0000000e+00 0.0000000e+00 0.0000000e+00]
 [0.0000000e+00 0.0000000e+00 0.0000000e+00]
 [0.0000000e+00 0.0000000e+00 0.0000000e+00]
 [0.0000000e+00 0.0000000e+00 0.0000000e+00]
 [0.0000000e+00 0.0000000e+00 0.0000000e+00]]
2020-05-27 21:02:25,978 {<Pose.UNKNOWN: 0>: 6.943617902877008e-10, <Pose.SITTING: 1>: 1.0, <Pose.STANDING: 2>: 3.2519171355716026e-08}
2020-05-27 21:02:25,978 Passenger 8: SITTING

2020-05-27 21:02:25,978 Passenger9
2020-05-27 21:02:25,979 
[[1.0396885e+03 5.6453369e+02 8.5860622e-01]
 [9.9411493e+02 6.5140393e+02 6.0569680e-01]
 [8.7043866e+02 6.5568970e+02 6.4106476e-01]
 [8.5963904e+02 7.9247180e+02 5.9442531e-02]
 [0.0000000e+00 0.0000000e+00 0.0000000e+00]
 [1.1004545e+03 6.5355029e+02 4.7638431e-01]
 [0.0000000e+00 0.0000000e+00 0.0000000e+00]
 [0.0000000e+00 0.0000000e+00 0.0000000e+00]
 [0.0000000e+00 0.0000000e+00 0.0000000e+00]
 [0.0000000e+00 0.0000000e+00 0.0000000e+00]
 [0.0000000e+00 0.0000000e+00 0.0000000e+00]
 [0.0000000e+00 0.0000000e+00 0.0000000e+00]
 [0.0000000e+00 0.0000000e+00 0.0000000e+00]
 [0.0000000e+00 0.0000000e+00 0.0000000e+00]
 [0.0000000e+00 0.0000000e+00 0.0000000e+00]
 [1.0072135e+03 5.3427325e+02 8.8658512e-01]
 [1.0635168e+03 5.3198254e+02 8.5291135e-01]
 [9.5079114e+02 5.2768030e+02 6.0253251e-01]
 [1.0960441e+03 5.2550299e+02 5.6260679e-02]
 [0.0000000e+00 0.0000000e+00 0.0000000e+00]
 [0.0000000e+00 0.0000000e+00 0.0000000e+00]
 [0.0000000e+00 0.0000000e+00 0.0000000e+00]
 [0.0000000e+00 0.0000000e+00 0.0000000e+00]
 [0.0000000e+00 0.0000000e+00 0.0000000e+00]
 [0.0000000e+00 0.0000000e+00 0.0000000e+00]]
2020-05-27 21:02:26,007 {<Pose.UNKNOWN: 0>: 1.0, <Pose.SITTING: 1>: 2.798667002644153e-17, <Pose.STANDING: 2>: 1.2391439802961028e-14}
2020-05-27 21:02:26,007 Passenger 9: UNKNOWN

2020-05-27 21:02:26,007 Passenger10
2020-05-27 21:02:26,008 
[[1.0245620e+03 3.4119357e+02 8.9649540e-01]
 [1.0332111e+03 4.1484702e+02 5.6708115e-01]
 [9.7023199e+02 4.1701331e+02 4.9237198e-01]
 [0.0000000e+00 0.0000000e+00 0.0000000e+00]
 [0.0000000e+00 0.0000000e+00 0.0000000e+00]
 [1.1004207e+03 4.1275485e+02 5.6498039e-01]
 [0.0000000e+00 0.0000000e+00 0.0000000e+00]
 [0.0000000e+00 0.0000000e+00 0.0000000e+00]
 [0.0000000e+00 0.0000000e+00 0.0000000e+00]
 [0.0000000e+00 0.0000000e+00 0.0000000e+00]
 [0.0000000e+00 0.0000000e+00 0.0000000e+00]
 [0.0000000e+00 0.0000000e+00 0.0000000e+00]
 [0.0000000e+00 0.0000000e+00 0.0000000e+00]
 [0.0000000e+00 0.0000000e+00 0.0000000e+00]
 [0.0000000e+00 0.0000000e+00 0.0000000e+00]
 [1.0093668e+03 3.3242209e+02 8.8642323e-01]
 [1.0375665e+03 3.2597253e+02 8.8959384e-01]
 [9.9410864e+02 3.4979285e+02 7.2290635e-01]
 [1.0657021e+03 3.3684979e+02 8.4406090e-01]
 [0.0000000e+00 0.0000000e+00 0.0000000e+00]
 [0.0000000e+00 0.0000000e+00 0.0000000e+00]
 [0.0000000e+00 0.0000000e+00 0.0000000e+00]
 [0.0000000e+00 0.0000000e+00 0.0000000e+00]
 [0.0000000e+00 0.0000000e+00 0.0000000e+00]
 [0.0000000e+00 0.0000000e+00 0.0000000e+00]]
2020-05-27 21:02:26,036 {<Pose.UNKNOWN: 0>: 1.0, <Pose.SITTING: 1>: 1.7264662282300578e-17, <Pose.STANDING: 2>: 7.367693322026404e-15}
2020-05-27 21:02:26,036 Passenger 10: UNKNOWN

2020-05-27 21:02:26,036 Passenger11
2020-05-27 21:02:26,037 
[[1.2176401e+03 6.9043884e+02 7.5698805e-01]
 [1.1329724e+03 7.9242419e+02 1.7779684e-01]
 [9.7896307e+02 7.9244110e+02 2.3862319e-01]
 [0.0000000e+00 0.0000000e+00 0.0000000e+00]
 [0.0000000e+00 0.0000000e+00 0.0000000e+00]
 [1.2783624e+03 7.6414905e+02 1.3399807e-01]
 [0.0000000e+00 0.0000000e+00 0.0000000e+00]
 [0.0000000e+00 0.0000000e+00 0.0000000e+00]
 [0.0000000e+00 0.0000000e+00 0.0000000e+00]
 [0.0000000e+00 0.0000000e+00 0.0000000e+00]
 [0.0000000e+00 0.0000000e+00 0.0000000e+00]
 [0.0000000e+00 0.0000000e+00 0.0000000e+00]
 [0.0000000e+00 0.0000000e+00 0.0000000e+00]
 [0.0000000e+00 0.0000000e+00 0.0000000e+00]
 [0.0000000e+00 0.0000000e+00 0.0000000e+00]
 [1.1763986e+03 6.4489160e+02 8.3170688e-01]
 [1.2544509e+03 6.5135370e+02 8.3512610e-01]
 [1.0939214e+03 5.9277655e+02 7.7880925e-01]
 [0.0000000e+00 0.0000000e+00 0.0000000e+00]
 [0.0000000e+00 0.0000000e+00 0.0000000e+00]
 [0.0000000e+00 0.0000000e+00 0.0000000e+00]
 [0.0000000e+00 0.0000000e+00 0.0000000e+00]
 [0.0000000e+00 0.0000000e+00 0.0000000e+00]
 [0.0000000e+00 0.0000000e+00 0.0000000e+00]
 [0.0000000e+00 0.0000000e+00 0.0000000e+00]]
2020-05-27 21:02:26,064 {<Pose.UNKNOWN: 0>: 1.0, <Pose.SITTING: 1>: 4.819896229743399e-18, <Pose.STANDING: 2>: 2.773312500736194e-15}
2020-05-27 21:02:26,064 Passenger 11: UNKNOWN

2020-05-27 21:02:26,064 Passenger12
2020-05-27 21:02:26,065 
[[6.5568439e+02 1.0029455e+02 9.0047163e-01]
 [6.6867303e+02 1.5231294e+02 5.0148472e-02]
 [6.2096234e+02 1.5667557e+02 7.8420222e-01]
 [0.0000000e+00 0.0000000e+00 0.0000000e+00]
 [0.0000000e+00 0.0000000e+00 0.0000000e+00]
 [0.0000000e+00 0.0000000e+00 0.0000000e+00]
 [0.0000000e+00 0.0000000e+00 0.0000000e+00]
 [0.0000000e+00 0.0000000e+00 0.0000000e+00]
 [0.0000000e+00 0.0000000e+00 0.0000000e+00]
 [0.0000000e+00 0.0000000e+00 0.0000000e+00]
 [0.0000000e+00 0.0000000e+00 0.0000000e+00]
 [0.0000000e+00 0.0000000e+00 0.0000000e+00]
 [0.0000000e+00 0.0000000e+00 0.0000000e+00]
 [0.0000000e+00 0.0000000e+00 0.0000000e+00]
 [0.0000000e+00 0.0000000e+00 0.0000000e+00]
 [6.5144360e+02 8.9461655e+01 8.9900821e-01]
 [6.6878320e+02 9.1682899e+01 9.1723740e-01]
 [0.0000000e+00 0.0000000e+00 0.0000000e+00]
 [7.0126660e+02 1.0246909e+02 7.2692432e-02]
 [0.0000000e+00 0.0000000e+00 0.0000000e+00]
 [0.0000000e+00 0.0000000e+00 0.0000000e+00]
 [0.0000000e+00 0.0000000e+00 0.0000000e+00]
 [0.0000000e+00 0.0000000e+00 0.0000000e+00]
 [0.0000000e+00 0.0000000e+00 0.0000000e+00]
 [0.0000000e+00 0.0000000e+00 0.0000000e+00]]
2020-05-27 21:02:26,097 {<Pose.UNKNOWN: 0>: 1.0, <Pose.SITTING: 1>: 3.246880566461268e-18, <Pose.STANDING: 2>: 1.9525422335279867e-15}
2020-05-27 21:02:26,098 Passenger 12: UNKNOWN

2020-05-27 21:02:26,125 C:\Users\User\OneDrive - Nanyang Technological University\Data Analytics\Human Activity Recognition\images\Subway\processed\20200527-210212-00003.jpg
2020-05-27 21:02:26,125 Successfully saved

